{"/home/bts/Desktop/prompt-history/APIrest/app.js": {"path":"/home/bts/Desktop/prompt-history/APIrest/app.js","statementMap":{"0":{"start":{"line":1,"column":16},"end":{"line":1,"column":34}},"1":{"start":{"line":2,"column":22},"end":{"line":2,"column":58}},"2":{"start":{"line":3,"column":12},"end":{"line":3,"column":21}},"3":{"start":{"line":4,"column":13},"end":{"line":4,"column":17}},"4":{"start":{"line":5,"column":18},"end":{"line":5,"column":47}},"5":{"start":{"line":6,"column":24},"end":{"line":6,"column":54}},"6":{"start":{"line":7,"column":21},"end":{"line":7,"column":53}},"7":{"start":{"line":10,"column":0},"end":{"line":10,"column":24}},"8":{"start":{"line":11,"column":0},"end":{"line":11,"column":36}},"9":{"start":{"line":12,"column":0},"end":{"line":12,"column":34}},"10":{"start":{"line":13,"column":0},"end":{"line":13,"column":72}},"11":{"start":{"line":15,"column":0},"end":{"line":17,"column":3}},"12":{"start":{"line":16,"column":2},"end":{"line":16,"column":33}},"13":{"start":{"line":19,"column":0},"end":{"line":21,"column":5}},"14":{"start":{"line":20,"column":4},"end":{"line":20,"column":66}},"15":{"start":{"line":23,"column":2},"end":{"line":23,"column":23}}},"fnMap":{"0":{"name":"(anonymous_0)","decl":{"start":{"line":15,"column":13},"end":{"line":15,"column":14}},"loc":{"start":{"line":15,"column":27},"end":{"line":17,"column":1}},"line":15},"1":{"name":"(anonymous_1)","decl":{"start":{"line":19,"column":17},"end":{"line":19,"column":18}},"loc":{"start":{"line":19,"column":23},"end":{"line":21,"column":3}},"line":19}},"branchMap":{},"s":{"0":2,"1":2,"2":2,"3":2,"4":2,"5":2,"6":2,"7":2,"8":2,"9":2,"10":2,"11":2,"12":0,"13":2,"14":2,"15":2},"f":{"0":0,"1":2},"b":{},"_coverageSchema":"1a1c01bbd47fc00a2c39e90264f33305004495a9","hash":"0caf983931157123b161df2be2441167c17d82a5"}
,"/home/bts/Desktop/prompt-history/APIrest/controllers/courseController.js": {"path":"/home/bts/Desktop/prompt-history/APIrest/controllers/courseController.js","statementMap":{"0":{"start":{"line":1,"column":11},"end":{"line":1,"column":24}},"1":{"start":{"line":2,"column":13},"end":{"line":2,"column":28}},"2":{"start":{"line":4,"column":15},"end":{"line":4,"column":54}},"3":{"start":{"line":5,"column":19},"end":{"line":5,"column":63}},"4":{"start":{"line":9,"column":15},"end":{"line":9,"column":46}},"5":{"start":{"line":10,"column":2},"end":{"line":10,"column":26}},"6":{"start":{"line":15,"column":2},"end":{"line":15,"column":58}},"7":{"start":{"line":20,"column":2},"end":{"line":22,"column":3}},"8":{"start":{"line":21,"column":4},"end":{"line":21,"column":53}},"9":{"start":{"line":23,"column":15},"end":{"line":23,"column":50}},"10":{"start":{"line":24,"column":2},"end":{"line":24,"column":26}},"11":{"start":{"line":29,"column":2},"end":{"line":29,"column":65}},"12":{"start":{"line":33,"column":0},"end":{"line":62,"column":2}},"13":{"start":{"line":34,"column":21},"end":{"line":34,"column":29}},"14":{"start":{"line":35,"column":2},"end":{"line":41,"column":3}},"15":{"start":{"line":36,"column":4},"end":{"line":40,"column":7}},"16":{"start":{"line":43,"column":21},"end":{"line":43,"column":48}},"17":{"start":{"line":44,"column":18},"end":{"line":44,"column":31}},"18":{"start":{"line":46,"column":2},"end":{"line":52,"column":3}},"19":{"start":{"line":46,"column":24},"end":{"line":46,"column":59}},"20":{"start":{"line":47,"column":4},"end":{"line":51,"column":7}},"21":{"start":{"line":54,"column":2},"end":{"line":54,"column":51}},"22":{"start":{"line":55,"column":2},"end":{"line":55,"column":24}},"23":{"start":{"line":57,"column":2},"end":{"line":61,"column":5}},"24":{"start":{"line":65,"column":0},"end":{"line":99,"column":2}},"25":{"start":{"line":66,"column":17},"end":{"line":66,"column":54}},"26":{"start":{"line":67,"column":2},"end":{"line":73,"column":3}},"27":{"start":{"line":68,"column":4},"end":{"line":72,"column":7}},"28":{"start":{"line":75,"column":21},"end":{"line":75,"column":48}},"29":{"start":{"line":76,"column":18},"end":{"line":76,"column":31}},"30":{"start":{"line":78,"column":20},"end":{"line":78,"column":74}},"31":{"start":{"line":78,"column":38},"end":{"line":78,"column":73}},"32":{"start":{"line":79,"column":2},"end":{"line":85,"column":3}},"33":{"start":{"line":80,"column":4},"end":{"line":84,"column":7}},"34":{"start":{"line":87,"column":19},"end":{"line":87,"column":33}},"35":{"start":{"line":90,"column":19},"end":{"line":92,"column":3}},"36":{"start":{"line":91,"column":4},"end":{"line":91,"column":70}},"37":{"start":{"line":91,"column":28},"end":{"line":91,"column":69}},"38":{"start":{"line":94,"column":2},"end":{"line":98,"column":5}},"39":{"start":{"line":102,"column":0},"end":{"line":141,"column":2}},"40":{"start":{"line":103,"column":17},"end":{"line":103,"column":54}},"41":{"start":{"line":104,"column":2},"end":{"line":110,"column":3}},"42":{"start":{"line":105,"column":4},"end":{"line":109,"column":7}},"43":{"start":{"line":112,"column":21},"end":{"line":112,"column":48}},"44":{"start":{"line":113,"column":16},"end":{"line":113,"column":29}},"45":{"start":{"line":115,"column":22},"end":{"line":115,"column":81}},"46":{"start":{"line":115,"column":45},"end":{"line":115,"column":80}},"47":{"start":{"line":116,"column":2},"end":{"line":122,"column":3}},"48":{"start":{"line":117,"column":4},"end":{"line":121,"column":7}},"49":{"start":{"line":125,"column":17},"end":{"line":125,"column":31}},"50":{"start":{"line":126,"column":2},"end":{"line":129,"column":5}},"51":{"start":{"line":127,"column":4},"end":{"line":127,"column":77}},"52":{"start":{"line":127,"column":38},"end":{"line":127,"column":75}},"53":{"start":{"line":128,"column":4},"end":{"line":128,"column":13}},"54":{"start":{"line":130,"column":2},"end":{"line":130,"column":26}},"55":{"start":{"line":133,"column":2},"end":{"line":133,"column":33}},"56":{"start":{"line":134,"column":2},"end":{"line":134,"column":24}},"57":{"start":{"line":136,"column":2},"end":{"line":140,"column":5}}},"fnMap":{"0":{"name":"readStudents","decl":{"start":{"line":8,"column":9},"end":{"line":8,"column":21}},"loc":{"start":{"line":8,"column":24},"end":{"line":11,"column":1}},"line":8},"1":{"name":"writeStudents","decl":{"start":{"line":14,"column":9},"end":{"line":14,"column":22}},"loc":{"start":{"line":14,"column":29},"end":{"line":16,"column":1}},"line":14},"2":{"name":"readCourses","decl":{"start":{"line":19,"column":9},"end":{"line":19,"column":20}},"loc":{"start":{"line":19,"column":23},"end":{"line":25,"column":1}},"line":19},"3":{"name":"writeCourses","decl":{"start":{"line":28,"column":9},"end":{"line":28,"column":21}},"loc":{"start":{"line":28,"column":31},"end":{"line":30,"column":1}},"line":28},"4":{"name":"(anonymous_4)","decl":{"start":{"line":33,"column":23},"end":{"line":33,"column":24}},"loc":{"start":{"line":33,"column":37},"end":{"line":62,"column":1}},"line":33},"5":{"name":"(anonymous_5)","decl":{"start":{"line":46,"column":19},"end":{"line":46,"column":20}},"loc":{"start":{"line":46,"column":24},"end":{"line":46,"column":59}},"line":46},"6":{"name":"(anonymous_6)","decl":{"start":{"line":65,"column":28},"end":{"line":65,"column":29}},"loc":{"start":{"line":65,"column":42},"end":{"line":99,"column":1}},"line":65},"7":{"name":"(anonymous_7)","decl":{"start":{"line":78,"column":33},"end":{"line":78,"column":34}},"loc":{"start":{"line":78,"column":38},"end":{"line":78,"column":73}},"line":78},"8":{"name":"(anonymous_8)","decl":{"start":{"line":90,"column":35},"end":{"line":90,"column":36}},"loc":{"start":{"line":91,"column":4},"end":{"line":91,"column":70}},"line":91},"9":{"name":"(anonymous_9)","decl":{"start":{"line":91,"column":19},"end":{"line":91,"column":20}},"loc":{"start":{"line":91,"column":28},"end":{"line":91,"column":69}},"line":91},"10":{"name":"(anonymous_10)","decl":{"start":{"line":102,"column":23},"end":{"line":102,"column":24}},"loc":{"start":{"line":102,"column":37},"end":{"line":141,"column":1}},"line":102},"11":{"name":"(anonymous_11)","decl":{"start":{"line":115,"column":40},"end":{"line":115,"column":41}},"loc":{"start":{"line":115,"column":45},"end":{"line":115,"column":80}},"line":115},"12":{"name":"(anonymous_12)","decl":{"start":{"line":126,"column":26},"end":{"line":126,"column":27}},"loc":{"start":{"line":126,"column":31},"end":{"line":129,"column":3}},"line":126},"13":{"name":"(anonymous_13)","decl":{"start":{"line":127,"column":33},"end":{"line":127,"column":34}},"loc":{"start":{"line":127,"column":38},"end":{"line":127,"column":75}},"line":127}},"branchMap":{"0":{"loc":{"start":{"line":20,"column":2},"end":{"line":22,"column":3}},"type":"if","locations":[{"start":{"line":20,"column":2},"end":{"line":22,"column":3}},{"start":{},"end":{}}],"line":20},"1":{"loc":{"start":{"line":35,"column":2},"end":{"line":41,"column":3}},"type":"if","locations":[{"start":{"line":35,"column":2},"end":{"line":41,"column":3}},{"start":{},"end":{}}],"line":35},"2":{"loc":{"start":{"line":35,"column":6},"end":{"line":35,"column":67}},"type":"binary-expr","locations":[{"start":{"line":35,"column":6},"end":{"line":35,"column":13}},{"start":{"line":35,"column":17},"end":{"line":35,"column":43}},{"start":{"line":35,"column":47},"end":{"line":35,"column":67}}],"line":35},"3":{"loc":{"start":{"line":46,"column":2},"end":{"line":52,"column":3}},"type":"if","locations":[{"start":{"line":46,"column":2},"end":{"line":52,"column":3}},{"start":{},"end":{}}],"line":46},"4":{"loc":{"start":{"line":66,"column":17},"end":{"line":66,"column":54}},"type":"binary-expr","locations":[{"start":{"line":66,"column":17},"end":{"line":66,"column":34}},{"start":{"line":66,"column":38},"end":{"line":66,"column":54}}],"line":66},"5":{"loc":{"start":{"line":67,"column":2},"end":{"line":73,"column":3}},"type":"if","locations":[{"start":{"line":67,"column":2},"end":{"line":73,"column":3}},{"start":{},"end":{}}],"line":67},"6":{"loc":{"start":{"line":67,"column":6},"end":{"line":67,"column":67}},"type":"binary-expr","locations":[{"start":{"line":67,"column":6},"end":{"line":67,"column":13}},{"start":{"line":67,"column":17},"end":{"line":67,"column":43}},{"start":{"line":67,"column":47},"end":{"line":67,"column":67}}],"line":67},"7":{"loc":{"start":{"line":79,"column":2},"end":{"line":85,"column":3}},"type":"if","locations":[{"start":{"line":79,"column":2},"end":{"line":85,"column":3}},{"start":{},"end":{}}],"line":79},"8":{"loc":{"start":{"line":103,"column":17},"end":{"line":103,"column":54}},"type":"binary-expr","locations":[{"start":{"line":103,"column":17},"end":{"line":103,"column":34}},{"start":{"line":103,"column":38},"end":{"line":103,"column":54}}],"line":103},"9":{"loc":{"start":{"line":104,"column":2},"end":{"line":110,"column":3}},"type":"if","locations":[{"start":{"line":104,"column":2},"end":{"line":110,"column":3}},{"start":{},"end":{}}],"line":104},"10":{"loc":{"start":{"line":104,"column":6},"end":{"line":104,"column":67}},"type":"binary-expr","locations":[{"start":{"line":104,"column":6},"end":{"line":104,"column":13}},{"start":{"line":104,"column":17},"end":{"line":104,"column":43}},{"start":{"line":104,"column":47},"end":{"line":104,"column":67}}],"line":104},"11":{"loc":{"start":{"line":116,"column":2},"end":{"line":122,"column":3}},"type":"if","locations":[{"start":{"line":116,"column":2},"end":{"line":122,"column":3}},{"start":{},"end":{}}],"line":116}},"s":{"0":2,"1":2,"2":2,"3":2,"4":2,"5":2,"6":1,"7":6,"8":0,"9":6,"10":6,"11":2,"12":2,"13":3,"14":3,"15":1,"16":2,"17":2,"18":2,"19":3,"20":1,"21":1,"22":1,"23":1,"24":2,"25":3,"26":3,"27":1,"28":2,"29":2,"30":2,"31":2,"32":2,"33":1,"34":1,"35":1,"36":2,"37":2,"38":1,"39":2,"40":2,"41":2,"42":0,"43":2,"44":2,"45":2,"46":2,"47":2,"48":1,"49":1,"50":1,"51":2,"52":3,"53":2,"54":1,"55":1,"56":1,"57":1},"f":{"0":2,"1":1,"2":6,"3":2,"4":3,"5":3,"6":3,"7":2,"8":2,"9":2,"10":2,"11":2,"12":2,"13":3},"b":{"0":[0,6],"1":[1,2],"2":[3,2,2],"3":[1,1],"4":[3,3],"5":[1,2],"6":[3,2,2],"7":[1,1],"8":[2,2],"9":[0,2],"10":[2,2,2],"11":[1,1]},"_coverageSchema":"1a1c01bbd47fc00a2c39e90264f33305004495a9","hash":"37e03f6d703ce286c5a7beb5681ddb03145100e4"}
,"/home/bts/Desktop/prompt-history/APIrest/controllers/studentController.js": {"path":"/home/bts/Desktop/prompt-history/APIrest/controllers/studentController.js","statementMap":{"0":{"start":{"line":1,"column":11},"end":{"line":1,"column":24}},"1":{"start":{"line":2,"column":13},"end":{"line":2,"column":28}},"2":{"start":{"line":3,"column":23},"end":{"line":3,"column":38}},"3":{"start":{"line":4,"column":12},"end":{"line":4,"column":26}},"4":{"start":{"line":5,"column":19},"end":{"line":5,"column":41}},"5":{"start":{"line":6,"column":12},"end":{"line":6,"column":40}},"6":{"start":{"line":8,"column":0},"end":{"line":8,"column":16}},"7":{"start":{"line":10,"column":15},"end":{"line":10,"column":54}},"8":{"start":{"line":11,"column":19},"end":{"line":11,"column":63}},"9":{"start":{"line":13,"column":19},"end":{"line":13,"column":50}},"10":{"start":{"line":16,"column":22},"end":{"line":29,"column":1}},"11":{"start":{"line":31,"column":24},"end":{"line":31,"column":50}},"12":{"start":{"line":33,"column":28},"end":{"line":36,"column":1}},"13":{"start":{"line":34,"column":21},"end":{"line":34,"column":57}},"14":{"start":{"line":34,"column":34},"end":{"line":34,"column":56}},"15":{"start":{"line":35,"column":2},"end":{"line":35,"column":56}},"16":{"start":{"line":40,"column":15},"end":{"line":40,"column":46}},"17":{"start":{"line":41,"column":2},"end":{"line":41,"column":26}},"18":{"start":{"line":46,"column":2},"end":{"line":46,"column":58}},"19":{"start":{"line":51,"column":2},"end":{"line":53,"column":3}},"20":{"start":{"line":52,"column":4},"end":{"line":52,"column":53}},"21":{"start":{"line":54,"column":15},"end":{"line":54,"column":50}},"22":{"start":{"line":55,"column":2},"end":{"line":55,"column":26}},"23":{"start":{"line":60,"column":2},"end":{"line":60,"column":65}},"24":{"start":{"line":65,"column":26},"end":{"line":65,"column":71}},"25":{"start":{"line":65,"column":48},"end":{"line":65,"column":70}},"26":{"start":{"line":66,"column":2},"end":{"line":70,"column":3}},"27":{"start":{"line":67,"column":4},"end":{"line":69,"column":5}},"28":{"start":{"line":67,"column":36},"end":{"line":67,"column":67}},"29":{"start":{"line":68,"column":6},"end":{"line":68,"column":15}},"30":{"start":{"line":71,"column":2},"end":{"line":71,"column":14}},"31":{"start":{"line":75,"column":0},"end":{"line":109,"column":2}},"32":{"start":{"line":76,"column":19},"end":{"line":76,"column":29}},"33":{"start":{"line":77,"column":38},"end":{"line":77,"column":47}},"34":{"start":{"line":79,"column":17},"end":{"line":79,"column":25}},"35":{"start":{"line":81,"column":2},"end":{"line":83,"column":3}},"36":{"start":{"line":82,"column":4},"end":{"line":82,"column":49}},"37":{"start":{"line":82,"column":36},"end":{"line":82,"column":47}},"38":{"start":{"line":84,"column":2},"end":{"line":86,"column":3}},"39":{"start":{"line":85,"column":4},"end":{"line":85,"column":87}},"40":{"start":{"line":85,"column":36},"end":{"line":85,"column":85}},"41":{"start":{"line":87,"column":2},"end":{"line":89,"column":3}},"42":{"start":{"line":88,"column":4},"end":{"line":88,"column":83}},"43":{"start":{"line":88,"column":36},"end":{"line":88,"column":81}},"44":{"start":{"line":90,"column":2},"end":{"line":94,"column":3}},"45":{"start":{"line":91,"column":4},"end":{"line":93,"column":6}},"46":{"start":{"line":92,"column":6},"end":{"line":92,"column":86}},"47":{"start":{"line":92,"column":25},"end":{"line":92,"column":47}},"48":{"start":{"line":96,"column":2},"end":{"line":102,"column":3}},"49":{"start":{"line":97,"column":4},"end":{"line":101,"column":7}},"50":{"start":{"line":104,"column":2},"end":{"line":108,"column":5}},"51":{"start":{"line":112,"column":0},"end":{"line":238,"column":2}},"52":{"start":{"line":113,"column":19},"end":{"line":113,"column":29}},"53":{"start":{"line":114,"column":18},"end":{"line":114,"column":31}},"54":{"start":{"line":115,"column":15},"end":{"line":115,"column":23}},"55":{"start":{"line":117,"column":2},"end":{"line":123,"column":3}},"56":{"start":{"line":118,"column":4},"end":{"line":122,"column":7}},"57":{"start":{"line":125,"column":2},"end":{"line":131,"column":3}},"58":{"start":{"line":126,"column":4},"end":{"line":130,"column":7}},"59":{"start":{"line":133,"column":2},"end":{"line":139,"column":3}},"60":{"start":{"line":133,"column":27},"end":{"line":133,"column":84}},"61":{"start":{"line":134,"column":4},"end":{"line":138,"column":7}},"62":{"start":{"line":141,"column":22},"end":{"line":141,"column":38}},"63":{"start":{"line":142,"column":16},"end":{"line":142,"column":47}},"64":{"start":{"line":143,"column":23},"end":{"line":143,"column":35}},"65":{"start":{"line":145,"column":2},"end":{"line":151,"column":3}},"66":{"start":{"line":146,"column":4},"end":{"line":150,"column":7}},"67":{"start":{"line":153,"column":2},"end":{"line":159,"column":3}},"68":{"start":{"line":154,"column":4},"end":{"line":158,"column":7}},"69":{"start":{"line":161,"column":2},"end":{"line":167,"column":3}},"70":{"start":{"line":162,"column":4},"end":{"line":166,"column":7}},"71":{"start":{"line":169,"column":2},"end":{"line":175,"column":3}},"72":{"start":{"line":170,"column":4},"end":{"line":174,"column":7}},"73":{"start":{"line":177,"column":2},"end":{"line":183,"column":3}},"74":{"start":{"line":177,"column":31},"end":{"line":177,"column":71}},"75":{"start":{"line":178,"column":4},"end":{"line":182,"column":7}},"76":{"start":{"line":185,"column":2},"end":{"line":191,"column":3}},"77":{"start":{"line":185,"column":31},"end":{"line":185,"column":65}},"78":{"start":{"line":186,"column":4},"end":{"line":190,"column":7}},"79":{"start":{"line":193,"column":2},"end":{"line":199,"column":3}},"80":{"start":{"line":194,"column":4},"end":{"line":198,"column":7}},"81":{"start":{"line":202,"column":28},"end":{"line":202,"column":73}},"82":{"start":{"line":202,"column":50},"end":{"line":202,"column":72}},"83":{"start":{"line":203,"column":25},"end":{"line":205,"column":3}},"84":{"start":{"line":204,"column":9},"end":{"line":204,"column":65}},"85":{"start":{"line":204,"column":33},"end":{"line":204,"column":64}},"86":{"start":{"line":206,"column":2},"end":{"line":212,"column":3}},"87":{"start":{"line":207,"column":4},"end":{"line":211,"column":7}},"88":{"start":{"line":214,"column":21},"end":{"line":219,"column":3}},"89":{"start":{"line":221,"column":2},"end":{"line":221,"column":28}},"90":{"start":{"line":222,"column":2},"end":{"line":222,"column":22}},"91":{"start":{"line":225,"column":2},"end":{"line":230,"column":5}},"92":{"start":{"line":226,"column":19},"end":{"line":226,"column":68}},"93":{"start":{"line":226,"column":37},"end":{"line":226,"column":67}},"94":{"start":{"line":227,"column":4},"end":{"line":229,"column":5}},"95":{"start":{"line":228,"column":6},"end":{"line":228,"column":34}},"96":{"start":{"line":231,"column":2},"end":{"line":231,"column":24}},"97":{"start":{"line":233,"column":2},"end":{"line":237,"column":5}},"98":{"start":{"line":241,"column":0},"end":{"line":399,"column":2}},"99":{"start":{"line":242,"column":19},"end":{"line":242,"column":29}},"100":{"start":{"line":243,"column":18},"end":{"line":243,"column":31}},"101":{"start":{"line":244,"column":24},"end":{"line":244,"column":33}},"102":{"start":{"line":246,"column":2},"end":{"line":252,"column":3}},"103":{"start":{"line":247,"column":4},"end":{"line":251,"column":7}},"104":{"start":{"line":254,"column":14},"end":{"line":254,"column":16}},"105":{"start":{"line":255,"column":2},"end":{"line":256,"column":97}},"106":{"start":{"line":255,"column":10},"end":{"line":255,"column":55}},"107":{"start":{"line":255,"column":42},"end":{"line":255,"column":53}},"108":{"start":{"line":256,"column":7},"end":{"line":256,"column":97}},"109":{"start":{"line":256,"column":18},"end":{"line":256,"column":97}},"110":{"start":{"line":256,"column":50},"end":{"line":256,"column":95}},"111":{"start":{"line":258,"column":2},"end":{"line":260,"column":3}},"112":{"start":{"line":259,"column":4},"end":{"line":259,"column":91}},"113":{"start":{"line":262,"column":15},"end":{"line":262,"column":23}},"114":{"start":{"line":264,"column":2},"end":{"line":270,"column":3}},"115":{"start":{"line":265,"column":4},"end":{"line":269,"column":7}},"116":{"start":{"line":272,"column":2},"end":{"line":278,"column":3}},"117":{"start":{"line":273,"column":4},"end":{"line":277,"column":7}},"118":{"start":{"line":280,"column":22},"end":{"line":280,"column":38}},"119":{"start":{"line":281,"column":23},"end":{"line":281,"column":54}},"120":{"start":{"line":282,"column":23},"end":{"line":282,"column":35}},"121":{"start":{"line":284,"column":2},"end":{"line":290,"column":3}},"122":{"start":{"line":285,"column":4},"end":{"line":289,"column":7}},"123":{"start":{"line":292,"column":2},"end":{"line":298,"column":3}},"124":{"start":{"line":293,"column":4},"end":{"line":297,"column":7}},"125":{"start":{"line":300,"column":2},"end":{"line":310,"column":3}},"126":{"start":{"line":303,"column":29},"end":{"line":303,"column":69}},"127":{"start":{"line":305,"column":4},"end":{"line":309,"column":7}},"128":{"start":{"line":312,"column":2},"end":{"line":318,"column":3}},"129":{"start":{"line":312,"column":31},"end":{"line":312,"column":65}},"130":{"start":{"line":313,"column":4},"end":{"line":317,"column":7}},"131":{"start":{"line":320,"column":2},"end":{"line":326,"column":3}},"132":{"start":{"line":321,"column":4},"end":{"line":325,"column":7}},"133":{"start":{"line":329,"column":28},"end":{"line":329,"column":73}},"134":{"start":{"line":329,"column":50},"end":{"line":329,"column":72}},"135":{"start":{"line":330,"column":25},"end":{"line":332,"column":3}},"136":{"start":{"line":331,"column":9},"end":{"line":331,"column":65}},"137":{"start":{"line":331,"column":33},"end":{"line":331,"column":64}},"138":{"start":{"line":333,"column":2},"end":{"line":339,"column":3}},"139":{"start":{"line":334,"column":4},"end":{"line":338,"column":7}},"140":{"start":{"line":342,"column":29},"end":{"line":344,"column":3}},"141":{"start":{"line":343,"column":14},"end":{"line":343,"column":67}},"142":{"start":{"line":345,"column":2},"end":{"line":351,"column":3}},"143":{"start":{"line":346,"column":4},"end":{"line":350,"column":7}},"144":{"start":{"line":354,"column":19},"end":{"line":354,"column":40}},"145":{"start":{"line":355,"column":21},"end":{"line":355,"column":44}},"146":{"start":{"line":358,"column":2},"end":{"line":363,"column":4}},"147":{"start":{"line":365,"column":2},"end":{"line":365,"column":22}},"148":{"start":{"line":368,"column":2},"end":{"line":375,"column":5}},"149":{"start":{"line":369,"column":4},"end":{"line":374,"column":5}},"150":{"start":{"line":370,"column":21},"end":{"line":370,"column":70}},"151":{"start":{"line":370,"column":39},"end":{"line":370,"column":69}},"152":{"start":{"line":371,"column":6},"end":{"line":373,"column":7}},"153":{"start":{"line":372,"column":8},"end":{"line":372,"column":70}},"154":{"start":{"line":372,"column":54},"end":{"line":372,"column":68}},"155":{"start":{"line":378,"column":2},"end":{"line":383,"column":5}},"156":{"start":{"line":379,"column":19},"end":{"line":379,"column":68}},"157":{"start":{"line":379,"column":37},"end":{"line":379,"column":67}},"158":{"start":{"line":380,"column":4},"end":{"line":382,"column":5}},"159":{"start":{"line":381,"column":6},"end":{"line":381,"column":41}},"160":{"start":{"line":386,"column":2},"end":{"line":390,"column":3}},"161":{"start":{"line":387,"column":4},"end":{"line":389,"column":7}},"162":{"start":{"line":388,"column":6},"end":{"line":388,"column":86}},"163":{"start":{"line":388,"column":50},"end":{"line":388,"column":83}},"164":{"start":{"line":392,"column":2},"end":{"line":392,"column":24}},"165":{"start":{"line":394,"column":2},"end":{"line":398,"column":5}},"166":{"start":{"line":402,"column":0},"end":{"line":583,"column":2}},"167":{"start":{"line":403,"column":19},"end":{"line":403,"column":29}},"168":{"start":{"line":404,"column":20},"end":{"line":404,"column":33}},"169":{"start":{"line":405,"column":24},"end":{"line":405,"column":33}},"170":{"start":{"line":407,"column":2},"end":{"line":413,"column":3}},"171":{"start":{"line":408,"column":4},"end":{"line":412,"column":7}},"172":{"start":{"line":416,"column":21},"end":{"line":416,"column":23}},"173":{"start":{"line":417,"column":2},"end":{"line":421,"column":3}},"174":{"start":{"line":418,"column":4},"end":{"line":418,"column":56}},"175":{"start":{"line":418,"column":43},"end":{"line":418,"column":54}},"176":{"start":{"line":419,"column":9},"end":{"line":421,"column":3}},"177":{"start":{"line":420,"column":4},"end":{"line":420,"column":90}},"178":{"start":{"line":420,"column":43},"end":{"line":420,"column":88}},"179":{"start":{"line":423,"column":2},"end":{"line":429,"column":3}},"180":{"start":{"line":424,"column":4},"end":{"line":428,"column":7}},"181":{"start":{"line":431,"column":18},"end":{"line":431,"column":40}},"182":{"start":{"line":432,"column":15},"end":{"line":432,"column":23}},"183":{"start":{"line":434,"column":2},"end":{"line":440,"column":3}},"184":{"start":{"line":435,"column":4},"end":{"line":439,"column":7}},"185":{"start":{"line":442,"column":43},"end":{"line":442,"column":47}},"186":{"start":{"line":445,"column":2},"end":{"line":462,"column":3}},"187":{"start":{"line":446,"column":4},"end":{"line":446,"column":23}},"188":{"start":{"line":447,"column":4},"end":{"line":453,"column":5}},"189":{"start":{"line":448,"column":6},"end":{"line":452,"column":9}},"190":{"start":{"line":454,"column":4},"end":{"line":460,"column":5}},"191":{"start":{"line":455,"column":6},"end":{"line":459,"column":9}},"192":{"start":{"line":461,"column":4},"end":{"line":461,"column":24}},"193":{"start":{"line":465,"column":2},"end":{"line":488,"column":3}},"194":{"start":{"line":466,"column":4},"end":{"line":466,"column":45}},"195":{"start":{"line":467,"column":4},"end":{"line":473,"column":5}},"196":{"start":{"line":468,"column":6},"end":{"line":472,"column":9}},"197":{"start":{"line":474,"column":4},"end":{"line":480,"column":5}},"198":{"start":{"line":475,"column":6},"end":{"line":479,"column":9}},"199":{"start":{"line":481,"column":4},"end":{"line":487,"column":5}},"200":{"start":{"line":481,"column":32},"end":{"line":481,"column":88}},"201":{"start":{"line":482,"column":6},"end":{"line":486,"column":9}},"202":{"start":{"line":491,"column":2},"end":{"line":530,"column":3}},"203":{"start":{"line":492,"column":4},"end":{"line":498,"column":5}},"204":{"start":{"line":493,"column":6},"end":{"line":497,"column":9}},"205":{"start":{"line":499,"column":4},"end":{"line":505,"column":5}},"206":{"start":{"line":499,"column":28},"end":{"line":499,"column":68}},"207":{"start":{"line":500,"column":6},"end":{"line":504,"column":9}},"208":{"start":{"line":506,"column":4},"end":{"line":512,"column":5}},"209":{"start":{"line":506,"column":28},"end":{"line":506,"column":62}},"210":{"start":{"line":507,"column":6},"end":{"line":511,"column":9}},"211":{"start":{"line":513,"column":4},"end":{"line":519,"column":5}},"212":{"start":{"line":514,"column":6},"end":{"line":518,"column":9}},"213":{"start":{"line":522,"column":26},"end":{"line":522,"column":65}},"214":{"start":{"line":523,"column":4},"end":{"line":529,"column":5}},"215":{"start":{"line":524,"column":6},"end":{"line":528,"column":9}},"216":{"start":{"line":533,"column":2},"end":{"line":544,"column":3}},"217":{"start":{"line":535,"column":4},"end":{"line":542,"column":7}},"218":{"start":{"line":536,"column":6},"end":{"line":541,"column":7}},"219":{"start":{"line":537,"column":20},"end":{"line":537,"column":63}},"220":{"start":{"line":538,"column":8},"end":{"line":540,"column":9}},"221":{"start":{"line":539,"column":10},"end":{"line":539,"column":47}},"222":{"start":{"line":543,"column":4},"end":{"line":543,"column":29}},"223":{"start":{"line":547,"column":2},"end":{"line":571,"column":3}},"224":{"start":{"line":548,"column":23},"end":{"line":548,"column":71}},"225":{"start":{"line":548,"column":48},"end":{"line":548,"column":70}},"226":{"start":{"line":549,"column":23},"end":{"line":549,"column":63}},"227":{"start":{"line":549,"column":40},"end":{"line":549,"column":62}},"228":{"start":{"line":552,"column":4},"end":{"line":558,"column":5}},"229":{"start":{"line":553,"column":25},"end":{"line":553,"column":55}},"230":{"start":{"line":554,"column":6},"end":{"line":557,"column":7}},"231":{"start":{"line":556,"column":8},"end":{"line":556,"column":85}},"232":{"start":{"line":556,"column":64},"end":{"line":556,"column":83}},"233":{"start":{"line":561,"column":4},"end":{"line":568,"column":5}},"234":{"start":{"line":562,"column":26},"end":{"line":562,"column":76}},"235":{"start":{"line":562,"column":48},"end":{"line":562,"column":75}},"236":{"start":{"line":563,"column":6},"end":{"line":567,"column":7}},"237":{"start":{"line":564,"column":8},"end":{"line":566,"column":9}},"238":{"start":{"line":565,"column":10},"end":{"line":565,"column":51}},"239":{"start":{"line":570,"column":4},"end":{"line":570,"column":33}},"240":{"start":{"line":574,"column":2},"end":{"line":574,"column":35}},"241":{"start":{"line":575,"column":2},"end":{"line":575,"column":22}},"242":{"start":{"line":576,"column":2},"end":{"line":576,"column":28}},"243":{"start":{"line":578,"column":2},"end":{"line":582,"column":5}},"244":{"start":{"line":586,"column":0},"end":{"line":634,"column":2}},"245":{"start":{"line":587,"column":17},"end":{"line":587,"column":27}},"246":{"start":{"line":588,"column":16},"end":{"line":588,"column":29}},"247":{"start":{"line":589,"column":24},"end":{"line":589,"column":33}},"248":{"start":{"line":591,"column":2},"end":{"line":597,"column":3}},"249":{"start":{"line":592,"column":4},"end":{"line":596,"column":7}},"250":{"start":{"line":599,"column":21},"end":{"line":599,"column":23}},"251":{"start":{"line":600,"column":2},"end":{"line":604,"column":3}},"252":{"start":{"line":601,"column":4},"end":{"line":601,"column":56}},"253":{"start":{"line":601,"column":43},"end":{"line":601,"column":54}},"254":{"start":{"line":602,"column":9},"end":{"line":604,"column":3}},"255":{"start":{"line":603,"column":4},"end":{"line":603,"column":90}},"256":{"start":{"line":603,"column":43},"end":{"line":603,"column":88}},"257":{"start":{"line":606,"column":2},"end":{"line":612,"column":3}},"258":{"start":{"line":607,"column":4},"end":{"line":611,"column":7}},"259":{"start":{"line":614,"column":18},"end":{"line":614,"column":40}},"260":{"start":{"line":617,"column":2},"end":{"line":621,"column":5}},"261":{"start":{"line":618,"column":4},"end":{"line":620,"column":5}},"262":{"start":{"line":619,"column":6},"end":{"line":619,"column":83}},"263":{"start":{"line":619,"column":62},"end":{"line":619,"column":81}},"264":{"start":{"line":624,"column":2},"end":{"line":624,"column":35}},"265":{"start":{"line":626,"column":2},"end":{"line":626,"column":22}},"266":{"start":{"line":627,"column":2},"end":{"line":627,"column":24}},"267":{"start":{"line":629,"column":2},"end":{"line":633,"column":5}}},"fnMap":{"0":{"name":"(anonymous_0)","decl":{"start":{"line":33,"column":28},"end":{"line":33,"column":29}},"loc":{"start":{"line":33,"column":37},"end":{"line":36,"column":1}},"line":33},"1":{"name":"(anonymous_1)","decl":{"start":{"line":34,"column":29},"end":{"line":34,"column":30}},"loc":{"start":{"line":34,"column":34},"end":{"line":34,"column":56}},"line":34},"2":{"name":"ReadData","decl":{"start":{"line":39,"column":9},"end":{"line":39,"column":17}},"loc":{"start":{"line":39,"column":20},"end":{"line":42,"column":1}},"line":39},"3":{"name":"WriteData","decl":{"start":{"line":45,"column":9},"end":{"line":45,"column":18}},"loc":{"start":{"line":45,"column":25},"end":{"line":47,"column":1}},"line":45},"4":{"name":"readCourses","decl":{"start":{"line":50,"column":9},"end":{"line":50,"column":20}},"loc":{"start":{"line":50,"column":23},"end":{"line":56,"column":1}},"line":50},"5":{"name":"writeCourses","decl":{"start":{"line":59,"column":9},"end":{"line":59,"column":21}},"loc":{"start":{"line":59,"column":31},"end":{"line":61,"column":1}},"line":59},"6":{"name":"checkCoursesExist","decl":{"start":{"line":64,"column":9},"end":{"line":64,"column":26}},"loc":{"start":{"line":64,"column":54},"end":{"line":72,"column":1}},"line":64},"7":{"name":"(anonymous_7)","decl":{"start":{"line":65,"column":43},"end":{"line":65,"column":44}},"loc":{"start":{"line":65,"column":48},"end":{"line":65,"column":70}},"line":65},"8":{"name":"(anonymous_8)","decl":{"start":{"line":67,"column":26},"end":{"line":67,"column":27}},"loc":{"start":{"line":67,"column":36},"end":{"line":67,"column":67}},"line":67},"9":{"name":"(anonymous_9)","decl":{"start":{"line":75,"column":22},"end":{"line":75,"column":23}},"loc":{"start":{"line":75,"column":36},"end":{"line":109,"column":1}},"line":75},"10":{"name":"(anonymous_10)","decl":{"start":{"line":82,"column":31},"end":{"line":82,"column":32}},"loc":{"start":{"line":82,"column":36},"end":{"line":82,"column":47}},"line":82},"11":{"name":"(anonymous_11)","decl":{"start":{"line":85,"column":31},"end":{"line":85,"column":32}},"loc":{"start":{"line":85,"column":36},"end":{"line":85,"column":85}},"line":85},"12":{"name":"(anonymous_12)","decl":{"start":{"line":88,"column":31},"end":{"line":88,"column":32}},"loc":{"start":{"line":88,"column":36},"end":{"line":88,"column":81}},"line":88},"13":{"name":"(anonymous_13)","decl":{"start":{"line":91,"column":31},"end":{"line":91,"column":32}},"loc":{"start":{"line":92,"column":6},"end":{"line":92,"column":86}},"line":92},"14":{"name":"(anonymous_14)","decl":{"start":{"line":92,"column":20},"end":{"line":92,"column":21}},"loc":{"start":{"line":92,"column":25},"end":{"line":92,"column":47}},"line":92},"15":{"name":"(anonymous_15)","decl":{"start":{"line":112,"column":24},"end":{"line":112,"column":25}},"loc":{"start":{"line":112,"column":38},"end":{"line":238,"column":1}},"line":112},"16":{"name":"(anonymous_16)","decl":{"start":{"line":133,"column":20},"end":{"line":133,"column":21}},"loc":{"start":{"line":133,"column":27},"end":{"line":133,"column":84}},"line":133},"17":{"name":"(anonymous_17)","decl":{"start":{"line":177,"column":26},"end":{"line":177,"column":27}},"loc":{"start":{"line":177,"column":31},"end":{"line":177,"column":71}},"line":177},"18":{"name":"(anonymous_18)","decl":{"start":{"line":185,"column":26},"end":{"line":185,"column":27}},"loc":{"start":{"line":185,"column":31},"end":{"line":185,"column":65}},"line":185},"19":{"name":"(anonymous_19)","decl":{"start":{"line":202,"column":45},"end":{"line":202,"column":46}},"loc":{"start":{"line":202,"column":50},"end":{"line":202,"column":72}},"line":202},"20":{"name":"(anonymous_20)","decl":{"start":{"line":204,"column":4},"end":{"line":204,"column":5}},"loc":{"start":{"line":204,"column":9},"end":{"line":204,"column":65}},"line":204},"21":{"name":"(anonymous_21)","decl":{"start":{"line":204,"column":23},"end":{"line":204,"column":24}},"loc":{"start":{"line":204,"column":33},"end":{"line":204,"column":64}},"line":204},"22":{"name":"(anonymous_22)","decl":{"start":{"line":225,"column":28},"end":{"line":225,"column":29}},"loc":{"start":{"line":225,"column":37},"end":{"line":230,"column":3}},"line":225},"23":{"name":"(anonymous_23)","decl":{"start":{"line":226,"column":32},"end":{"line":226,"column":33}},"loc":{"start":{"line":226,"column":37},"end":{"line":226,"column":67}},"line":226},"24":{"name":"(anonymous_24)","decl":{"start":{"line":241,"column":24},"end":{"line":241,"column":25}},"loc":{"start":{"line":241,"column":38},"end":{"line":399,"column":1}},"line":241},"25":{"name":"(anonymous_25)","decl":{"start":{"line":255,"column":37},"end":{"line":255,"column":38}},"loc":{"start":{"line":255,"column":42},"end":{"line":255,"column":53}},"line":255},"26":{"name":"(anonymous_26)","decl":{"start":{"line":256,"column":45},"end":{"line":256,"column":46}},"loc":{"start":{"line":256,"column":50},"end":{"line":256,"column":95}},"line":256},"27":{"name":"(anonymous_27)","decl":{"start":{"line":303,"column":24},"end":{"line":303,"column":25}},"loc":{"start":{"line":303,"column":29},"end":{"line":303,"column":69}},"line":303},"28":{"name":"(anonymous_28)","decl":{"start":{"line":312,"column":26},"end":{"line":312,"column":27}},"loc":{"start":{"line":312,"column":31},"end":{"line":312,"column":65}},"line":312},"29":{"name":"(anonymous_29)","decl":{"start":{"line":329,"column":45},"end":{"line":329,"column":46}},"loc":{"start":{"line":329,"column":50},"end":{"line":329,"column":72}},"line":329},"30":{"name":"(anonymous_30)","decl":{"start":{"line":331,"column":4},"end":{"line":331,"column":5}},"loc":{"start":{"line":331,"column":9},"end":{"line":331,"column":65}},"line":331},"31":{"name":"(anonymous_31)","decl":{"start":{"line":331,"column":23},"end":{"line":331,"column":24}},"loc":{"start":{"line":331,"column":33},"end":{"line":331,"column":64}},"line":331},"32":{"name":"(anonymous_32)","decl":{"start":{"line":343,"column":4},"end":{"line":343,"column":5}},"loc":{"start":{"line":343,"column":14},"end":{"line":343,"column":67}},"line":343},"33":{"name":"(anonymous_33)","decl":{"start":{"line":368,"column":21},"end":{"line":368,"column":22}},"loc":{"start":{"line":368,"column":30},"end":{"line":375,"column":3}},"line":368},"34":{"name":"(anonymous_34)","decl":{"start":{"line":370,"column":34},"end":{"line":370,"column":35}},"loc":{"start":{"line":370,"column":39},"end":{"line":370,"column":69}},"line":370},"35":{"name":"(anonymous_35)","decl":{"start":{"line":372,"column":49},"end":{"line":372,"column":50}},"loc":{"start":{"line":372,"column":54},"end":{"line":372,"column":68}},"line":372},"36":{"name":"(anonymous_36)","decl":{"start":{"line":378,"column":28},"end":{"line":378,"column":29}},"loc":{"start":{"line":378,"column":37},"end":{"line":383,"column":3}},"line":378},"37":{"name":"(anonymous_37)","decl":{"start":{"line":379,"column":32},"end":{"line":379,"column":33}},"loc":{"start":{"line":379,"column":37},"end":{"line":379,"column":67}},"line":379},"38":{"name":"(anonymous_38)","decl":{"start":{"line":387,"column":20},"end":{"line":387,"column":21}},"loc":{"start":{"line":387,"column":30},"end":{"line":389,"column":5}},"line":387},"39":{"name":"(anonymous_39)","decl":{"start":{"line":388,"column":44},"end":{"line":388,"column":45}},"loc":{"start":{"line":388,"column":50},"end":{"line":388,"column":83}},"line":388},"40":{"name":"(anonymous_40)","decl":{"start":{"line":402,"column":23},"end":{"line":402,"column":24}},"loc":{"start":{"line":402,"column":37},"end":{"line":583,"column":1}},"line":402},"41":{"name":"(anonymous_41)","decl":{"start":{"line":418,"column":38},"end":{"line":418,"column":39}},"loc":{"start":{"line":418,"column":43},"end":{"line":418,"column":54}},"line":418},"42":{"name":"(anonymous_42)","decl":{"start":{"line":420,"column":38},"end":{"line":420,"column":39}},"loc":{"start":{"line":420,"column":43},"end":{"line":420,"column":88}},"line":420},"43":{"name":"(anonymous_43)","decl":{"start":{"line":481,"column":22},"end":{"line":481,"column":23}},"loc":{"start":{"line":481,"column":32},"end":{"line":481,"column":88}},"line":481},"44":{"name":"(anonymous_44)","decl":{"start":{"line":499,"column":23},"end":{"line":499,"column":24}},"loc":{"start":{"line":499,"column":28},"end":{"line":499,"column":68}},"line":499},"45":{"name":"(anonymous_45)","decl":{"start":{"line":506,"column":23},"end":{"line":506,"column":24}},"loc":{"start":{"line":506,"column":28},"end":{"line":506,"column":62}},"line":506},"46":{"name":"(anonymous_46)","decl":{"start":{"line":535,"column":24},"end":{"line":535,"column":25}},"loc":{"start":{"line":535,"column":39},"end":{"line":542,"column":5}},"line":535},"47":{"name":"(anonymous_47)","decl":{"start":{"line":548,"column":43},"end":{"line":548,"column":44}},"loc":{"start":{"line":548,"column":48},"end":{"line":548,"column":70}},"line":548},"48":{"name":"(anonymous_48)","decl":{"start":{"line":549,"column":35},"end":{"line":549,"column":36}},"loc":{"start":{"line":549,"column":40},"end":{"line":549,"column":62}},"line":549},"49":{"name":"(anonymous_49)","decl":{"start":{"line":556,"column":59},"end":{"line":556,"column":60}},"loc":{"start":{"line":556,"column":64},"end":{"line":556,"column":83}},"line":556},"50":{"name":"(anonymous_50)","decl":{"start":{"line":562,"column":43},"end":{"line":562,"column":44}},"loc":{"start":{"line":562,"column":48},"end":{"line":562,"column":75}},"line":562},"51":{"name":"(anonymous_51)","decl":{"start":{"line":586,"column":24},"end":{"line":586,"column":25}},"loc":{"start":{"line":586,"column":38},"end":{"line":634,"column":1}},"line":586},"52":{"name":"(anonymous_52)","decl":{"start":{"line":601,"column":38},"end":{"line":601,"column":39}},"loc":{"start":{"line":601,"column":43},"end":{"line":601,"column":54}},"line":601},"53":{"name":"(anonymous_53)","decl":{"start":{"line":603,"column":38},"end":{"line":603,"column":39}},"loc":{"start":{"line":603,"column":43},"end":{"line":603,"column":88}},"line":603},"54":{"name":"(anonymous_54)","decl":{"start":{"line":617,"column":18},"end":{"line":617,"column":19}},"loc":{"start":{"line":617,"column":33},"end":{"line":621,"column":3}},"line":617},"55":{"name":"(anonymous_55)","decl":{"start":{"line":619,"column":57},"end":{"line":619,"column":58}},"loc":{"start":{"line":619,"column":62},"end":{"line":619,"column":81}},"line":619}},"branchMap":{"0":{"loc":{"start":{"line":51,"column":2},"end":{"line":53,"column":3}},"type":"if","locations":[{"start":{"line":51,"column":2},"end":{"line":53,"column":3}},{"start":{},"end":{}}],"line":51},"1":{"loc":{"start":{"line":67,"column":4},"end":{"line":69,"column":5}},"type":"if","locations":[{"start":{"line":67,"column":4},"end":{"line":69,"column":5}},{"start":{},"end":{}}],"line":67},"2":{"loc":{"start":{"line":81,"column":2},"end":{"line":83,"column":3}},"type":"if","locations":[{"start":{"line":81,"column":2},"end":{"line":83,"column":3}},{"start":{},"end":{}}],"line":81},"3":{"loc":{"start":{"line":84,"column":2},"end":{"line":86,"column":3}},"type":"if","locations":[{"start":{"line":84,"column":2},"end":{"line":86,"column":3}},{"start":{},"end":{}}],"line":84},"4":{"loc":{"start":{"line":87,"column":2},"end":{"line":89,"column":3}},"type":"if","locations":[{"start":{"line":87,"column":2},"end":{"line":89,"column":3}},{"start":{},"end":{}}],"line":87},"5":{"loc":{"start":{"line":90,"column":2},"end":{"line":94,"column":3}},"type":"if","locations":[{"start":{"line":90,"column":2},"end":{"line":94,"column":3}},{"start":{},"end":{}}],"line":90},"6":{"loc":{"start":{"line":96,"column":2},"end":{"line":102,"column":3}},"type":"if","locations":[{"start":{"line":96,"column":2},"end":{"line":102,"column":3}},{"start":{},"end":{}}],"line":96},"7":{"loc":{"start":{"line":117,"column":2},"end":{"line":123,"column":3}},"type":"if","locations":[{"start":{"line":117,"column":2},"end":{"line":123,"column":3}},{"start":{},"end":{}}],"line":117},"8":{"loc":{"start":{"line":117,"column":6},"end":{"line":117,"column":45}},"type":"binary-expr","locations":[{"start":{"line":117,"column":6},"end":{"line":117,"column":11}},{"start":{"line":117,"column":15},"end":{"line":117,"column":45}}],"line":117},"9":{"loc":{"start":{"line":125,"column":2},"end":{"line":131,"column":3}},"type":"if","locations":[{"start":{"line":125,"column":2},"end":{"line":131,"column":3}},{"start":{},"end":{}}],"line":125},"10":{"loc":{"start":{"line":133,"column":2},"end":{"line":139,"column":3}},"type":"if","locations":[{"start":{"line":133,"column":2},"end":{"line":139,"column":3}},{"start":{},"end":{}}],"line":133},"11":{"loc":{"start":{"line":145,"column":2},"end":{"line":151,"column":3}},"type":"if","locations":[{"start":{"line":145,"column":2},"end":{"line":151,"column":3}},{"start":{},"end":{}}],"line":145},"12":{"loc":{"start":{"line":153,"column":2},"end":{"line":159,"column":3}},"type":"if","locations":[{"start":{"line":153,"column":2},"end":{"line":159,"column":3}},{"start":{},"end":{}}],"line":153},"13":{"loc":{"start":{"line":161,"column":2},"end":{"line":167,"column":3}},"type":"if","locations":[{"start":{"line":161,"column":2},"end":{"line":167,"column":3}},{"start":{},"end":{}}],"line":161},"14":{"loc":{"start":{"line":169,"column":2},"end":{"line":175,"column":3}},"type":"if","locations":[{"start":{"line":169,"column":2},"end":{"line":175,"column":3}},{"start":{},"end":{}}],"line":169},"15":{"loc":{"start":{"line":169,"column":6},"end":{"line":169,"column":63}},"type":"binary-expr","locations":[{"start":{"line":169,"column":6},"end":{"line":169,"column":34}},{"start":{"line":169,"column":38},"end":{"line":169,"column":63}}],"line":169},"16":{"loc":{"start":{"line":177,"column":2},"end":{"line":183,"column":3}},"type":"if","locations":[{"start":{"line":177,"column":2},"end":{"line":183,"column":3}},{"start":{},"end":{}}],"line":177},"17":{"loc":{"start":{"line":177,"column":31},"end":{"line":177,"column":71}},"type":"binary-expr","locations":[{"start":{"line":177,"column":31},"end":{"line":177,"column":52}},{"start":{"line":177,"column":56},"end":{"line":177,"column":71}}],"line":177},"18":{"loc":{"start":{"line":185,"column":2},"end":{"line":191,"column":3}},"type":"if","locations":[{"start":{"line":185,"column":2},"end":{"line":191,"column":3}},{"start":{},"end":{}}],"line":185},"19":{"loc":{"start":{"line":193,"column":2},"end":{"line":199,"column":3}},"type":"if","locations":[{"start":{"line":193,"column":2},"end":{"line":199,"column":3}},{"start":{},"end":{}}],"line":193},"20":{"loc":{"start":{"line":206,"column":2},"end":{"line":212,"column":3}},"type":"if","locations":[{"start":{"line":206,"column":2},"end":{"line":212,"column":3}},{"start":{},"end":{}}],"line":206},"21":{"loc":{"start":{"line":227,"column":4},"end":{"line":229,"column":5}},"type":"if","locations":[{"start":{"line":227,"column":4},"end":{"line":229,"column":5}},{"start":{},"end":{}}],"line":227},"22":{"loc":{"start":{"line":227,"column":8},"end":{"line":227,"column":50}},"type":"binary-expr","locations":[{"start":{"line":227,"column":8},"end":{"line":227,"column":14}},{"start":{"line":227,"column":18},"end":{"line":227,"column":50}}],"line":227},"23":{"loc":{"start":{"line":246,"column":2},"end":{"line":252,"column":3}},"type":"if","locations":[{"start":{"line":246,"column":2},"end":{"line":252,"column":3}},{"start":{},"end":{}}],"line":246},"24":{"loc":{"start":{"line":246,"column":6},"end":{"line":246,"column":19}},"type":"binary-expr","locations":[{"start":{"line":246,"column":6},"end":{"line":246,"column":9}},{"start":{"line":246,"column":13},"end":{"line":246,"column":19}}],"line":246},"25":{"loc":{"start":{"line":255,"column":2},"end":{"line":256,"column":97}},"type":"if","locations":[{"start":{"line":255,"column":2},"end":{"line":256,"column":97}},{"start":{"line":256,"column":7},"end":{"line":256,"column":97}}],"line":255},"26":{"loc":{"start":{"line":256,"column":7},"end":{"line":256,"column":97}},"type":"if","locations":[{"start":{"line":256,"column":7},"end":{"line":256,"column":97}},{"start":{},"end":{}}],"line":256},"27":{"loc":{"start":{"line":258,"column":2},"end":{"line":260,"column":3}},"type":"if","locations":[{"start":{"line":258,"column":2},"end":{"line":260,"column":3}},{"start":{},"end":{}}],"line":258},"28":{"loc":{"start":{"line":264,"column":2},"end":{"line":270,"column":3}},"type":"if","locations":[{"start":{"line":264,"column":2},"end":{"line":270,"column":3}},{"start":{},"end":{}}],"line":264},"29":{"loc":{"start":{"line":264,"column":6},"end":{"line":264,"column":45}},"type":"binary-expr","locations":[{"start":{"line":264,"column":6},"end":{"line":264,"column":11}},{"start":{"line":264,"column":15},"end":{"line":264,"column":45}}],"line":264},"30":{"loc":{"start":{"line":272,"column":2},"end":{"line":278,"column":3}},"type":"if","locations":[{"start":{"line":272,"column":2},"end":{"line":278,"column":3}},{"start":{},"end":{}}],"line":272},"31":{"loc":{"start":{"line":284,"column":2},"end":{"line":290,"column":3}},"type":"if","locations":[{"start":{"line":284,"column":2},"end":{"line":290,"column":3}},{"start":{},"end":{}}],"line":284},"32":{"loc":{"start":{"line":292,"column":2},"end":{"line":298,"column":3}},"type":"if","locations":[{"start":{"line":292,"column":2},"end":{"line":298,"column":3}},{"start":{},"end":{}}],"line":292},"33":{"loc":{"start":{"line":300,"column":2},"end":{"line":310,"column":3}},"type":"if","locations":[{"start":{"line":300,"column":2},"end":{"line":310,"column":3}},{"start":{},"end":{}}],"line":300},"34":{"loc":{"start":{"line":301,"column":4},"end":{"line":303,"column":70}},"type":"binary-expr","locations":[{"start":{"line":301,"column":4},"end":{"line":301,"column":32}},{"start":{"line":302,"column":4},"end":{"line":302,"column":29}},{"start":{"line":303,"column":4},"end":{"line":303,"column":70}}],"line":301},"35":{"loc":{"start":{"line":303,"column":29},"end":{"line":303,"column":69}},"type":"binary-expr","locations":[{"start":{"line":303,"column":29},"end":{"line":303,"column":50}},{"start":{"line":303,"column":54},"end":{"line":303,"column":69}}],"line":303},"36":{"loc":{"start":{"line":312,"column":2},"end":{"line":318,"column":3}},"type":"if","locations":[{"start":{"line":312,"column":2},"end":{"line":318,"column":3}},{"start":{},"end":{}}],"line":312},"37":{"loc":{"start":{"line":320,"column":2},"end":{"line":326,"column":3}},"type":"if","locations":[{"start":{"line":320,"column":2},"end":{"line":326,"column":3}},{"start":{},"end":{}}],"line":320},"38":{"loc":{"start":{"line":333,"column":2},"end":{"line":339,"column":3}},"type":"if","locations":[{"start":{"line":333,"column":2},"end":{"line":339,"column":3}},{"start":{},"end":{}}],"line":333},"39":{"loc":{"start":{"line":343,"column":14},"end":{"line":343,"column":67}},"type":"binary-expr","locations":[{"start":{"line":343,"column":14},"end":{"line":343,"column":52}},{"start":{"line":343,"column":56},"end":{"line":343,"column":67}}],"line":343},"40":{"loc":{"start":{"line":345,"column":2},"end":{"line":351,"column":3}},"type":"if","locations":[{"start":{"line":345,"column":2},"end":{"line":351,"column":3}},{"start":{},"end":{}}],"line":345},"41":{"loc":{"start":{"line":369,"column":4},"end":{"line":374,"column":5}},"type":"if","locations":[{"start":{"line":369,"column":4},"end":{"line":374,"column":5}},{"start":{},"end":{}}],"line":369},"42":{"loc":{"start":{"line":371,"column":6},"end":{"line":373,"column":7}},"type":"if","locations":[{"start":{"line":371,"column":6},"end":{"line":373,"column":7}},{"start":{},"end":{}}],"line":371},"43":{"loc":{"start":{"line":380,"column":4},"end":{"line":382,"column":5}},"type":"if","locations":[{"start":{"line":380,"column":4},"end":{"line":382,"column":5}},{"start":{},"end":{}}],"line":380},"44":{"loc":{"start":{"line":380,"column":8},"end":{"line":380,"column":57}},"type":"binary-expr","locations":[{"start":{"line":380,"column":8},"end":{"line":380,"column":14}},{"start":{"line":380,"column":18},"end":{"line":380,"column":57}}],"line":380},"45":{"loc":{"start":{"line":386,"column":2},"end":{"line":390,"column":3}},"type":"if","locations":[{"start":{"line":386,"column":2},"end":{"line":390,"column":3}},{"start":{},"end":{}}],"line":386},"46":{"loc":{"start":{"line":388,"column":50},"end":{"line":388,"column":83}},"type":"cond-expr","locations":[{"start":{"line":388,"column":67},"end":{"line":388,"column":79}},{"start":{"line":388,"column":82},"end":{"line":388,"column":83}}],"line":388},"47":{"loc":{"start":{"line":407,"column":2},"end":{"line":413,"column":3}},"type":"if","locations":[{"start":{"line":407,"column":2},"end":{"line":413,"column":3}},{"start":{},"end":{}}],"line":407},"48":{"loc":{"start":{"line":407,"column":6},"end":{"line":407,"column":19}},"type":"binary-expr","locations":[{"start":{"line":407,"column":6},"end":{"line":407,"column":9}},{"start":{"line":407,"column":13},"end":{"line":407,"column":19}}],"line":407},"49":{"loc":{"start":{"line":417,"column":2},"end":{"line":421,"column":3}},"type":"if","locations":[{"start":{"line":417,"column":2},"end":{"line":421,"column":3}},{"start":{"line":419,"column":9},"end":{"line":421,"column":3}}],"line":417},"50":{"loc":{"start":{"line":419,"column":9},"end":{"line":421,"column":3}},"type":"if","locations":[{"start":{"line":419,"column":9},"end":{"line":421,"column":3}},{"start":{},"end":{}}],"line":419},"51":{"loc":{"start":{"line":423,"column":2},"end":{"line":429,"column":3}},"type":"if","locations":[{"start":{"line":423,"column":2},"end":{"line":429,"column":3}},{"start":{},"end":{}}],"line":423},"52":{"loc":{"start":{"line":434,"column":2},"end":{"line":440,"column":3}},"type":"if","locations":[{"start":{"line":434,"column":2},"end":{"line":440,"column":3}},{"start":{},"end":{}}],"line":434},"53":{"loc":{"start":{"line":434,"column":6},"end":{"line":434,"column":45}},"type":"binary-expr","locations":[{"start":{"line":434,"column":6},"end":{"line":434,"column":11}},{"start":{"line":434,"column":15},"end":{"line":434,"column":45}}],"line":434},"54":{"loc":{"start":{"line":445,"column":2},"end":{"line":462,"column":3}},"type":"if","locations":[{"start":{"line":445,"column":2},"end":{"line":462,"column":3}},{"start":{},"end":{}}],"line":445},"55":{"loc":{"start":{"line":447,"column":4},"end":{"line":453,"column":5}},"type":"if","locations":[{"start":{"line":447,"column":4},"end":{"line":453,"column":5}},{"start":{},"end":{}}],"line":447},"56":{"loc":{"start":{"line":454,"column":4},"end":{"line":460,"column":5}},"type":"if","locations":[{"start":{"line":454,"column":4},"end":{"line":460,"column":5}},{"start":{},"end":{}}],"line":454},"57":{"loc":{"start":{"line":465,"column":2},"end":{"line":488,"column":3}},"type":"if","locations":[{"start":{"line":465,"column":2},"end":{"line":488,"column":3}},{"start":{},"end":{}}],"line":465},"58":{"loc":{"start":{"line":467,"column":4},"end":{"line":473,"column":5}},"type":"if","locations":[{"start":{"line":467,"column":4},"end":{"line":473,"column":5}},{"start":{},"end":{}}],"line":467},"59":{"loc":{"start":{"line":474,"column":4},"end":{"line":480,"column":5}},"type":"if","locations":[{"start":{"line":474,"column":4},"end":{"line":480,"column":5}},{"start":{},"end":{}}],"line":474},"60":{"loc":{"start":{"line":481,"column":4},"end":{"line":487,"column":5}},"type":"if","locations":[{"start":{"line":481,"column":4},"end":{"line":487,"column":5}},{"start":{},"end":{}}],"line":481},"61":{"loc":{"start":{"line":481,"column":32},"end":{"line":481,"column":88}},"type":"binary-expr","locations":[{"start":{"line":481,"column":32},"end":{"line":481,"column":66}},{"start":{"line":481,"column":70},"end":{"line":481,"column":88}}],"line":481},"62":{"loc":{"start":{"line":491,"column":2},"end":{"line":530,"column":3}},"type":"if","locations":[{"start":{"line":491,"column":2},"end":{"line":530,"column":3}},{"start":{},"end":{}}],"line":491},"63":{"loc":{"start":{"line":492,"column":4},"end":{"line":498,"column":5}},"type":"if","locations":[{"start":{"line":492,"column":4},"end":{"line":498,"column":5}},{"start":{},"end":{}}],"line":492},"64":{"loc":{"start":{"line":499,"column":4},"end":{"line":505,"column":5}},"type":"if","locations":[{"start":{"line":499,"column":4},"end":{"line":505,"column":5}},{"start":{},"end":{}}],"line":499},"65":{"loc":{"start":{"line":499,"column":28},"end":{"line":499,"column":68}},"type":"binary-expr","locations":[{"start":{"line":499,"column":28},"end":{"line":499,"column":49}},{"start":{"line":499,"column":53},"end":{"line":499,"column":68}}],"line":499},"66":{"loc":{"start":{"line":506,"column":4},"end":{"line":512,"column":5}},"type":"if","locations":[{"start":{"line":506,"column":4},"end":{"line":512,"column":5}},{"start":{},"end":{}}],"line":506},"67":{"loc":{"start":{"line":513,"column":4},"end":{"line":519,"column":5}},"type":"if","locations":[{"start":{"line":513,"column":4},"end":{"line":519,"column":5}},{"start":{},"end":{}}],"line":513},"68":{"loc":{"start":{"line":523,"column":4},"end":{"line":529,"column":5}},"type":"if","locations":[{"start":{"line":523,"column":4},"end":{"line":529,"column":5}},{"start":{},"end":{}}],"line":523},"69":{"loc":{"start":{"line":533,"column":2},"end":{"line":544,"column":3}},"type":"if","locations":[{"start":{"line":533,"column":2},"end":{"line":544,"column":3}},{"start":{},"end":{}}],"line":533},"70":{"loc":{"start":{"line":533,"column":6},"end":{"line":533,"column":58}},"type":"binary-expr","locations":[{"start":{"line":533,"column":6},"end":{"line":533,"column":28}},{"start":{"line":533,"column":32},"end":{"line":533,"column":58}}],"line":533},"71":{"loc":{"start":{"line":536,"column":6},"end":{"line":541,"column":7}},"type":"if","locations":[{"start":{"line":536,"column":6},"end":{"line":541,"column":7}},{"start":{},"end":{}}],"line":536},"72":{"loc":{"start":{"line":536,"column":10},"end":{"line":536,"column":69}},"type":"binary-expr","locations":[{"start":{"line":536,"column":10},"end":{"line":536,"column":30}},{"start":{"line":536,"column":34},"end":{"line":536,"column":69}}],"line":536},"73":{"loc":{"start":{"line":538,"column":8},"end":{"line":540,"column":9}},"type":"if","locations":[{"start":{"line":538,"column":8},"end":{"line":540,"column":9}},{"start":{},"end":{}}],"line":538},"74":{"loc":{"start":{"line":547,"column":2},"end":{"line":571,"column":3}},"type":"if","locations":[{"start":{"line":547,"column":2},"end":{"line":571,"column":3}},{"start":{},"end":{}}],"line":547},"75":{"loc":{"start":{"line":554,"column":6},"end":{"line":557,"column":7}},"type":"if","locations":[{"start":{"line":554,"column":6},"end":{"line":557,"column":7}},{"start":{},"end":{}}],"line":554},"76":{"loc":{"start":{"line":554,"column":10},"end":{"line":554,"column":77}},"type":"binary-expr","locations":[{"start":{"line":554,"column":10},"end":{"line":554,"column":41}},{"start":{"line":554,"column":45},"end":{"line":554,"column":77}}],"line":554},"77":{"loc":{"start":{"line":563,"column":6},"end":{"line":567,"column":7}},"type":"if","locations":[{"start":{"line":563,"column":6},"end":{"line":567,"column":7}},{"start":{},"end":{}}],"line":563},"78":{"loc":{"start":{"line":564,"column":8},"end":{"line":566,"column":9}},"type":"if","locations":[{"start":{"line":564,"column":8},"end":{"line":566,"column":9}},{"start":{},"end":{}}],"line":564},"79":{"loc":{"start":{"line":591,"column":2},"end":{"line":597,"column":3}},"type":"if","locations":[{"start":{"line":591,"column":2},"end":{"line":597,"column":3}},{"start":{},"end":{}}],"line":591},"80":{"loc":{"start":{"line":591,"column":6},"end":{"line":591,"column":19}},"type":"binary-expr","locations":[{"start":{"line":591,"column":6},"end":{"line":591,"column":9}},{"start":{"line":591,"column":13},"end":{"line":591,"column":19}}],"line":591},"81":{"loc":{"start":{"line":600,"column":2},"end":{"line":604,"column":3}},"type":"if","locations":[{"start":{"line":600,"column":2},"end":{"line":604,"column":3}},{"start":{"line":602,"column":9},"end":{"line":604,"column":3}}],"line":600},"82":{"loc":{"start":{"line":602,"column":9},"end":{"line":604,"column":3}},"type":"if","locations":[{"start":{"line":602,"column":9},"end":{"line":604,"column":3}},{"start":{},"end":{}}],"line":602},"83":{"loc":{"start":{"line":606,"column":2},"end":{"line":612,"column":3}},"type":"if","locations":[{"start":{"line":606,"column":2},"end":{"line":612,"column":3}},{"start":{},"end":{}}],"line":606},"84":{"loc":{"start":{"line":618,"column":4},"end":{"line":620,"column":5}},"type":"if","locations":[{"start":{"line":618,"column":4},"end":{"line":620,"column":5}},{"start":{},"end":{}}],"line":618},"85":{"loc":{"start":{"line":618,"column":8},"end":{"line":618,"column":67}},"type":"binary-expr","locations":[{"start":{"line":618,"column":8},"end":{"line":618,"column":28}},{"start":{"line":618,"column":32},"end":{"line":618,"column":67}}],"line":618}},"s":{"0":2,"1":2,"2":2,"3":2,"4":2,"5":2,"6":2,"7":2,"8":2,"9":2,"10":2,"11":2,"12":2,"13":6,"14":8,"15":6,"16":28,"17":28,"18":5,"19":22,"20":22,"21":22,"22":22,"23":5,"24":1,"25":1,"26":1,"27":1,"28":2,"29":0,"30":1,"31":2,"32":6,"33":6,"34":6,"35":6,"36":2,"37":1,"38":6,"39":1,"40":1,"41":6,"42":1,"43":1,"44":6,"45":1,"46":1,"47":1,"48":6,"49":1,"50":5,"51":2,"52":6,"53":6,"54":6,"55":6,"56":1,"57":5,"58":1,"59":4,"60":1,"61":1,"62":3,"63":3,"64":3,"65":3,"66":0,"67":3,"68":0,"69":3,"70":0,"71":3,"72":0,"73":3,"74":4,"75":1,"76":2,"77":3,"78":0,"79":2,"80":1,"81":1,"82":1,"83":1,"84":1,"85":1,"86":1,"87":0,"88":1,"89":1,"90":1,"91":1,"92":1,"93":1,"94":1,"95":1,"96":1,"97":1,"98":2,"99":6,"100":6,"101":6,"102":6,"103":0,"104":6,"105":6,"106":6,"107":5,"108":0,"109":0,"110":0,"111":6,"112":1,"113":5,"114":5,"115":1,"116":4,"117":0,"118":4,"119":4,"120":4,"121":4,"122":1,"123":3,"124":0,"125":3,"126":4,"127":0,"128":3,"129":4,"130":0,"131":3,"132":1,"133":2,"134":2,"135":2,"136":2,"137":2,"138":2,"139":0,"140":2,"141":3,"142":2,"143":1,"144":1,"145":1,"146":1,"147":1,"148":1,"149":1,"150":1,"151":2,"152":1,"153":0,"154":0,"155":1,"156":1,"157":1,"158":1,"159":1,"160":1,"161":0,"162":0,"163":0,"164":1,"165":1,"166":2,"167":8,"168":8,"169":8,"170":8,"171":0,"172":8,"173":8,"174":8,"175":7,"176":0,"177":0,"178":0,"179":8,"180":1,"181":7,"182":7,"183":7,"184":0,"185":7,"186":7,"187":2,"188":2,"189":0,"190":2,"191":1,"192":1,"193":6,"194":3,"195":3,"196":1,"197":2,"198":0,"199":2,"200":4,"201":1,"202":4,"203":3,"204":1,"205":2,"206":2,"207":1,"208":1,"209":1,"210":0,"211":1,"212":0,"213":1,"214":1,"215":0,"216":2,"217":1,"218":2,"219":2,"220":2,"221":0,"222":1,"223":2,"224":1,"225":1,"226":1,"227":1,"228":1,"229":2,"230":2,"231":1,"232":0,"233":1,"234":1,"235":2,"236":1,"237":1,"238":1,"239":1,"240":2,"241":2,"242":2,"243":2,"244":2,"245":2,"246":2,"247":2,"248":2,"249":0,"250":2,"251":2,"252":2,"253":1,"254":0,"255":0,"256":0,"257":2,"258":1,"259":1,"260":1,"261":1,"262":1,"263":1,"264":1,"265":1,"266":1,"267":1},"f":{"0":6,"1":8,"2":28,"3":5,"4":22,"5":5,"6":1,"7":1,"8":2,"9":6,"10":1,"11":1,"12":1,"13":1,"14":1,"15":6,"16":1,"17":4,"18":3,"19":1,"20":1,"21":1,"22":1,"23":1,"24":6,"25":5,"26":0,"27":4,"28":4,"29":2,"30":2,"31":2,"32":3,"33":1,"34":2,"35":0,"36":1,"37":1,"38":0,"39":0,"40":8,"41":7,"42":0,"43":4,"44":2,"45":1,"46":2,"47":1,"48":1,"49":0,"50":2,"51":2,"52":1,"53":0,"54":1,"55":1},"b":{"0":[22,0],"1":[0,1],"2":[2,4],"3":[1,5],"4":[1,5],"5":[1,5],"6":[1,5],"7":[1,5],"8":[6,6],"9":[1,4],"10":[1,3],"11":[0,3],"12":[0,3],"13":[0,3],"14":[0,3],"15":[3,3],"16":[1,2],"17":[4,4],"18":[0,2],"19":[1,1],"20":[0,1],"21":[1,0],"22":[1,1],"23":[0,6],"24":[6,0],"25":[6,0],"26":[0,0],"27":[1,5],"28":[1,4],"29":[5,5],"30":[0,4],"31":[1,3],"32":[0,3],"33":[0,3],"34":[3,3,3],"35":[4,4],"36":[0,3],"37":[1,2],"38":[0,2],"39":[3,2],"40":[1,1],"41":[1,0],"42":[0,1],"43":[1,0],"44":[1,1],"45":[0,1],"46":[0,0],"47":[0,8],"48":[8,0],"49":[8,0],"50":[0,0],"51":[1,7],"52":[0,7],"53":[7,7],"54":[2,5],"55":[0,2],"56":[1,1],"57":[3,3],"58":[1,2],"59":[0,2],"60":[1,1],"61":[4,1],"62":[3,1],"63":[1,2],"64":[1,1],"65":[2,2],"66":[0,1],"67":[0,1],"68":[0,1],"69":[1,1],"70":[2,1],"71":[2,0],"72":[2,2],"73":[0,2],"74":[1,1],"75":[1,1],"76":[2,1],"77":[1,0],"78":[1,0],"79":[0,2],"80":[2,0],"81":[2,0],"82":[0,0],"83":[1,1],"84":[1,0],"85":[1,1]},"_coverageSchema":"1a1c01bbd47fc00a2c39e90264f33305004495a9","hash":"ae090de05c1cd7bcf71c6f377db2db65e77a761e"}
,"/home/bts/Desktop/prompt-history/APIrest/routes/courseRoutes.js": {"path":"/home/bts/Desktop/prompt-history/APIrest/routes/courseRoutes.js","statementMap":{"0":{"start":{"line":1,"column":16},"end":{"line":1,"column":34}},"1":{"start":{"line":2,"column":15},"end":{"line":2,"column":31}},"2":{"start":{"line":3,"column":25},"end":{"line":3,"column":67}},"3":{"start":{"line":6,"column":0},"end":{"line":6,"column":48}},"4":{"start":{"line":7,"column":0},"end":{"line":7,"column":52}},"5":{"start":{"line":8,"column":0},"end":{"line":8,"column":50}},"6":{"start":{"line":10,"column":0},"end":{"line":10,"column":24}}},"fnMap":{},"branchMap":{},"s":{"0":2,"1":2,"2":2,"3":2,"4":2,"5":2,"6":2},"f":{},"b":{},"_coverageSchema":"1a1c01bbd47fc00a2c39e90264f33305004495a9","hash":"b3e23d8d80991bb95b6e5c5b48a85678dfd56089"}
,"/home/bts/Desktop/prompt-history/APIrest/routes/studentRoutes.js": {"path":"/home/bts/Desktop/prompt-history/APIrest/routes/studentRoutes.js","statementMap":{"0":{"start":{"line":1,"column":16},"end":{"line":1,"column":34}},"1":{"start":{"line":2,"column":15},"end":{"line":2,"column":31}},"2":{"start":{"line":3,"column":26},"end":{"line":3,"column":69}},"3":{"start":{"line":6,"column":0},"end":{"line":6,"column":47}},"4":{"start":{"line":9,"column":0},"end":{"line":9,"column":50}},"5":{"start":{"line":12,"column":0},"end":{"line":12,"column":49}},"6":{"start":{"line":13,"column":0},"end":{"line":13,"column":50}},"7":{"start":{"line":16,"column":0},"end":{"line":16,"column":52}},"8":{"start":{"line":19,"column":0},"end":{"line":19,"column":24}}},"fnMap":{},"branchMap":{},"s":{"0":2,"1":2,"2":2,"3":2,"4":2,"5":2,"6":2,"7":2,"8":2},"f":{},"b":{},"_coverageSchema":"1a1c01bbd47fc00a2c39e90264f33305004495a9","hash":"b8fc64e37c67cb56f5f3afef78cb23e6a077fc32"}
}
