{"/home/bts/Desktop/prompt-history/APIrest/app.js": {"path":"/home/bts/Desktop/prompt-history/APIrest/app.js","statementMap":{"0":{"start":{"line":1,"column":16},"end":{"line":1,"column":34}},"1":{"start":{"line":2,"column":22},"end":{"line":2,"column":58}},"2":{"start":{"line":3,"column":12},"end":{"line":3,"column":21}},"3":{"start":{"line":4,"column":13},"end":{"line":4,"column":17}},"4":{"start":{"line":5,"column":18},"end":{"line":5,"column":47}},"5":{"start":{"line":6,"column":24},"end":{"line":6,"column":54}},"6":{"start":{"line":8,"column":0},"end":{"line":8,"column":24}},"7":{"start":{"line":9,"column":0},"end":{"line":9,"column":36}},"8":{"start":{"line":10,"column":0},"end":{"line":10,"column":72}},"9":{"start":{"line":12,"column":0},"end":{"line":14,"column":3}},"10":{"start":{"line":13,"column":2},"end":{"line":13,"column":33}},"11":{"start":{"line":16,"column":0},"end":{"line":18,"column":5}},"12":{"start":{"line":17,"column":4},"end":{"line":17,"column":66}},"13":{"start":{"line":20,"column":2},"end":{"line":20,"column":23}}},"fnMap":{"0":{"name":"(anonymous_0)","decl":{"start":{"line":12,"column":13},"end":{"line":12,"column":14}},"loc":{"start":{"line":12,"column":27},"end":{"line":14,"column":1}},"line":12},"1":{"name":"(anonymous_1)","decl":{"start":{"line":16,"column":17},"end":{"line":16,"column":18}},"loc":{"start":{"line":16,"column":23},"end":{"line":18,"column":3}},"line":16}},"branchMap":{},"s":{"0":1,"1":1,"2":1,"3":1,"4":1,"5":1,"6":1,"7":1,"8":1,"9":1,"10":0,"11":1,"12":1,"13":1},"f":{"0":0,"1":1},"b":{},"_coverageSchema":"1a1c01bbd47fc00a2c39e90264f33305004495a9","hash":"faf4e8858d99483e7016d8ac01dba8f9cd0ef8a6"}
,"/home/bts/Desktop/prompt-history/APIrest/controllers/studentController.js": {"path":"/home/bts/Desktop/prompt-history/APIrest/controllers/studentController.js","statementMap":{"0":{"start":{"line":1,"column":11},"end":{"line":1,"column":24}},"1":{"start":{"line":2,"column":13},"end":{"line":2,"column":28}},"2":{"start":{"line":3,"column":23},"end":{"line":3,"column":38}},"3":{"start":{"line":4,"column":12},"end":{"line":4,"column":26}},"4":{"start":{"line":5,"column":19},"end":{"line":5,"column":41}},"5":{"start":{"line":6,"column":12},"end":{"line":6,"column":40}},"6":{"start":{"line":8,"column":0},"end":{"line":8,"column":16}},"7":{"start":{"line":10,"column":15},"end":{"line":10,"column":54}},"8":{"start":{"line":12,"column":19},"end":{"line":12,"column":50}},"9":{"start":{"line":15,"column":22},"end":{"line":27,"column":1}},"10":{"start":{"line":29,"column":24},"end":{"line":29,"column":50}},"11":{"start":{"line":31,"column":28},"end":{"line":34,"column":1}},"12":{"start":{"line":32,"column":21},"end":{"line":32,"column":57}},"13":{"start":{"line":32,"column":34},"end":{"line":32,"column":56}},"14":{"start":{"line":33,"column":2},"end":{"line":33,"column":56}},"15":{"start":{"line":38,"column":15},"end":{"line":38,"column":46}},"16":{"start":{"line":39,"column":2},"end":{"line":39,"column":26}},"17":{"start":{"line":44,"column":2},"end":{"line":44,"column":58}},"18":{"start":{"line":48,"column":0},"end":{"line":51,"column":2}},"19":{"start":{"line":49,"column":19},"end":{"line":49,"column":29}},"20":{"start":{"line":50,"column":2},"end":{"line":50,"column":21}},"21":{"start":{"line":54,"column":0},"end":{"line":61,"column":2}},"22":{"start":{"line":55,"column":19},"end":{"line":55,"column":29}},"23":{"start":{"line":56,"column":18},"end":{"line":56,"column":62}},"24":{"start":{"line":56,"column":39},"end":{"line":56,"column":61}},"25":{"start":{"line":57,"column":2},"end":{"line":59,"column":3}},"26":{"start":{"line":58,"column":4},"end":{"line":58,"column":66}},"27":{"start":{"line":60,"column":2},"end":{"line":60,"column":20}},"28":{"start":{"line":64,"column":0},"end":{"line":77,"column":2}},"29":{"start":{"line":65,"column":19},"end":{"line":65,"column":29}},"30":{"start":{"line":66,"column":20},"end":{"line":66,"column":49}},"31":{"start":{"line":68,"column":18},"end":{"line":70,"column":3}},"32":{"start":{"line":69,"column":4},"end":{"line":69,"column":44}},"33":{"start":{"line":72,"column":2},"end":{"line":74,"column":3}},"34":{"start":{"line":73,"column":4},"end":{"line":73,"column":81}},"35":{"start":{"line":76,"column":2},"end":{"line":76,"column":20}},"36":{"start":{"line":80,"column":0},"end":{"line":91,"column":2}},"37":{"start":{"line":81,"column":19},"end":{"line":81,"column":29}},"38":{"start":{"line":82,"column":21},"end":{"line":82,"column":51}},"39":{"start":{"line":84,"column":16},"end":{"line":84,"column":74}},"40":{"start":{"line":84,"column":37},"end":{"line":84,"column":73}},"41":{"start":{"line":86,"column":2},"end":{"line":88,"column":3}},"42":{"start":{"line":87,"column":4},"end":{"line":87,"column":81}},"43":{"start":{"line":90,"column":2},"end":{"line":90,"column":18}},"44":{"start":{"line":94,"column":0},"end":{"line":142,"column":2}},"45":{"start":{"line":95,"column":19},"end":{"line":95,"column":29}},"46":{"start":{"line":96,"column":15},"end":{"line":96,"column":23}},"47":{"start":{"line":98,"column":2},"end":{"line":100,"column":3}},"48":{"start":{"line":99,"column":4},"end":{"line":99,"column":94}},"49":{"start":{"line":102,"column":2},"end":{"line":104,"column":3}},"50":{"start":{"line":102,"column":27},"end":{"line":102,"column":84}},"51":{"start":{"line":103,"column":4},"end":{"line":103,"column":73}},"52":{"start":{"line":108,"column":22},"end":{"line":108,"column":38}},"53":{"start":{"line":109,"column":16},"end":{"line":109,"column":47}},"54":{"start":{"line":110,"column":18},"end":{"line":110,"column":30}},"55":{"start":{"line":112,"column":2},"end":{"line":114,"column":3}},"56":{"start":{"line":113,"column":4},"end":{"line":113,"column":69}},"57":{"start":{"line":116,"column":2},"end":{"line":118,"column":3}},"58":{"start":{"line":117,"column":4},"end":{"line":117,"column":81}},"59":{"start":{"line":120,"column":2},"end":{"line":122,"column":3}},"60":{"start":{"line":121,"column":4},"end":{"line":121,"column":69}},"61":{"start":{"line":124,"column":2},"end":{"line":126,"column":3}},"62":{"start":{"line":124,"column":26},"end":{"line":124,"column":66}},"63":{"start":{"line":125,"column":4},"end":{"line":125,"column":86}},"64":{"start":{"line":128,"column":2},"end":{"line":130,"column":3}},"65":{"start":{"line":129,"column":4},"end":{"line":129,"column":84}},"66":{"start":{"line":132,"column":21},"end":{"line":137,"column":3}},"67":{"start":{"line":139,"column":2},"end":{"line":139,"column":28}},"68":{"start":{"line":140,"column":2},"end":{"line":140,"column":22}},"69":{"start":{"line":141,"column":2},"end":{"line":141,"column":35}},"70":{"start":{"line":145,"column":0},"end":{"line":210,"column":2}},"71":{"start":{"line":146,"column":19},"end":{"line":146,"column":29}},"72":{"start":{"line":147,"column":16},"end":{"line":147,"column":65}},"73":{"start":{"line":147,"column":42},"end":{"line":147,"column":64}},"74":{"start":{"line":148,"column":2},"end":{"line":150,"column":3}},"75":{"start":{"line":149,"column":4},"end":{"line":149,"column":66}},"76":{"start":{"line":152,"column":15},"end":{"line":152,"column":23}},"77":{"start":{"line":154,"column":2},"end":{"line":156,"column":3}},"78":{"start":{"line":155,"column":4},"end":{"line":155,"column":94}},"79":{"start":{"line":158,"column":25},"end":{"line":158,"column":40}},"80":{"start":{"line":160,"column":22},"end":{"line":160,"column":38}},"81":{"start":{"line":161,"column":23},"end":{"line":161,"column":54}},"82":{"start":{"line":162,"column":18},"end":{"line":162,"column":30}},"83":{"start":{"line":164,"column":2},"end":{"line":166,"column":3}},"84":{"start":{"line":165,"column":4},"end":{"line":165,"column":69}},"85":{"start":{"line":168,"column":2},"end":{"line":170,"column":3}},"86":{"start":{"line":169,"column":4},"end":{"line":169,"column":81}},"87":{"start":{"line":172,"column":2},"end":{"line":174,"column":3}},"88":{"start":{"line":173,"column":4},"end":{"line":173,"column":69}},"89":{"start":{"line":176,"column":2},"end":{"line":178,"column":3}},"90":{"start":{"line":176,"column":28},"end":{"line":176,"column":68}},"91":{"start":{"line":177,"column":4},"end":{"line":177,"column":86}},"92":{"start":{"line":180,"column":2},"end":{"line":182,"column":3}},"93":{"start":{"line":181,"column":4},"end":{"line":181,"column":84}},"94":{"start":{"line":184,"column":29},"end":{"line":186,"column":3}},"95":{"start":{"line":185,"column":11},"end":{"line":185,"column":79}},"96":{"start":{"line":187,"column":2},"end":{"line":189,"column":3}},"97":{"start":{"line":188,"column":4},"end":{"line":188,"column":73}},"98":{"start":{"line":191,"column":21},"end":{"line":191,"column":56}},"99":{"start":{"line":192,"column":22},"end":{"line":192,"column":73}},"100":{"start":{"line":193,"column":24},"end":{"line":193,"column":90}},"101":{"start":{"line":195,"column":2},"end":{"line":199,"column":3}},"102":{"start":{"line":196,"column":4},"end":{"line":198,"column":7}},"103":{"start":{"line":201,"column":2},"end":{"line":206,"column":4}},"104":{"start":{"line":208,"column":2},"end":{"line":208,"column":22}},"105":{"start":{"line":209,"column":2},"end":{"line":209,"column":28}},"106":{"start":{"line":213,"column":0},"end":{"line":269,"column":2}},"107":{"start":{"line":214,"column":19},"end":{"line":214,"column":29}},"108":{"start":{"line":215,"column":18},"end":{"line":215,"column":62}},"109":{"start":{"line":215,"column":39},"end":{"line":215,"column":61}},"110":{"start":{"line":216,"column":2},"end":{"line":218,"column":3}},"111":{"start":{"line":217,"column":4},"end":{"line":217,"column":66}},"112":{"start":{"line":220,"column":33},"end":{"line":220,"column":41}},"113":{"start":{"line":222,"column":2},"end":{"line":230,"column":3}},"114":{"start":{"line":223,"column":4},"end":{"line":223,"column":23}},"115":{"start":{"line":224,"column":4},"end":{"line":226,"column":5}},"116":{"start":{"line":225,"column":6},"end":{"line":225,"column":71}},"117":{"start":{"line":227,"column":4},"end":{"line":229,"column":5}},"118":{"start":{"line":228,"column":6},"end":{"line":228,"column":83}},"119":{"start":{"line":232,"column":2},"end":{"line":243,"column":3}},"120":{"start":{"line":233,"column":4},"end":{"line":233,"column":39}},"121":{"start":{"line":234,"column":4},"end":{"line":236,"column":5}},"122":{"start":{"line":235,"column":6},"end":{"line":235,"column":72}},"123":{"start":{"line":237,"column":4},"end":{"line":239,"column":5}},"124":{"start":{"line":238,"column":6},"end":{"line":238,"column":71}},"125":{"start":{"line":240,"column":4},"end":{"line":242,"column":5}},"126":{"start":{"line":240,"column":29},"end":{"line":240,"column":69}},"127":{"start":{"line":241,"column":6},"end":{"line":241,"column":83}},"128":{"start":{"line":245,"column":2},"end":{"line":261,"column":3}},"129":{"start":{"line":246,"column":4},"end":{"line":248,"column":5}},"130":{"start":{"line":247,"column":6},"end":{"line":247,"column":86}},"131":{"start":{"line":250,"column":4},"end":{"line":252,"column":5}},"132":{"start":{"line":250,"column":28},"end":{"line":250,"column":68}},"133":{"start":{"line":251,"column":6},"end":{"line":251,"column":88}},"134":{"start":{"line":254,"column":4},"end":{"line":256,"column":5}},"135":{"start":{"line":254,"column":28},"end":{"line":254,"column":59}},"136":{"start":{"line":255,"column":6},"end":{"line":255,"column":94}},"137":{"start":{"line":258,"column":4},"end":{"line":260,"column":5}},"138":{"start":{"line":259,"column":6},"end":{"line":259,"column":86}},"139":{"start":{"line":263,"column":2},"end":{"line":263,"column":32}},"140":{"start":{"line":263,"column":12},"end":{"line":263,"column":32}},"141":{"start":{"line":264,"column":2},"end":{"line":264,"column":35}},"142":{"start":{"line":264,"column":13},"end":{"line":264,"column":35}},"143":{"start":{"line":265,"column":2},"end":{"line":265,"column":41}},"144":{"start":{"line":265,"column":15},"end":{"line":265,"column":41}},"145":{"start":{"line":267,"column":2},"end":{"line":267,"column":22}},"146":{"start":{"line":268,"column":2},"end":{"line":268,"column":20}},"147":{"start":{"line":272,"column":0},"end":{"line":282,"column":2}},"148":{"start":{"line":273,"column":17},"end":{"line":273,"column":27}},"149":{"start":{"line":274,"column":16},"end":{"line":274,"column":65}},"150":{"start":{"line":274,"column":42},"end":{"line":274,"column":64}},"151":{"start":{"line":275,"column":2},"end":{"line":277,"column":3}},"152":{"start":{"line":276,"column":4},"end":{"line":276,"column":66}},"153":{"start":{"line":279,"column":18},"end":{"line":279,"column":43}},"154":{"start":{"line":280,"column":2},"end":{"line":280,"column":22}},"155":{"start":{"line":281,"column":2},"end":{"line":281,"column":76}}},"fnMap":{"0":{"name":"(anonymous_0)","decl":{"start":{"line":31,"column":28},"end":{"line":31,"column":29}},"loc":{"start":{"line":31,"column":37},"end":{"line":34,"column":1}},"line":31},"1":{"name":"(anonymous_1)","decl":{"start":{"line":32,"column":29},"end":{"line":32,"column":30}},"loc":{"start":{"line":32,"column":34},"end":{"line":32,"column":56}},"line":32},"2":{"name":"ReadData","decl":{"start":{"line":37,"column":9},"end":{"line":37,"column":17}},"loc":{"start":{"line":37,"column":20},"end":{"line":40,"column":1}},"line":37},"3":{"name":"WriteData","decl":{"start":{"line":43,"column":9},"end":{"line":43,"column":18}},"loc":{"start":{"line":43,"column":25},"end":{"line":45,"column":1}},"line":43},"4":{"name":"(anonymous_4)","decl":{"start":{"line":48,"column":25},"end":{"line":48,"column":26}},"loc":{"start":{"line":48,"column":39},"end":{"line":51,"column":1}},"line":48},"5":{"name":"(anonymous_5)","decl":{"start":{"line":54,"column":26},"end":{"line":54,"column":27}},"loc":{"start":{"line":54,"column":40},"end":{"line":61,"column":1}},"line":54},"6":{"name":"(anonymous_6)","decl":{"start":{"line":56,"column":32},"end":{"line":56,"column":33}},"loc":{"start":{"line":56,"column":39},"end":{"line":56,"column":61}},"line":56},"7":{"name":"(anonymous_7)","decl":{"start":{"line":64,"column":27},"end":{"line":64,"column":28}},"loc":{"start":{"line":64,"column":41},"end":{"line":77,"column":1}},"line":64},"8":{"name":"(anonymous_8)","decl":{"start":{"line":68,"column":34},"end":{"line":68,"column":35}},"loc":{"start":{"line":69,"column":4},"end":{"line":69,"column":44}},"line":69},"9":{"name":"(anonymous_9)","decl":{"start":{"line":80,"column":28},"end":{"line":80,"column":29}},"loc":{"start":{"line":80,"column":42},"end":{"line":91,"column":1}},"line":80},"10":{"name":"(anonymous_10)","decl":{"start":{"line":84,"column":30},"end":{"line":84,"column":31}},"loc":{"start":{"line":84,"column":37},"end":{"line":84,"column":73}},"line":84},"11":{"name":"(anonymous_11)","decl":{"start":{"line":94,"column":24},"end":{"line":94,"column":25}},"loc":{"start":{"line":94,"column":38},"end":{"line":142,"column":1}},"line":94},"12":{"name":"(anonymous_12)","decl":{"start":{"line":102,"column":20},"end":{"line":102,"column":21}},"loc":{"start":{"line":102,"column":27},"end":{"line":102,"column":84}},"line":102},"13":{"name":"(anonymous_13)","decl":{"start":{"line":124,"column":21},"end":{"line":124,"column":22}},"loc":{"start":{"line":124,"column":26},"end":{"line":124,"column":66}},"line":124},"14":{"name":"(anonymous_14)","decl":{"start":{"line":145,"column":24},"end":{"line":145,"column":25}},"loc":{"start":{"line":145,"column":38},"end":{"line":210,"column":1}},"line":145},"15":{"name":"(anonymous_15)","decl":{"start":{"line":147,"column":35},"end":{"line":147,"column":36}},"loc":{"start":{"line":147,"column":42},"end":{"line":147,"column":64}},"line":147},"16":{"name":"(anonymous_16)","decl":{"start":{"line":176,"column":21},"end":{"line":176,"column":22}},"loc":{"start":{"line":176,"column":28},"end":{"line":176,"column":68}},"line":176},"17":{"name":"(anonymous_17)","decl":{"start":{"line":185,"column":4},"end":{"line":185,"column":5}},"loc":{"start":{"line":185,"column":11},"end":{"line":185,"column":79}},"line":185},"18":{"name":"(anonymous_18)","decl":{"start":{"line":213,"column":23},"end":{"line":213,"column":24}},"loc":{"start":{"line":213,"column":37},"end":{"line":269,"column":1}},"line":213},"19":{"name":"(anonymous_19)","decl":{"start":{"line":215,"column":32},"end":{"line":215,"column":33}},"loc":{"start":{"line":215,"column":39},"end":{"line":215,"column":61}},"line":215},"20":{"name":"(anonymous_20)","decl":{"start":{"line":240,"column":22},"end":{"line":240,"column":23}},"loc":{"start":{"line":240,"column":29},"end":{"line":240,"column":69}},"line":240},"21":{"name":"(anonymous_21)","decl":{"start":{"line":250,"column":23},"end":{"line":250,"column":24}},"loc":{"start":{"line":250,"column":28},"end":{"line":250,"column":68}},"line":250},"22":{"name":"(anonymous_22)","decl":{"start":{"line":254,"column":23},"end":{"line":254,"column":24}},"loc":{"start":{"line":254,"column":28},"end":{"line":254,"column":59}},"line":254},"23":{"name":"(anonymous_23)","decl":{"start":{"line":272,"column":24},"end":{"line":272,"column":25}},"loc":{"start":{"line":272,"column":38},"end":{"line":282,"column":1}},"line":272},"24":{"name":"(anonymous_24)","decl":{"start":{"line":274,"column":35},"end":{"line":274,"column":36}},"loc":{"start":{"line":274,"column":42},"end":{"line":274,"column":64}},"line":274}},"branchMap":{"0":{"loc":{"start":{"line":57,"column":2},"end":{"line":59,"column":3}},"type":"if","locations":[{"start":{"line":57,"column":2},"end":{"line":59,"column":3}},{"start":{},"end":{}}],"line":57},"1":{"loc":{"start":{"line":72,"column":2},"end":{"line":74,"column":3}},"type":"if","locations":[{"start":{"line":72,"column":2},"end":{"line":74,"column":3}},{"start":{},"end":{}}],"line":72},"2":{"loc":{"start":{"line":86,"column":2},"end":{"line":88,"column":3}},"type":"if","locations":[{"start":{"line":86,"column":2},"end":{"line":88,"column":3}},{"start":{},"end":{}}],"line":86},"3":{"loc":{"start":{"line":98,"column":2},"end":{"line":100,"column":3}},"type":"if","locations":[{"start":{"line":98,"column":2},"end":{"line":100,"column":3}},{"start":{},"end":{}}],"line":98},"4":{"loc":{"start":{"line":102,"column":2},"end":{"line":104,"column":3}},"type":"if","locations":[{"start":{"line":102,"column":2},"end":{"line":104,"column":3}},{"start":{},"end":{}}],"line":102},"5":{"loc":{"start":{"line":112,"column":2},"end":{"line":114,"column":3}},"type":"if","locations":[{"start":{"line":112,"column":2},"end":{"line":114,"column":3}},{"start":{},"end":{}}],"line":112},"6":{"loc":{"start":{"line":116,"column":2},"end":{"line":118,"column":3}},"type":"if","locations":[{"start":{"line":116,"column":2},"end":{"line":118,"column":3}},{"start":{},"end":{}}],"line":116},"7":{"loc":{"start":{"line":120,"column":2},"end":{"line":122,"column":3}},"type":"if","locations":[{"start":{"line":120,"column":2},"end":{"line":122,"column":3}},{"start":{},"end":{}}],"line":120},"8":{"loc":{"start":{"line":124,"column":2},"end":{"line":126,"column":3}},"type":"if","locations":[{"start":{"line":124,"column":2},"end":{"line":126,"column":3}},{"start":{},"end":{}}],"line":124},"9":{"loc":{"start":{"line":124,"column":26},"end":{"line":124,"column":66}},"type":"binary-expr","locations":[{"start":{"line":124,"column":26},"end":{"line":124,"column":47}},{"start":{"line":124,"column":51},"end":{"line":124,"column":66}}],"line":124},"10":{"loc":{"start":{"line":128,"column":2},"end":{"line":130,"column":3}},"type":"if","locations":[{"start":{"line":128,"column":2},"end":{"line":130,"column":3}},{"start":{},"end":{}}],"line":128},"11":{"loc":{"start":{"line":148,"column":2},"end":{"line":150,"column":3}},"type":"if","locations":[{"start":{"line":148,"column":2},"end":{"line":150,"column":3}},{"start":{},"end":{}}],"line":148},"12":{"loc":{"start":{"line":154,"column":2},"end":{"line":156,"column":3}},"type":"if","locations":[{"start":{"line":154,"column":2},"end":{"line":156,"column":3}},{"start":{},"end":{}}],"line":154},"13":{"loc":{"start":{"line":164,"column":2},"end":{"line":166,"column":3}},"type":"if","locations":[{"start":{"line":164,"column":2},"end":{"line":166,"column":3}},{"start":{},"end":{}}],"line":164},"14":{"loc":{"start":{"line":168,"column":2},"end":{"line":170,"column":3}},"type":"if","locations":[{"start":{"line":168,"column":2},"end":{"line":170,"column":3}},{"start":{},"end":{}}],"line":168},"15":{"loc":{"start":{"line":172,"column":2},"end":{"line":174,"column":3}},"type":"if","locations":[{"start":{"line":172,"column":2},"end":{"line":174,"column":3}},{"start":{},"end":{}}],"line":172},"16":{"loc":{"start":{"line":176,"column":2},"end":{"line":178,"column":3}},"type":"if","locations":[{"start":{"line":176,"column":2},"end":{"line":178,"column":3}},{"start":{},"end":{}}],"line":176},"17":{"loc":{"start":{"line":176,"column":28},"end":{"line":176,"column":68}},"type":"binary-expr","locations":[{"start":{"line":176,"column":28},"end":{"line":176,"column":49}},{"start":{"line":176,"column":53},"end":{"line":176,"column":68}}],"line":176},"18":{"loc":{"start":{"line":180,"column":2},"end":{"line":182,"column":3}},"type":"if","locations":[{"start":{"line":180,"column":2},"end":{"line":182,"column":3}},{"start":{},"end":{}}],"line":180},"19":{"loc":{"start":{"line":185,"column":11},"end":{"line":185,"column":79}},"type":"binary-expr","locations":[{"start":{"line":185,"column":11},"end":{"line":185,"column":49}},{"start":{"line":185,"column":53},"end":{"line":185,"column":79}}],"line":185},"20":{"loc":{"start":{"line":187,"column":2},"end":{"line":189,"column":3}},"type":"if","locations":[{"start":{"line":187,"column":2},"end":{"line":189,"column":3}},{"start":{},"end":{}}],"line":187},"21":{"loc":{"start":{"line":195,"column":2},"end":{"line":199,"column":3}},"type":"if","locations":[{"start":{"line":195,"column":2},"end":{"line":199,"column":3}},{"start":{},"end":{}}],"line":195},"22":{"loc":{"start":{"line":195,"column":6},"end":{"line":195,"column":48}},"type":"binary-expr","locations":[{"start":{"line":195,"column":6},"end":{"line":195,"column":16}},{"start":{"line":195,"column":20},"end":{"line":195,"column":31}},{"start":{"line":195,"column":35},"end":{"line":195,"column":48}}],"line":195},"23":{"loc":{"start":{"line":216,"column":2},"end":{"line":218,"column":3}},"type":"if","locations":[{"start":{"line":216,"column":2},"end":{"line":218,"column":3}},{"start":{},"end":{}}],"line":216},"24":{"loc":{"start":{"line":222,"column":2},"end":{"line":230,"column":3}},"type":"if","locations":[{"start":{"line":222,"column":2},"end":{"line":230,"column":3}},{"start":{},"end":{}}],"line":222},"25":{"loc":{"start":{"line":224,"column":4},"end":{"line":226,"column":5}},"type":"if","locations":[{"start":{"line":224,"column":4},"end":{"line":226,"column":5}},{"start":{},"end":{}}],"line":224},"26":{"loc":{"start":{"line":227,"column":4},"end":{"line":229,"column":5}},"type":"if","locations":[{"start":{"line":227,"column":4},"end":{"line":229,"column":5}},{"start":{},"end":{}}],"line":227},"27":{"loc":{"start":{"line":232,"column":2},"end":{"line":243,"column":3}},"type":"if","locations":[{"start":{"line":232,"column":2},"end":{"line":243,"column":3}},{"start":{},"end":{}}],"line":232},"28":{"loc":{"start":{"line":234,"column":4},"end":{"line":236,"column":5}},"type":"if","locations":[{"start":{"line":234,"column":4},"end":{"line":236,"column":5}},{"start":{},"end":{}}],"line":234},"29":{"loc":{"start":{"line":237,"column":4},"end":{"line":239,"column":5}},"type":"if","locations":[{"start":{"line":237,"column":4},"end":{"line":239,"column":5}},{"start":{},"end":{}}],"line":237},"30":{"loc":{"start":{"line":240,"column":4},"end":{"line":242,"column":5}},"type":"if","locations":[{"start":{"line":240,"column":4},"end":{"line":242,"column":5}},{"start":{},"end":{}}],"line":240},"31":{"loc":{"start":{"line":240,"column":29},"end":{"line":240,"column":69}},"type":"binary-expr","locations":[{"start":{"line":240,"column":29},"end":{"line":240,"column":46}},{"start":{"line":240,"column":50},"end":{"line":240,"column":69}}],"line":240},"32":{"loc":{"start":{"line":245,"column":2},"end":{"line":261,"column":3}},"type":"if","locations":[{"start":{"line":245,"column":2},"end":{"line":261,"column":3}},{"start":{},"end":{}}],"line":245},"33":{"loc":{"start":{"line":246,"column":4},"end":{"line":248,"column":5}},"type":"if","locations":[{"start":{"line":246,"column":4},"end":{"line":248,"column":5}},{"start":{},"end":{}}],"line":246},"34":{"loc":{"start":{"line":250,"column":4},"end":{"line":252,"column":5}},"type":"if","locations":[{"start":{"line":250,"column":4},"end":{"line":252,"column":5}},{"start":{},"end":{}}],"line":250},"35":{"loc":{"start":{"line":250,"column":28},"end":{"line":250,"column":68}},"type":"binary-expr","locations":[{"start":{"line":250,"column":28},"end":{"line":250,"column":49}},{"start":{"line":250,"column":53},"end":{"line":250,"column":68}}],"line":250},"36":{"loc":{"start":{"line":254,"column":4},"end":{"line":256,"column":5}},"type":"if","locations":[{"start":{"line":254,"column":4},"end":{"line":256,"column":5}},{"start":{},"end":{}}],"line":254},"37":{"loc":{"start":{"line":258,"column":4},"end":{"line":260,"column":5}},"type":"if","locations":[{"start":{"line":258,"column":4},"end":{"line":260,"column":5}},{"start":{},"end":{}}],"line":258},"38":{"loc":{"start":{"line":263,"column":2},"end":{"line":263,"column":32}},"type":"if","locations":[{"start":{"line":263,"column":2},"end":{"line":263,"column":32}},{"start":{},"end":{}}],"line":263},"39":{"loc":{"start":{"line":264,"column":2},"end":{"line":264,"column":35}},"type":"if","locations":[{"start":{"line":264,"column":2},"end":{"line":264,"column":35}},{"start":{},"end":{}}],"line":264},"40":{"loc":{"start":{"line":265,"column":2},"end":{"line":265,"column":41}},"type":"if","locations":[{"start":{"line":265,"column":2},"end":{"line":265,"column":41}},{"start":{},"end":{}}],"line":265},"41":{"loc":{"start":{"line":275,"column":2},"end":{"line":277,"column":3}},"type":"if","locations":[{"start":{"line":275,"column":2},"end":{"line":277,"column":3}},{"start":{},"end":{}}],"line":275}},"s":{"0":1,"1":1,"2":1,"3":1,"4":1,"5":1,"6":1,"7":1,"8":1,"9":1,"10":1,"11":1,"12":4,"13":7,"14":4,"15":20,"16":20,"17":4,"18":1,"19":1,"20":1,"21":1,"22":2,"23":2,"24":2,"25":2,"26":1,"27":1,"28":1,"29":0,"30":0,"31":0,"32":0,"33":0,"34":0,"35":0,"36":1,"37":0,"38":0,"39":0,"40":0,"41":0,"42":0,"43":0,"44":1,"45":3,"46":3,"47":3,"48":1,"49":2,"50":0,"51":0,"52":2,"53":2,"54":2,"55":2,"56":0,"57":2,"58":0,"59":2,"60":0,"61":2,"62":4,"63":0,"64":2,"65":1,"66":1,"67":1,"68":1,"69":1,"70":1,"71":6,"72":6,"73":5,"74":6,"75":1,"76":5,"77":5,"78":1,"79":4,"80":4,"81":4,"82":4,"83":4,"84":0,"85":4,"86":1,"87":3,"88":0,"89":3,"90":4,"91":1,"92":2,"93":1,"94":1,"95":1,"96":1,"97":0,"98":1,"99":1,"100":1,"101":1,"102":0,"103":1,"104":1,"105":1,"106":1,"107":7,"108":7,"109":6,"110":7,"111":1,"112":6,"113":6,"114":2,"115":2,"116":0,"117":2,"118":1,"119":5,"120":2,"121":2,"122":1,"123":1,"124":0,"125":1,"126":2,"127":1,"128":3,"129":2,"130":1,"131":1,"132":1,"133":1,"134":0,"135":0,"136":0,"137":0,"138":0,"139":1,"140":1,"141":1,"142":0,"143":1,"144":0,"145":1,"146":1,"147":1,"148":1,"149":1,"150":1,"151":1,"152":0,"153":1,"154":1,"155":1},"f":{"0":4,"1":7,"2":20,"3":4,"4":1,"5":2,"6":2,"7":0,"8":0,"9":0,"10":0,"11":3,"12":0,"13":4,"14":6,"15":5,"16":4,"17":1,"18":7,"19":6,"20":2,"21":1,"22":0,"23":1,"24":1},"b":{"0":[1,1],"1":[0,0],"2":[0,0],"3":[1,2],"4":[0,2],"5":[0,2],"6":[0,2],"7":[0,2],"8":[0,2],"9":[4,4],"10":[1,1],"11":[1,5],"12":[1,4],"13":[0,4],"14":[1,3],"15":[0,3],"16":[1,2],"17":[4,4],"18":[1,1],"19":[1,0],"20":[0,1],"21":[0,1],"22":[1,0,0],"23":[1,6],"24":[2,4],"25":[0,2],"26":[1,1],"27":[2,3],"28":[1,1],"29":[0,1],"30":[1,0],"31":[2,1],"32":[2,1],"33":[1,1],"34":[1,0],"35":[1,1],"36":[0,0],"37":[0,0],"38":[1,0],"39":[0,1],"40":[0,1],"41":[0,1]},"_coverageSchema":"1a1c01bbd47fc00a2c39e90264f33305004495a9","hash":"1bbc7fd4ed7dc404a6344e79ab1c4ccd55d98315"}
,"/home/bts/Desktop/prompt-history/APIrest/routes/studentRoutes.js": {"path":"/home/bts/Desktop/prompt-history/APIrest/routes/studentRoutes.js","statementMap":{"0":{"start":{"line":1,"column":16},"end":{"line":1,"column":34}},"1":{"start":{"line":2,"column":15},"end":{"line":2,"column":31}},"2":{"start":{"line":3,"column":26},"end":{"line":3,"column":69}},"3":{"start":{"line":5,"column":0},"end":{"line":5,"column":50}},"4":{"start":{"line":7,"column":0},"end":{"line":7,"column":62}},"5":{"start":{"line":9,"column":0},"end":{"line":9,"column":65}},"6":{"start":{"line":11,"column":0},"end":{"line":11,"column":54}},"7":{"start":{"line":13,"column":0},"end":{"line":13,"column":50}},"8":{"start":{"line":15,"column":0},"end":{"line":15,"column":52}},"9":{"start":{"line":17,"column":0},"end":{"line":17,"column":53}},"10":{"start":{"line":19,"column":0},"end":{"line":19,"column":55}},"11":{"start":{"line":22,"column":0},"end":{"line":22,"column":24}}},"fnMap":{},"branchMap":{},"s":{"0":1,"1":1,"2":1,"3":1,"4":1,"5":1,"6":1,"7":1,"8":1,"9":1,"10":1,"11":1},"f":{},"b":{},"_coverageSchema":"1a1c01bbd47fc00a2c39e90264f33305004495a9","hash":"d6edc83b0844364b3414bded73a6520fa86c3520"}
}
