TN:
SF:app.js
FN:15,(anonymous_0)
FN:19,(anonymous_1)
FNF:2
FNH:1
FNDA:0,(anonymous_0)
FNDA:2,(anonymous_1)
DA:1,2
DA:2,2
DA:3,2
DA:4,2
DA:5,2
DA:6,2
DA:7,2
DA:10,2
DA:11,2
DA:12,2
DA:13,2
DA:15,2
DA:16,0
DA:19,2
DA:20,2
DA:23,2
LF:16
LH:15
BRF:0
BRH:0
end_of_record
TN:
SF:controllers\courseController.js
FN:6,ReadData
FN:12,WriteData
FN:17,(anonymous_2)
FN:35,(anonymous_3)
FN:46,(anonymous_4)
FN:47,(anonymous_5)
FN:58,(anonymous_6)
FN:70,(anonymous_7)
FN:72,(anonymous_8)
FNF:9
FNH:9
FNDA:3,ReadData
FNDA:1,WriteData
FNDA:2,(anonymous_2)
FNDA:2,(anonymous_3)
FNDA:2,(anonymous_4)
FNDA:3,(anonymous_5)
FNDA:2,(anonymous_6)
FNDA:3,(anonymous_7)
FNDA:4,(anonymous_8)
DA:1,2
DA:2,2
DA:3,2
DA:7,3
DA:8,3
DA:13,1
DA:17,2
DA:18,2
DA:19,2
DA:20,1
DA:27,1
DA:35,2
DA:36,2
DA:37,2
DA:38,1
DA:44,1
DA:45,1
DA:46,1
DA:47,3
DA:50,1
DA:58,2
DA:59,2
DA:60,2
DA:61,0
DA:67,2
DA:68,2
DA:69,2
DA:70,2
DA:71,3
DA:72,4
DA:73,3
DA:74,3
DA:76,2
DA:77,1
DA:83,1
DA:84,1
LF:36
LH:35
BRDA:19,0,0,1
BRDA:19,0,1,1
BRDA:19,1,0,2
BRDA:19,1,1,1
BRDA:19,1,2,1
BRDA:37,2,0,1
BRDA:37,2,1,1
BRDA:37,3,0,2
BRDA:37,3,1,1
BRDA:37,3,2,1
BRDA:60,4,0,0
BRDA:60,4,1,2
BRDA:60,5,0,2
BRDA:60,5,1,2
BRDA:60,5,2,2
BRDA:73,6,0,2
BRDA:73,6,1,1
BRDA:76,7,0,1
BRDA:76,7,1,1
BRF:19
BRH:18
end_of_record
TN:
SF:controllers\studentController.js
FN:32,(anonymous_0)
FN:33,(anonymous_1)
FN:38,ReadData
FN:44,WriteData
FN:49,(anonymous_4)
FN:56,(anonymous_5)
FN:59,(anonymous_6)
FN:62,(anonymous_7)
FN:65,(anonymous_8)
FN:66,(anonymous_9)
FN:86,(anonymous_10)
FN:106,(anonymous_11)
FN:150,(anonymous_12)
FN:158,(anonymous_13)
FN:192,(anonymous_14)
FN:206,(anonymous_15)
FN:208,(anonymous_16)
FN:256,(anonymous_17)
FN:265,(anonymous_18)
FN:282,(anonymous_19)
FN:308,(anonymous_20)
FN:322,(anonymous_21)
FN:324,(anonymous_22)
FN:381,(anonymous_23)
FN:399,(anonymous_24)
FN:406,(anonymous_25)
FN:432,(anonymous_26)
FN:446,(anonymous_27)
FN:448,(anonymous_28)
FN:469,(anonymous_29)
FN:480,(anonymous_30)
FN:481,(anonymous_31)
FN:491,(anonymous_32)
FN:503,(anonymous_33)
FN:505,(anonymous_34)
FNF:35
FNH:32
FNDA:6,(anonymous_0)
FNDA:9,(anonymous_1)
FNDA:30,ReadData
FNDA:6,WriteData
FNDA:6,(anonymous_4)
FNDA:1,(anonymous_5)
FNDA:2,(anonymous_6)
FNDA:1,(anonymous_7)
FNDA:2,(anonymous_8)
FNDA:3,(anonymous_9)
FNDA:6,(anonymous_10)
FNDA:1,(anonymous_11)
FNDA:5,(anonymous_12)
FNDA:4,(anonymous_13)
FNDA:6,(anonymous_14)
FNDA:5,(anonymous_15)
FNDA:0,(anonymous_16)
FNDA:4,(anonymous_17)
FNDA:4,(anonymous_18)
FNDA:3,(anonymous_19)
FNDA:8,(anonymous_20)
FNDA:7,(anonymous_21)
FNDA:0,(anonymous_22)
FNDA:3,(anonymous_23)
FNDA:2,(anonymous_24)
FNDA:1,(anonymous_25)
FNDA:2,(anonymous_26)
FNDA:1,(anonymous_27)
FNDA:0,(anonymous_28)
FNDA:1,(anonymous_29)
FNDA:2,(anonymous_30)
FNDA:3,(anonymous_31)
FNDA:1,(anonymous_32)
FNDA:2,(anonymous_33)
FNDA:3,(anonymous_34)
DA:1,2
DA:2,2
DA:3,2
DA:4,2
DA:5,2
DA:6,2
DA:8,2
DA:10,2
DA:12,2
DA:15,2
DA:30,2
DA:32,2
DA:33,9
DA:34,6
DA:39,30
DA:40,30
DA:45,6
DA:49,2
DA:50,6
DA:51,6
DA:53,6
DA:55,6
DA:56,1
DA:58,6
DA:59,2
DA:61,6
DA:62,1
DA:64,6
DA:65,1
DA:66,3
DA:70,6
DA:71,1
DA:78,5
DA:86,2
DA:87,6
DA:88,6
DA:90,6
DA:91,1
DA:98,5
DA:99,1
DA:106,4
DA:107,1
DA:114,3
DA:115,3
DA:116,3
DA:118,3
DA:119,0
DA:126,3
DA:127,0
DA:134,3
DA:135,0
DA:142,3
DA:143,0
DA:150,5
DA:151,1
DA:158,4
DA:159,0
DA:166,2
DA:167,1
DA:174,1
DA:181,1
DA:182,1
DA:184,1
DA:192,2
DA:193,6
DA:194,6
DA:196,6
DA:197,0
DA:204,6
DA:205,6
DA:206,6
DA:207,0
DA:208,0
DA:211,6
DA:212,1
DA:219,5
DA:220,5
DA:221,1
DA:228,4
DA:229,0
DA:236,4
DA:237,4
DA:238,4
DA:240,4
DA:241,1
DA:248,3
DA:249,0
DA:256,4
DA:258,0
DA:265,4
DA:266,0
DA:273,3
DA:274,1
DA:281,2
DA:282,3
DA:284,2
DA:285,1
DA:292,1
DA:299,1
DA:300,1
DA:308,2
DA:309,8
DA:310,8
DA:312,8
DA:313,0
DA:321,8
DA:322,8
DA:323,0
DA:324,0
DA:327,8
DA:328,1
DA:335,7
DA:336,7
DA:337,0
DA:344,7
DA:346,7
DA:347,2
DA:348,2
DA:349,0
DA:355,2
DA:356,1
DA:362,1
DA:365,6
DA:366,3
DA:367,3
DA:368,1
DA:374,2
DA:375,0
DA:381,3
DA:382,1
DA:388,1
DA:391,4
DA:392,3
DA:393,1
DA:399,2
DA:400,1
DA:406,1
DA:407,0
DA:413,1
DA:414,0
DA:420,1
DA:423,2
DA:424,2
DA:432,2
DA:433,2
DA:434,2
DA:436,2
DA:437,0
DA:444,2
DA:445,2
DA:446,2
DA:447,0
DA:448,0
DA:451,2
DA:452,1
DA:459,1
DA:460,1
DA:461,1
DA:469,2
DA:470,1
DA:471,1
DA:472,0
DA:478,1
DA:479,1
DA:480,1
DA:481,3
DA:483,1
DA:491,2
DA:492,1
DA:493,1
DA:494,0
DA:500,1
DA:501,1
DA:502,1
DA:503,1
DA:504,2
DA:505,3
DA:506,2
DA:507,2
DA:509,1
DA:510,0
DA:516,1
DA:517,1
LF:183
LH:157
BRDA:55,0,0,1
BRDA:55,0,1,5
BRDA:58,1,0,2
BRDA:58,1,1,4
BRDA:61,2,0,1
BRDA:61,2,1,5
BRDA:64,3,0,1
BRDA:64,3,1,5
BRDA:70,4,0,1
BRDA:70,4,1,5
BRDA:90,5,0,1
BRDA:90,5,1,5
BRDA:90,6,0,6
BRDA:90,6,1,6
BRDA:98,7,0,1
BRDA:98,7,1,4
BRDA:106,8,0,1
BRDA:106,8,1,3
BRDA:118,9,0,0
BRDA:118,9,1,3
BRDA:126,10,0,0
BRDA:126,10,1,3
BRDA:134,11,0,0
BRDA:134,11,1,3
BRDA:142,12,0,0
BRDA:142,12,1,3
BRDA:142,13,0,3
BRDA:142,13,1,3
BRDA:150,14,0,1
BRDA:150,14,1,2
BRDA:150,15,0,5
BRDA:150,15,1,5
BRDA:158,16,0,0
BRDA:158,16,1,2
BRDA:166,17,0,1
BRDA:166,17,1,1
BRDA:196,18,0,0
BRDA:196,18,1,6
BRDA:196,19,0,6
BRDA:196,19,1,0
BRDA:205,20,0,6
BRDA:205,20,1,0
BRDA:207,21,0,0
BRDA:207,21,1,0
BRDA:211,22,0,1
BRDA:211,22,1,5
BRDA:220,23,0,1
BRDA:220,23,1,4
BRDA:220,24,0,5
BRDA:220,24,1,5
BRDA:228,25,0,0
BRDA:228,25,1,4
BRDA:240,26,0,1
BRDA:240,26,1,3
BRDA:248,27,0,0
BRDA:248,27,1,3
BRDA:256,28,0,0
BRDA:256,28,1,3
BRDA:256,29,0,3
BRDA:256,29,1,3
BRDA:256,29,2,3
BRDA:256,30,0,4
BRDA:256,30,1,4
BRDA:265,31,0,0
BRDA:265,31,1,3
BRDA:273,32,0,1
BRDA:273,32,1,2
BRDA:282,33,0,3
BRDA:282,33,1,1
BRDA:284,34,0,1
BRDA:284,34,1,1
BRDA:312,35,0,0
BRDA:312,35,1,8
BRDA:312,36,0,8
BRDA:312,36,1,0
BRDA:321,37,0,8
BRDA:321,37,1,0
BRDA:323,38,0,0
BRDA:323,38,1,0
BRDA:327,39,0,1
BRDA:327,39,1,7
BRDA:336,40,0,0
BRDA:336,40,1,7
BRDA:336,41,0,7
BRDA:336,41,1,7
BRDA:346,42,0,2
BRDA:346,42,1,5
BRDA:348,43,0,0
BRDA:348,43,1,2
BRDA:355,44,0,1
BRDA:355,44,1,1
BRDA:365,45,0,3
BRDA:365,45,1,3
BRDA:367,46,0,1
BRDA:367,46,1,2
BRDA:374,47,0,0
BRDA:374,47,1,2
BRDA:381,48,0,1
BRDA:381,48,1,1
BRDA:381,49,0,3
BRDA:381,49,1,1
BRDA:391,50,0,3
BRDA:391,50,1,1
BRDA:392,51,0,1
BRDA:392,51,1,2
BRDA:399,52,0,1
BRDA:399,52,1,1
BRDA:399,53,0,2
BRDA:399,53,1,2
BRDA:406,54,0,0
BRDA:406,54,1,1
BRDA:413,55,0,0
BRDA:413,55,1,1
BRDA:436,56,0,0
BRDA:436,56,1,2
BRDA:436,57,0,2
BRDA:436,57,1,0
BRDA:445,58,0,2
BRDA:445,58,1,0
BRDA:447,59,0,0
BRDA:447,59,1,0
BRDA:451,60,0,1
BRDA:451,60,1,1
BRDA:471,61,0,0
BRDA:471,61,1,1
BRDA:471,62,0,1
BRDA:471,62,1,1
BRDA:471,62,2,1
BRDA:493,63,0,0
BRDA:493,63,1,1
BRDA:493,64,0,1
BRDA:493,64,1,1
BRDA:493,64,2,1
BRDA:506,65,0,2
BRDA:506,65,1,0
BRDA:509,66,0,0
BRDA:509,66,1,1
BRF:137
BRH:104
end_of_record
TN:
SF:routes\courseRoutes.js
FNF:0
FNH:0
DA:2,2
DA:3,2
DA:4,2
DA:7,2
DA:8,2
DA:9,2
DA:11,2
LF:7
LH:7
BRF:0
BRH:0
end_of_record
TN:
SF:routes\studentRoutes.js
FNF:0
FNH:0
DA:1,2
DA:2,2
DA:3,2
DA:6,2
DA:9,2
DA:12,2
DA:13,2
DA:16,2
DA:19,2
DA:22,2
DA:24,2
LF:11
LH:11
BRF:0
BRH:0
end_of_record
