TN:
SF:app.js
FN:12,(anonymous_0)
FN:16,(anonymous_1)
FNF:2
FNH:1
FNDA:0,(anonymous_0)
FNDA:1,(anonymous_1)
DA:1,1
DA:2,1
DA:3,1
DA:4,1
DA:5,1
DA:6,1
DA:8,1
DA:9,1
DA:10,1
DA:12,1
DA:13,0
DA:16,1
DA:17,1
DA:20,1
LF:14
LH:13
BRF:0
BRH:0
end_of_record
TN:
SF:controllers/studentController.js
FN:34,ReadData
FN:40,WriteData
FN:47,(anonymous_2)
FN:59,(anonymous_3)
FN:61,(anonymous_4)
FN:72,(anonymous_5)
FN:76,(anonymous_6)
FN:90,(anonymous_7)
FN:94,(anonymous_8)
FN:107,(anonymous_9)
FN:117,(anonymous_10)
FN:139,(anonymous_11)
FN:152,(anonymous_12)
FN:154,(anonymous_13)
FN:184,(anonymous_14)
FN:191,(anonymous_15)
FN:225,(anonymous_16)
FN:227,(anonymous_17)
FN:251,(anonymous_18)
FN:264,(anonymous_19)
FN:282,(anonymous_20)
FN:284,(anonymous_21)
FNF:22
FNH:17
FNDA:18,ReadData
FNDA:4,WriteData
FNDA:1,(anonymous_2)
FNDA:2,(anonymous_3)
FNDA:2,(anonymous_4)
FNDA:0,(anonymous_5)
FNDA:0,(anonymous_6)
FNDA:0,(anonymous_7)
FNDA:0,(anonymous_8)
FNDA:2,(anonymous_9)
FNDA:0,(anonymous_10)
FNDA:2,(anonymous_11)
FNDA:5,(anonymous_12)
FNDA:4,(anonymous_13)
FNDA:2,(anonymous_14)
FNDA:1,(anonymous_15)
FNDA:7,(anonymous_16)
FNDA:6,(anonymous_17)
FNDA:2,(anonymous_18)
FNDA:1,(anonymous_19)
FNDA:1,(anonymous_20)
FNDA:1,(anonymous_21)
DA:1,1
DA:2,1
DA:3,1
DA:4,1
DA:5,1
DA:6,1
DA:8,1
DA:10,1
DA:15,1
DA:29,1
DA:35,18
DA:36,18
DA:41,4
DA:47,1
DA:48,1
DA:49,1
DA:50,0
DA:52,1
DA:59,1
DA:60,2
DA:61,2
DA:62,2
DA:63,1
DA:65,1
DA:72,1
DA:73,0
DA:74,0
DA:76,0
DA:77,0
DA:80,0
DA:81,0
DA:84,0
DA:90,1
DA:91,0
DA:92,0
DA:94,0
DA:96,0
DA:97,0
DA:100,0
DA:107,1
DA:108,2
DA:109,2
DA:111,2
DA:112,1
DA:117,1
DA:118,0
DA:121,1
DA:129,1
DA:130,1
DA:131,1
DA:132,0
DA:135,1
DA:136,0
DA:139,2
DA:140,0
DA:143,1
DA:144,1
DA:145,1
DA:152,1
DA:153,5
DA:154,5
DA:155,5
DA:156,1
DA:159,4
DA:161,4
DA:162,1
DA:167,3
DA:169,3
DA:170,3
DA:171,3
DA:174,3
DA:175,0
DA:178,3
DA:179,1
DA:184,2
DA:185,1
DA:190,1
DA:191,1
DA:193,1
DA:194,0
DA:197,1
DA:198,1
DA:200,1
DA:202,1
DA:203,0
DA:209,1
DA:216,1
DA:217,1
DA:225,1
DA:226,7
DA:227,7
DA:228,7
DA:229,1
DA:232,6
DA:234,6
DA:235,2
DA:236,2
DA:237,0
DA:239,2
DA:240,1
DA:246,5
DA:247,2
DA:248,2
DA:249,1
DA:251,2
DA:252,1
DA:258,3
DA:259,2
DA:260,1
DA:264,1
DA:265,1
DA:271,1
DA:272,1
DA:273,1
DA:275,1
DA:276,1
DA:282,1
DA:283,1
DA:284,1
DA:285,1
DA:286,0
DA:289,1
DA:290,1
DA:291,1
LF:124
LH:101
BRDA:49,0,0,0
BRDA:49,0,1,1
BRDA:62,1,0,1
BRDA:62,1,1,1
BRDA:80,2,0,0
BRDA:80,2,1,0
BRDA:96,3,0,0
BRDA:96,3,1,0
BRDA:111,4,0,1
BRDA:111,4,1,1
BRDA:117,5,0,0
BRDA:117,5,1,1
BRDA:129,6,0,1
BRDA:129,6,1,0
BRDA:131,7,0,0
BRDA:131,7,1,1
BRDA:135,8,0,0
BRDA:135,8,1,1
BRDA:139,9,0,0
BRDA:139,9,1,1
BRDA:139,10,0,2
BRDA:139,10,1,2
BRDA:155,11,0,1
BRDA:155,11,1,4
BRDA:161,12,0,1
BRDA:161,12,1,3
BRDA:174,13,0,0
BRDA:174,13,1,3
BRDA:178,14,0,1
BRDA:178,14,1,2
BRDA:184,15,0,1
BRDA:184,15,1,1
BRDA:184,16,0,2
BRDA:184,16,1,2
BRDA:191,17,0,1
BRDA:191,17,1,0
BRDA:193,18,0,0
BRDA:193,18,1,1
BRDA:202,19,0,0
BRDA:202,19,1,1
BRDA:202,20,0,1
BRDA:202,20,1,0
BRDA:202,20,2,0
BRDA:228,21,0,1
BRDA:228,21,1,6
BRDA:234,22,0,2
BRDA:234,22,1,4
BRDA:236,23,0,0
BRDA:236,23,1,2
BRDA:239,24,0,1
BRDA:239,24,1,1
BRDA:246,25,0,2
BRDA:246,25,1,3
BRDA:248,26,0,1
BRDA:248,26,1,1
BRDA:251,27,0,1
BRDA:251,27,1,0
BRDA:251,28,0,2
BRDA:251,28,1,1
BRDA:258,29,0,2
BRDA:258,29,1,1
BRDA:259,30,0,1
BRDA:259,30,1,1
BRDA:264,31,0,1
BRDA:264,31,1,0
BRDA:264,32,0,1
BRDA:264,32,1,1
BRDA:271,33,0,1
BRDA:271,33,1,0
BRDA:272,34,0,0
BRDA:272,34,1,1
BRDA:273,35,0,0
BRDA:273,35,1,1
BRDA:285,36,0,0
BRDA:285,36,1,1
BRF:75
BRH:52
end_of_record
TN:
SF:routes/studentRoutes.js
FNF:0
FNH:0
DA:1,1
DA:2,1
DA:3,1
DA:5,1
DA:7,1
DA:9,1
DA:11,1
DA:13,1
DA:15,1
DA:17,1
DA:19,1
DA:22,1
LF:12
LH:12
BRF:0
BRH:0
end_of_record
