{"/home/user/Documentos/prompt-history/REST_API/app.js": {"path":"/home/user/Documentos/prompt-history/REST_API/app.js","statementMap":{"0":{"start":{"line":1,"column":16},"end":{"line":1,"column":34}},"1":{"start":{"line":2,"column":19},"end":{"line":2,"column":48}},"2":{"start":{"line":3,"column":25},"end":{"line":3,"column":59}},"3":{"start":{"line":4,"column":12},"end":{"line":4,"column":21}},"4":{"start":{"line":5,"column":14},"end":{"line":5,"column":43}},"5":{"start":{"line":6,"column":13},"end":{"line":6,"column":17}},"6":{"start":{"line":8,"column":0},"end":{"line":8,"column":24}},"7":{"start":{"line":10,"column":0},"end":{"line":10,"column":28}},"8":{"start":{"line":12,"column":0},"end":{"line":12,"column":75}},"9":{"start":{"line":14,"column":0},"end":{"line":16,"column":3}},"10":{"start":{"line":15,"column":4},"end":{"line":15,"column":75}},"11":{"start":{"line":18,"column":0},"end":{"line":21,"column":3}},"12":{"start":{"line":20,"column":4},"end":{"line":20,"column":64}},"13":{"start":{"line":23,"column":0},"end":{"line":23,"column":21}}},"fnMap":{"0":{"name":"(anonymous_0)","decl":{"start":{"line":14,"column":8},"end":{"line":14,"column":9}},"loc":{"start":{"line":14,"column":31},"end":{"line":16,"column":1}},"line":14},"1":{"name":"(anonymous_1)","decl":{"start":{"line":18,"column":17},"end":{"line":18,"column":18}},"loc":{"start":{"line":18,"column":23},"end":{"line":21,"column":1}},"line":18}},"branchMap":{},"s":{"0":1,"1":1,"2":1,"3":1,"4":1,"5":1,"6":1,"7":1,"8":1,"9":1,"10":1,"11":1,"12":1,"13":1},"f":{"0":1,"1":1},"b":{},"_coverageSchema":"1a1c01bbd47fc00a2c39e90264f33305004495a9","hash":"f12dbcdca530898b1fc9522e78acc942c50843a5"}
,"/home/user/Documentos/prompt-history/REST_API/routes/controllers.js": {"path":"/home/user/Documentos/prompt-history/REST_API/routes/controllers.js","statementMap":{"0":{"start":{"line":1,"column":11},"end":{"line":1,"column":24}},"1":{"start":{"line":2,"column":23},"end":{"line":2,"column":38}},"2":{"start":{"line":3,"column":12},"end":{"line":3,"column":26}},"3":{"start":{"line":4,"column":19},"end":{"line":4,"column":41}},"4":{"start":{"line":6,"column":19},"end":{"line":6,"column":79}},"5":{"start":{"line":8,"column":22},"end":{"line":8,"column":50}},"6":{"start":{"line":9,"column":0},"end":{"line":9,"column":26}},"7":{"start":{"line":11,"column":27},"end":{"line":23,"column":1}},"8":{"start":{"line":25,"column":41},"end":{"line":37,"column":1}},"9":{"start":{"line":39,"column":43},"end":{"line":50,"column":1}},"10":{"start":{"line":52,"column":29},"end":{"line":52,"column":70}},"11":{"start":{"line":53,"column":38},"end":{"line":53,"column":93}},"12":{"start":{"line":54,"column":40},"end":{"line":54,"column":97}},"13":{"start":{"line":60,"column":4},"end":{"line":68,"column":5}},"14":{"start":{"line":62,"column":8},"end":{"line":62,"column":51}},"15":{"start":{"line":65,"column":8},"end":{"line":65,"column":43}},"16":{"start":{"line":66,"column":8},"end":{"line":66,"column":18}},"17":{"start":{"line":70,"column":19},"end":{"line":70,"column":35}},"18":{"start":{"line":72,"column":4},"end":{"line":72,"column":20}},"19":{"start":{"line":78,"column":4},"end":{"line":84,"column":5}},"20":{"start":{"line":80,"column":8},"end":{"line":80,"column":68}},"21":{"start":{"line":83,"column":8},"end":{"line":83,"column":65}},"22":{"start":{"line":90,"column":23},"end":{"line":90,"column":50}},"23":{"start":{"line":91,"column":18},"end":{"line":91,"column":38}},"24":{"start":{"line":93,"column":4},"end":{"line":96,"column":5}},"25":{"start":{"line":95,"column":8},"end":{"line":95,"column":44}},"26":{"start":{"line":98,"column":4},"end":{"line":104,"column":5}},"27":{"start":{"line":100,"column":8},"end":{"line":100,"column":44}},"28":{"start":{"line":103,"column":8},"end":{"line":103,"column":72}},"29":{"start":{"line":109,"column":28},"end":{"line":109,"column":54}},"30":{"start":{"line":111,"column":4},"end":{"line":115,"column":5}},"31":{"start":{"line":113,"column":8},"end":{"line":113,"column":62}},"32":{"start":{"line":122,"column":23},"end":{"line":122,"column":33}},"33":{"start":{"line":123,"column":22},"end":{"line":123,"column":116}},"34":{"start":{"line":123,"column":55},"end":{"line":123,"column":115}},"35":{"start":{"line":132,"column":4},"end":{"line":175,"column":5}},"36":{"start":{"line":134,"column":8},"end":{"line":134,"column":109}},"37":{"start":{"line":138,"column":8},"end":{"line":174,"column":9}},"38":{"start":{"line":140,"column":12},"end":{"line":140,"column":96}},"39":{"start":{"line":144,"column":21},"end":{"line":144,"column":29}},"40":{"start":{"line":145,"column":34},"end":{"line":145,"column":66}},"41":{"start":{"line":146,"column":30},"end":{"line":146,"column":60}},"42":{"start":{"line":147,"column":32},"end":{"line":147,"column":64}},"43":{"start":{"line":149,"column":12},"end":{"line":153,"column":13}},"44":{"start":{"line":151,"column":16},"end":{"line":151,"column":101}},"45":{"start":{"line":155,"column":29},"end":{"line":160,"column":13}},"46":{"start":{"line":162,"column":12},"end":{"line":162,"column":42}},"47":{"start":{"line":164,"column":12},"end":{"line":172,"column":13}},"48":{"start":{"line":166,"column":16},"end":{"line":166,"column":40}},"49":{"start":{"line":167,"column":16},"end":{"line":167,"column":55}},"50":{"start":{"line":171,"column":16},"end":{"line":171,"column":72}},"51":{"start":{"line":180,"column":28},"end":{"line":180,"column":63}},"52":{"start":{"line":182,"column":4},"end":{"line":186,"column":5}},"53":{"start":{"line":184,"column":8},"end":{"line":184,"column":62}},"54":{"start":{"line":200,"column":4},"end":{"line":273,"column":5}},"55":{"start":{"line":202,"column":8},"end":{"line":202,"column":68}},"56":{"start":{"line":206,"column":27},"end":{"line":206,"column":37}},"57":{"start":{"line":210,"column":27},"end":{"line":210,"column":54}},"58":{"start":{"line":211,"column":22},"end":{"line":211,"column":42}},"59":{"start":{"line":212,"column":27},"end":{"line":212,"column":52}},"60":{"start":{"line":215,"column":8},"end":{"line":272,"column":9}},"61":{"start":{"line":217,"column":12},"end":{"line":221,"column":13}},"62":{"start":{"line":219,"column":16},"end":{"line":219,"column":98}},"63":{"start":{"line":223,"column":12},"end":{"line":268,"column":13}},"64":{"start":{"line":225,"column":16},"end":{"line":225,"column":145}},"65":{"start":{"line":229,"column":34},"end":{"line":229,"column":128}},"66":{"start":{"line":229,"column":67},"end":{"line":229,"column":127}},"67":{"start":{"line":231,"column":16},"end":{"line":235,"column":17}},"68":{"start":{"line":233,"column":20},"end":{"line":233,"column":121}},"69":{"start":{"line":237,"column":38},"end":{"line":237,"column":70}},"70":{"start":{"line":238,"column":34},"end":{"line":238,"column":64}},"71":{"start":{"line":239,"column":36},"end":{"line":239,"column":68}},"72":{"start":{"line":241,"column":16},"end":{"line":245,"column":17}},"73":{"start":{"line":243,"column":20},"end":{"line":243,"column":114}},"74":{"start":{"line":247,"column":37},"end":{"line":247,"column":83}},"75":{"start":{"line":249,"column":16},"end":{"line":253,"column":17}},"76":{"start":{"line":251,"column":20},"end":{"line":251,"column":149}},"77":{"start":{"line":255,"column":37},"end":{"line":261,"column":17}},"78":{"start":{"line":263,"column":16},"end":{"line":263,"column":60}},"79":{"start":{"line":265,"column":16},"end":{"line":265,"column":40}},"80":{"start":{"line":267,"column":16},"end":{"line":267,"column":59}},"81":{"start":{"line":271,"column":12},"end":{"line":271,"column":76}},"82":{"start":{"line":278,"column":28},"end":{"line":278,"column":65}},"83":{"start":{"line":280,"column":4},"end":{"line":284,"column":5}},"84":{"start":{"line":282,"column":8},"end":{"line":282,"column":62}},"85":{"start":{"line":286,"column":4},"end":{"line":365,"column":5}},"86":{"start":{"line":288,"column":8},"end":{"line":288,"column":133}},"87":{"start":{"line":298,"column":8},"end":{"line":364,"column":9}},"88":{"start":{"line":300,"column":12},"end":{"line":300,"column":72}},"89":{"start":{"line":304,"column":31},"end":{"line":304,"column":41}},"90":{"start":{"line":308,"column":31},"end":{"line":308,"column":58}},"91":{"start":{"line":309,"column":26},"end":{"line":309,"column":46}},"92":{"start":{"line":310,"column":31},"end":{"line":310,"column":56}},"93":{"start":{"line":312,"column":12},"end":{"line":363,"column":13}},"94":{"start":{"line":314,"column":16},"end":{"line":318,"column":17}},"95":{"start":{"line":316,"column":20},"end":{"line":316,"column":102}},"96":{"start":{"line":320,"column":38},"end":{"line":320,"column":70}},"97":{"start":{"line":321,"column":34},"end":{"line":321,"column":64}},"98":{"start":{"line":322,"column":36},"end":{"line":322,"column":68}},"99":{"start":{"line":324,"column":16},"end":{"line":328,"column":17}},"100":{"start":{"line":326,"column":20},"end":{"line":326,"column":114}},"101":{"start":{"line":330,"column":37},"end":{"line":330,"column":83}},"102":{"start":{"line":332,"column":16},"end":{"line":359,"column":17}},"103":{"start":{"line":334,"column":20},"end":{"line":334,"column":145}},"104":{"start":{"line":338,"column":41},"end":{"line":344,"column":21}},"105":{"start":{"line":346,"column":38},"end":{"line":346,"column":132}},"106":{"start":{"line":346,"column":71},"end":{"line":346,"column":131}},"107":{"start":{"line":348,"column":20},"end":{"line":352,"column":21}},"108":{"start":{"line":350,"column":24},"end":{"line":350,"column":125}},"109":{"start":{"line":354,"column":20},"end":{"line":354,"column":64}},"110":{"start":{"line":356,"column":20},"end":{"line":356,"column":44}},"111":{"start":{"line":358,"column":20},"end":{"line":358,"column":62}},"112":{"start":{"line":362,"column":16},"end":{"line":362,"column":80}},"113":{"start":{"line":370,"column":23},"end":{"line":370,"column":33}},"114":{"start":{"line":373,"column":23},"end":{"line":373,"column":50}},"115":{"start":{"line":374,"column":23},"end":{"line":374,"column":48}},"116":{"start":{"line":376,"column":4},"end":{"line":392,"column":5}},"117":{"start":{"line":378,"column":8},"end":{"line":378,"column":72}},"118":{"start":{"line":381,"column":8},"end":{"line":385,"column":9}},"119":{"start":{"line":383,"column":12},"end":{"line":383,"column":96}},"120":{"start":{"line":387,"column":8},"end":{"line":387,"column":45}},"121":{"start":{"line":389,"column":8},"end":{"line":389,"column":32}},"122":{"start":{"line":391,"column":8},"end":{"line":391,"column":61}},"123":{"start":{"line":397,"column":23},"end":{"line":397,"column":25}},"124":{"start":{"line":399,"column":4},"end":{"line":428,"column":5}},"125":{"start":{"line":401,"column":8},"end":{"line":418,"column":9}},"126":{"start":{"line":403,"column":12},"end":{"line":417,"column":13}},"127":{"start":{"line":405,"column":36},"end":{"line":405,"column":54}},"128":{"start":{"line":406,"column":16},"end":{"line":406,"column":37}},"129":{"start":{"line":408,"column":16},"end":{"line":411,"column":17}},"130":{"start":{"line":410,"column":20},"end":{"line":410,"column":53}},"131":{"start":{"line":415,"column":16},"end":{"line":415,"column":50}},"132":{"start":{"line":422,"column":8},"end":{"line":425,"column":9}},"133":{"start":{"line":424,"column":12},"end":{"line":424,"column":45}},"134":{"start":{"line":427,"column":8},"end":{"line":427,"column":28}},"135":{"start":{"line":430,"column":4},"end":{"line":430,"column":24}},"136":{"start":{"line":435,"column":4},"end":{"line":449,"column":5}},"137":{"start":{"line":437,"column":8},"end":{"line":448,"column":9}},"138":{"start":{"line":439,"column":12},"end":{"line":446,"column":13}},"139":{"start":{"line":441,"column":16},"end":{"line":444,"column":17}},"140":{"start":{"line":443,"column":20},"end":{"line":443,"column":33}},"141":{"start":{"line":451,"column":4},"end":{"line":451,"column":16}},"142":{"start":{"line":456,"column":4},"end":{"line":473,"column":5}},"143":{"start":{"line":458,"column":31},"end":{"line":458,"column":32}},"144":{"start":{"line":460,"column":8},"end":{"line":466,"column":9}},"145":{"start":{"line":460,"column":21},"end":{"line":460,"column":22}},"146":{"start":{"line":462,"column":12},"end":{"line":465,"column":13}},"147":{"start":{"line":464,"column":16},"end":{"line":464,"column":35}},"148":{"start":{"line":468,"column":8},"end":{"line":472,"column":9}},"149":{"start":{"line":470,"column":12},"end":{"line":470,"column":25}},"150":{"start":{"line":475,"column":4},"end":{"line":475,"column":16}},"151":{"start":{"line":480,"column":26},"end":{"line":480,"column":113}},"152":{"start":{"line":481,"column":26},"end":{"line":481,"column":76}},"153":{"start":{"line":483,"column":20},"end":{"line":483,"column":51}},"154":{"start":{"line":484,"column":21},"end":{"line":484,"column":53}},"155":{"start":{"line":486,"column":23},"end":{"line":486,"column":33}},"156":{"start":{"line":488,"column":4},"end":{"line":524,"column":5}},"157":{"start":{"line":490,"column":22},"end":{"line":490,"column":86}},"158":{"start":{"line":490,"column":55},"end":{"line":490,"column":85}},"159":{"start":{"line":491,"column":27},"end":{"line":491,"column":96}},"160":{"start":{"line":491,"column":65},"end":{"line":491,"column":95}},"161":{"start":{"line":493,"column":8},"end":{"line":496,"column":9}},"162":{"start":{"line":495,"column":12},"end":{"line":495,"column":44}},"163":{"start":{"line":498,"column":8},"end":{"line":498,"column":21}},"164":{"start":{"line":500,"column":11},"end":{"line":524,"column":5}},"165":{"start":{"line":502,"column":22},"end":{"line":502,"column":89}},"166":{"start":{"line":502,"column":55},"end":{"line":502,"column":88}},"167":{"start":{"line":503,"column":27},"end":{"line":503,"column":99}},"168":{"start":{"line":503,"column":65},"end":{"line":503,"column":98}},"169":{"start":{"line":505,"column":9},"end":{"line":508,"column":9}},"170":{"start":{"line":507,"column":12},"end":{"line":507,"column":44}},"171":{"start":{"line":510,"column":8},"end":{"line":510,"column":21}},"172":{"start":{"line":512,"column":11},"end":{"line":524,"column":5}},"173":{"start":{"line":514,"column":22},"end":{"line":514,"column":132}},"174":{"start":{"line":514,"column":57},"end":{"line":514,"column":131}},"175":{"start":{"line":516,"column":8},"end":{"line":520,"column":9}},"176":{"start":{"line":518,"column":12},"end":{"line":518,"column":25}},"177":{"start":{"line":522,"column":8},"end":{"line":522,"column":27}},"178":{"start":{"line":540,"column":0},"end":{"line":540,"column":133}}},"fnMap":{"0":{"name":"readData","decl":{"start":{"line":56,"column":9},"end":{"line":56,"column":17}},"loc":{"start":{"line":56,"column":20},"end":{"line":74,"column":1}},"line":56},"1":{"name":"writeData","decl":{"start":{"line":76,"column":9},"end":{"line":76,"column":18}},"loc":{"start":{"line":76,"column":25},"end":{"line":86,"column":1}},"line":76},"2":{"name":"getStudentBySearchParam","decl":{"start":{"line":88,"column":9},"end":{"line":88,"column":32}},"loc":{"start":{"line":88,"column":46},"end":{"line":105,"column":1}},"line":88},"3":{"name":"createNewStudent","decl":{"start":{"line":107,"column":9},"end":{"line":107,"column":25}},"loc":{"start":{"line":107,"column":32},"end":{"line":176,"column":1}},"line":107},"4":{"name":"(anonymous_4)","decl":{"start":{"line":123,"column":40},"end":{"line":123,"column":41}},"loc":{"start":{"line":123,"column":55},"end":{"line":123,"column":115}},"line":123},"5":{"name":"completeStudentUpdate","decl":{"start":{"line":178,"column":9},"end":{"line":178,"column":30}},"loc":{"start":{"line":178,"column":50},"end":{"line":274,"column":1}},"line":178},"6":{"name":"(anonymous_6)","decl":{"start":{"line":229,"column":52},"end":{"line":229,"column":53}},"loc":{"start":{"line":229,"column":67},"end":{"line":229,"column":127}},"line":229},"7":{"name":"partialStudentUpdate","decl":{"start":{"line":276,"column":9},"end":{"line":276,"column":29}},"loc":{"start":{"line":276,"column":49},"end":{"line":366,"column":1}},"line":276},"8":{"name":"(anonymous_8)","decl":{"start":{"line":346,"column":56},"end":{"line":346,"column":57}},"loc":{"start":{"line":346,"column":71},"end":{"line":346,"column":131}},"line":346},"9":{"name":"deleteStudent","decl":{"start":{"line":368,"column":9},"end":{"line":368,"column":22}},"loc":{"start":{"line":368,"column":36},"end":{"line":393,"column":1}},"line":368},"10":{"name":"reviewCourses","decl":{"start":{"line":395,"column":9},"end":{"line":395,"column":22}},"loc":{"start":{"line":395,"column":32},"end":{"line":431,"column":1}},"line":395},"11":{"name":"nonDuplicateCourses","decl":{"start":{"line":433,"column":9},"end":{"line":433,"column":28}},"loc":{"start":{"line":433,"column":38},"end":{"line":452,"column":1}},"line":433},"12":{"name":"comparateCourses","decl":{"start":{"line":454,"column":9},"end":{"line":454,"column":25}},"loc":{"start":{"line":454,"column":46},"end":{"line":476,"column":1}},"line":454},"13":{"name":"searchStudents","decl":{"start":{"line":478,"column":9},"end":{"line":478,"column":23}},"loc":{"start":{"line":478,"column":37},"end":{"line":526,"column":1}},"line":478},"14":{"name":"(anonymous_14)","decl":{"start":{"line":490,"column":40},"end":{"line":490,"column":41}},"loc":{"start":{"line":490,"column":55},"end":{"line":490,"column":85}},"line":490},"15":{"name":"(anonymous_15)","decl":{"start":{"line":491,"column":50},"end":{"line":491,"column":51}},"loc":{"start":{"line":491,"column":65},"end":{"line":491,"column":95}},"line":491},"16":{"name":"(anonymous_16)","decl":{"start":{"line":502,"column":40},"end":{"line":502,"column":41}},"loc":{"start":{"line":502,"column":55},"end":{"line":502,"column":88}},"line":502},"17":{"name":"(anonymous_17)","decl":{"start":{"line":503,"column":50},"end":{"line":503,"column":51}},"loc":{"start":{"line":503,"column":65},"end":{"line":503,"column":98}},"line":503},"18":{"name":"(anonymous_18)","decl":{"start":{"line":514,"column":42},"end":{"line":514,"column":43}},"loc":{"start":{"line":514,"column":57},"end":{"line":514,"column":131}},"line":514}},"branchMap":{"0":{"loc":{"start":{"line":93,"column":4},"end":{"line":96,"column":5}},"type":"if","locations":[{"start":{"line":93,"column":4},"end":{"line":96,"column":5}},{"start":{},"end":{}}],"line":93},"1":{"loc":{"start":{"line":98,"column":4},"end":{"line":104,"column":5}},"type":"if","locations":[{"start":{"line":98,"column":4},"end":{"line":104,"column":5}},{"start":{"line":101,"column":11},"end":{"line":104,"column":5}}],"line":98},"2":{"loc":{"start":{"line":111,"column":4},"end":{"line":115,"column":5}},"type":"if","locations":[{"start":{"line":111,"column":4},"end":{"line":115,"column":5}},{"start":{},"end":{}}],"line":111},"3":{"loc":{"start":{"line":132,"column":4},"end":{"line":175,"column":5}},"type":"if","locations":[{"start":{"line":132,"column":4},"end":{"line":175,"column":5}},{"start":{"line":136,"column":11},"end":{"line":175,"column":5}}],"line":132},"4":{"loc":{"start":{"line":138,"column":8},"end":{"line":174,"column":9}},"type":"if","locations":[{"start":{"line":138,"column":8},"end":{"line":174,"column":9}},{"start":{"line":142,"column":15},"end":{"line":174,"column":9}}],"line":138},"5":{"loc":{"start":{"line":145,"column":34},"end":{"line":145,"column":66}},"type":"cond-expr","locations":[{"start":{"line":145,"column":49},"end":{"line":145,"column":61}},{"start":{"line":145,"column":64},"end":{"line":145,"column":66}}],"line":145},"6":{"loc":{"start":{"line":149,"column":12},"end":{"line":153,"column":13}},"type":"if","locations":[{"start":{"line":149,"column":12},"end":{"line":153,"column":13}},{"start":{},"end":{}}],"line":149},"7":{"loc":{"start":{"line":182,"column":4},"end":{"line":186,"column":5}},"type":"if","locations":[{"start":{"line":182,"column":4},"end":{"line":186,"column":5}},{"start":{},"end":{}}],"line":182},"8":{"loc":{"start":{"line":200,"column":4},"end":{"line":273,"column":5}},"type":"if","locations":[{"start":{"line":200,"column":4},"end":{"line":273,"column":5}},{"start":{"line":204,"column":11},"end":{"line":273,"column":5}}],"line":200},"9":{"loc":{"start":{"line":215,"column":8},"end":{"line":272,"column":9}},"type":"if","locations":[{"start":{"line":215,"column":8},"end":{"line":272,"column":9}},{"start":{"line":269,"column":15},"end":{"line":272,"column":9}}],"line":215},"10":{"loc":{"start":{"line":217,"column":12},"end":{"line":221,"column":13}},"type":"if","locations":[{"start":{"line":217,"column":12},"end":{"line":221,"column":13}},{"start":{},"end":{}}],"line":217},"11":{"loc":{"start":{"line":223,"column":12},"end":{"line":268,"column":13}},"type":"if","locations":[{"start":{"line":223,"column":12},"end":{"line":268,"column":13}},{"start":{"line":227,"column":19},"end":{"line":268,"column":13}}],"line":223},"12":{"loc":{"start":{"line":223,"column":16},"end":{"line":223,"column":74}},"type":"binary-expr","locations":[{"start":{"line":223,"column":16},"end":{"line":223,"column":42}},{"start":{"line":223,"column":46},"end":{"line":223,"column":74}}],"line":223},"13":{"loc":{"start":{"line":231,"column":16},"end":{"line":235,"column":17}},"type":"if","locations":[{"start":{"line":231,"column":16},"end":{"line":235,"column":17}},{"start":{},"end":{}}],"line":231},"14":{"loc":{"start":{"line":237,"column":38},"end":{"line":237,"column":70}},"type":"cond-expr","locations":[{"start":{"line":237,"column":53},"end":{"line":237,"column":65}},{"start":{"line":237,"column":68},"end":{"line":237,"column":70}}],"line":237},"15":{"loc":{"start":{"line":241,"column":16},"end":{"line":245,"column":17}},"type":"if","locations":[{"start":{"line":241,"column":16},"end":{"line":245,"column":17}},{"start":{},"end":{}}],"line":241},"16":{"loc":{"start":{"line":249,"column":16},"end":{"line":253,"column":17}},"type":"if","locations":[{"start":{"line":249,"column":16},"end":{"line":253,"column":17}},{"start":{},"end":{}}],"line":249},"17":{"loc":{"start":{"line":280,"column":4},"end":{"line":284,"column":5}},"type":"if","locations":[{"start":{"line":280,"column":4},"end":{"line":284,"column":5}},{"start":{},"end":{}}],"line":280},"18":{"loc":{"start":{"line":286,"column":4},"end":{"line":365,"column":5}},"type":"if","locations":[{"start":{"line":286,"column":4},"end":{"line":365,"column":5}},{"start":{"line":289,"column":11},"end":{"line":365,"column":5}}],"line":286},"19":{"loc":{"start":{"line":286,"column":8},"end":{"line":286,"column":89}},"type":"binary-expr","locations":[{"start":{"line":286,"column":8},"end":{"line":286,"column":31}},{"start":{"line":286,"column":35},"end":{"line":286,"column":59}},{"start":{"line":286,"column":63},"end":{"line":286,"column":89}}],"line":286},"20":{"loc":{"start":{"line":298,"column":8},"end":{"line":364,"column":9}},"type":"if","locations":[{"start":{"line":298,"column":8},"end":{"line":364,"column":9}},{"start":{"line":302,"column":15},"end":{"line":364,"column":9}}],"line":298},"21":{"loc":{"start":{"line":312,"column":12},"end":{"line":363,"column":13}},"type":"if","locations":[{"start":{"line":312,"column":12},"end":{"line":363,"column":13}},{"start":{"line":360,"column":19},"end":{"line":363,"column":13}}],"line":312},"22":{"loc":{"start":{"line":314,"column":16},"end":{"line":318,"column":17}},"type":"if","locations":[{"start":{"line":314,"column":16},"end":{"line":318,"column":17}},{"start":{},"end":{}}],"line":314},"23":{"loc":{"start":{"line":320,"column":38},"end":{"line":320,"column":70}},"type":"cond-expr","locations":[{"start":{"line":320,"column":53},"end":{"line":320,"column":65}},{"start":{"line":320,"column":68},"end":{"line":320,"column":70}}],"line":320},"24":{"loc":{"start":{"line":324,"column":16},"end":{"line":328,"column":17}},"type":"if","locations":[{"start":{"line":324,"column":16},"end":{"line":328,"column":17}},{"start":{},"end":{}}],"line":324},"25":{"loc":{"start":{"line":332,"column":16},"end":{"line":359,"column":17}},"type":"if","locations":[{"start":{"line":332,"column":16},"end":{"line":359,"column":17}},{"start":{"line":336,"column":23},"end":{"line":359,"column":17}}],"line":332},"26":{"loc":{"start":{"line":332,"column":20},"end":{"line":332,"column":97}},"type":"binary-expr","locations":[{"start":{"line":332,"column":20},"end":{"line":332,"column":46}},{"start":{"line":332,"column":50},"end":{"line":332,"column":78}},{"start":{"line":332,"column":82},"end":{"line":332,"column":97}}],"line":332},"27":{"loc":{"start":{"line":341,"column":30},"end":{"line":341,"column":66}},"type":"cond-expr","locations":[{"start":{"line":341,"column":42},"end":{"line":341,"column":51}},{"start":{"line":341,"column":54},"end":{"line":341,"column":66}}],"line":341},"28":{"loc":{"start":{"line":342,"column":31},"end":{"line":342,"column":70}},"type":"cond-expr","locations":[{"start":{"line":342,"column":44},"end":{"line":342,"column":54}},{"start":{"line":342,"column":57},"end":{"line":342,"column":70}}],"line":342},"29":{"loc":{"start":{"line":348,"column":20},"end":{"line":352,"column":21}},"type":"if","locations":[{"start":{"line":348,"column":20},"end":{"line":352,"column":21}},{"start":{},"end":{}}],"line":348},"30":{"loc":{"start":{"line":348,"column":24},"end":{"line":348,"column":74}},"type":"binary-expr","locations":[{"start":{"line":348,"column":24},"end":{"line":348,"column":35}},{"start":{"line":348,"column":39},"end":{"line":348,"column":74}}],"line":348},"31":{"loc":{"start":{"line":376,"column":4},"end":{"line":392,"column":5}},"type":"if","locations":[{"start":{"line":376,"column":4},"end":{"line":392,"column":5}},{"start":{"line":379,"column":11},"end":{"line":392,"column":5}}],"line":376},"32":{"loc":{"start":{"line":381,"column":8},"end":{"line":385,"column":9}},"type":"if","locations":[{"start":{"line":381,"column":8},"end":{"line":385,"column":9}},{"start":{},"end":{}}],"line":381},"33":{"loc":{"start":{"line":399,"column":4},"end":{"line":428,"column":5}},"type":"if","locations":[{"start":{"line":399,"column":4},"end":{"line":428,"column":5}},{"start":{"line":420,"column":11},"end":{"line":428,"column":5}}],"line":399},"34":{"loc":{"start":{"line":401,"column":8},"end":{"line":418,"column":9}},"type":"if","locations":[{"start":{"line":401,"column":8},"end":{"line":418,"column":9}},{"start":{},"end":{}}],"line":401},"35":{"loc":{"start":{"line":403,"column":12},"end":{"line":417,"column":13}},"type":"if","locations":[{"start":{"line":403,"column":12},"end":{"line":417,"column":13}},{"start":{"line":413,"column":19},"end":{"line":417,"column":13}}],"line":403},"36":{"loc":{"start":{"line":435,"column":4},"end":{"line":449,"column":5}},"type":"if","locations":[{"start":{"line":435,"column":4},"end":{"line":449,"column":5}},{"start":{},"end":{}}],"line":435},"37":{"loc":{"start":{"line":441,"column":16},"end":{"line":444,"column":17}},"type":"if","locations":[{"start":{"line":441,"column":16},"end":{"line":444,"column":17}},{"start":{},"end":{}}],"line":441},"38":{"loc":{"start":{"line":441,"column":20},"end":{"line":441,"column":129}},"type":"binary-expr","locations":[{"start":{"line":441,"column":20},"end":{"line":441,"column":87}},{"start":{"line":441,"column":91},"end":{"line":441,"column":129}}],"line":441},"39":{"loc":{"start":{"line":456,"column":4},"end":{"line":473,"column":5}},"type":"if","locations":[{"start":{"line":456,"column":4},"end":{"line":473,"column":5}},{"start":{},"end":{}}],"line":456},"40":{"loc":{"start":{"line":462,"column":12},"end":{"line":465,"column":13}},"type":"if","locations":[{"start":{"line":462,"column":12},"end":{"line":465,"column":13}},{"start":{},"end":{}}],"line":462},"41":{"loc":{"start":{"line":468,"column":8},"end":{"line":472,"column":9}},"type":"if","locations":[{"start":{"line":468,"column":8},"end":{"line":472,"column":9}},{"start":{},"end":{}}],"line":468},"42":{"loc":{"start":{"line":488,"column":4},"end":{"line":524,"column":5}},"type":"if","locations":[{"start":{"line":488,"column":4},"end":{"line":524,"column":5}},{"start":{"line":500,"column":11},"end":{"line":524,"column":5}}],"line":488},"43":{"loc":{"start":{"line":493,"column":8},"end":{"line":496,"column":9}},"type":"if","locations":[{"start":{"line":493,"column":8},"end":{"line":496,"column":9}},{"start":{},"end":{}}],"line":493},"44":{"loc":{"start":{"line":500,"column":11},"end":{"line":524,"column":5}},"type":"if","locations":[{"start":{"line":500,"column":11},"end":{"line":524,"column":5}},{"start":{"line":512,"column":11},"end":{"line":524,"column":5}}],"line":500},"45":{"loc":{"start":{"line":505,"column":9},"end":{"line":508,"column":9}},"type":"if","locations":[{"start":{"line":505,"column":9},"end":{"line":508,"column":9}},{"start":{},"end":{}}],"line":505},"46":{"loc":{"start":{"line":512,"column":11},"end":{"line":524,"column":5}},"type":"if","locations":[{"start":{"line":512,"column":11},"end":{"line":524,"column":5}},{"start":{},"end":{}}],"line":512},"47":{"loc":{"start":{"line":512,"column":15},"end":{"line":512,"column":40}},"type":"binary-expr","locations":[{"start":{"line":512,"column":15},"end":{"line":512,"column":25}},{"start":{"line":512,"column":29},"end":{"line":512,"column":40}}],"line":512},"48":{"loc":{"start":{"line":516,"column":8},"end":{"line":520,"column":9}},"type":"if","locations":[{"start":{"line":516,"column":8},"end":{"line":520,"column":9}},{"start":{},"end":{}}],"line":516}},"s":{"0":1,"1":1,"2":1,"3":1,"4":1,"5":1,"6":1,"7":1,"8":1,"9":1,"10":1,"11":1,"12":1,"13":38,"14":38,"15":0,"16":0,"17":38,"18":38,"19":6,"20":6,"21":0,"22":6,"23":6,"24":6,"25":1,"26":5,"27":2,"28":3,"29":3,"30":3,"31":0,"32":3,"33":3,"34":12,"35":3,"36":0,"37":3,"38":1,"39":2,"40":2,"41":2,"42":2,"43":2,"44":0,"45":2,"46":2,"47":2,"48":2,"49":2,"50":0,"51":8,"52":8,"53":0,"54":8,"55":0,"56":8,"57":8,"58":8,"59":8,"60":8,"61":7,"62":1,"63":6,"64":1,"65":5,"66":19,"67":5,"68":1,"69":4,"70":4,"71":4,"72":4,"73":1,"74":3,"75":3,"76":1,"77":2,"78":2,"79":2,"80":2,"81":1,"82":4,"83":4,"84":1,"85":3,"86":1,"87":2,"88":0,"89":2,"90":2,"91":2,"92":2,"93":2,"94":2,"95":0,"96":2,"97":2,"98":2,"99":2,"100":1,"101":1,"102":1,"103":0,"104":1,"105":1,"106":4,"107":1,"108":0,"109":1,"110":1,"111":1,"112":0,"113":4,"114":4,"115":4,"116":4,"117":3,"118":1,"119":0,"120":1,"121":1,"122":1,"123":8,"124":8,"125":2,"126":2,"127":1,"128":1,"129":1,"130":2,"131":1,"132":6,"133":10,"134":6,"135":8,"136":8,"137":3,"138":5,"139":8,"140":2,"141":6,"142":4,"143":2,"144":2,"145":2,"146":5,"147":1,"148":2,"149":1,"150":3,"151":20,"152":20,"153":20,"154":20,"155":20,"156":20,"157":11,"158":21,"159":11,"160":21,"161":11,"162":10,"163":1,"164":9,"165":3,"166":10,"167":3,"168":10,"169":3,"170":1,"171":2,"172":6,"173":6,"174":24,"175":6,"176":3,"177":3,"178":1},"f":{"0":38,"1":6,"2":6,"3":3,"4":12,"5":8,"6":19,"7":4,"8":4,"9":4,"10":8,"11":8,"12":4,"13":20,"14":21,"15":21,"16":10,"17":10,"18":24},"b":{"0":[1,5],"1":[2,3],"2":[0,3],"3":[0,3],"4":[1,2],"5":[2,0],"6":[0,2],"7":[0,8],"8":[0,8],"9":[7,1],"10":[1,6],"11":[1,5],"12":[6,5],"13":[1,4],"14":[4,0],"15":[1,3],"16":[1,2],"17":[1,3],"18":[1,2],"19":[3,1,1],"20":[0,2],"21":[2,0],"22":[0,2],"23":[2,0],"24":[1,1],"25":[0,1],"26":[1,0,0],"27":[1,0],"28":[1,0],"29":[0,1],"30":[1,0],"31":[3,1],"32":[0,1],"33":[2,6],"34":[2,0],"35":[1,1],"36":[3,5],"37":[2,6],"38":[8,6],"39":[2,2],"40":[1,4],"41":[1,1],"42":[11,9],"43":[10,1],"44":[3,6],"45":[1,2],"46":[6,0],"47":[6,6],"48":[3,3]},"_coverageSchema":"1a1c01bbd47fc00a2c39e90264f33305004495a9","hash":"4eb0e97e9ec77504bfdc7fb6802612cf28780b21"}
,"/home/user/Documentos/prompt-history/REST_API/routes/routes.js": {"path":"/home/user/Documentos/prompt-history/REST_API/routes/routes.js","statementMap":{"0":{"start":{"line":1,"column":16},"end":{"line":1,"column":34}},"1":{"start":{"line":2,"column":15},"end":{"line":2,"column":31}},"2":{"start":{"line":3,"column":124},"end":{"line":3,"column":148}},"3":{"start":{"line":5,"column":0},"end":{"line":11,"column":3}},"4":{"start":{"line":7,"column":23},"end":{"line":7,"column":33}},"5":{"start":{"line":9,"column":4},"end":{"line":9,"column":44}},"6":{"start":{"line":13,"column":0},"end":{"line":20,"column":3}},"7":{"start":{"line":15,"column":22},"end":{"line":15,"column":48}},"8":{"start":{"line":16,"column":18},"end":{"line":16,"column":54}},"9":{"start":{"line":18,"column":4},"end":{"line":18,"column":50}},"10":{"start":{"line":22,"column":0},"end":{"line":33,"column":3}},"11":{"start":{"line":27,"column":15},"end":{"line":27,"column":27}},"12":{"start":{"line":29,"column":21},"end":{"line":29,"column":43}},"13":{"start":{"line":31,"column":4},"end":{"line":31,"column":56}},"14":{"start":{"line":35,"column":0},"end":{"line":47,"column":3}},"15":{"start":{"line":37,"column":22},"end":{"line":37,"column":48}},"16":{"start":{"line":41,"column":15},"end":{"line":41,"column":27}},"17":{"start":{"line":43,"column":25},"end":{"line":43,"column":65}},"18":{"start":{"line":45,"column":4},"end":{"line":45,"column":64}},"19":{"start":{"line":49,"column":0},"end":{"line":61,"column":3}},"20":{"start":{"line":51,"column":22},"end":{"line":51,"column":48}},"21":{"start":{"line":55,"column":15},"end":{"line":55,"column":27}},"22":{"start":{"line":57,"column":25},"end":{"line":57,"column":64}},"23":{"start":{"line":59,"column":4},"end":{"line":59,"column":64}},"24":{"start":{"line":63,"column":0},"end":{"line":70,"column":3}},"25":{"start":{"line":65,"column":22},"end":{"line":65,"column":48}},"26":{"start":{"line":66,"column":28},"end":{"line":66,"column":54}},"27":{"start":{"line":68,"column":4},"end":{"line":68,"column":70}},"28":{"start":{"line":72,"column":0},"end":{"line":72,"column":24}}},"fnMap":{"0":{"name":"(anonymous_0)","decl":{"start":{"line":5,"column":16},"end":{"line":5,"column":17}},"loc":{"start":{"line":5,"column":39},"end":{"line":11,"column":1}},"line":5},"1":{"name":"(anonymous_1)","decl":{"start":{"line":13,"column":28},"end":{"line":13,"column":29}},"loc":{"start":{"line":13,"column":51},"end":{"line":20,"column":1}},"line":13},"2":{"name":"(anonymous_2)","decl":{"start":{"line":22,"column":17},"end":{"line":22,"column":18}},"loc":{"start":{"line":22,"column":40},"end":{"line":33,"column":1}},"line":22},"3":{"name":"(anonymous_3)","decl":{"start":{"line":35,"column":28},"end":{"line":35,"column":29}},"loc":{"start":{"line":35,"column":51},"end":{"line":47,"column":1}},"line":35},"4":{"name":"(anonymous_4)","decl":{"start":{"line":49,"column":30},"end":{"line":49,"column":31}},"loc":{"start":{"line":49,"column":53},"end":{"line":61,"column":1}},"line":49},"5":{"name":"(anonymous_5)","decl":{"start":{"line":63,"column":31},"end":{"line":63,"column":32}},"loc":{"start":{"line":63,"column":54},"end":{"line":70,"column":1}},"line":63}},"branchMap":{},"s":{"0":1,"1":1,"2":1,"3":1,"4":1,"5":1,"6":1,"7":6,"8":6,"9":6,"10":1,"11":3,"12":3,"13":3,"14":1,"15":8,"16":8,"17":8,"18":8,"19":1,"20":4,"21":4,"22":4,"23":4,"24":1,"25":4,"26":4,"27":4,"28":1},"f":{"0":1,"1":6,"2":3,"3":8,"4":4,"5":4},"b":{},"_coverageSchema":"1a1c01bbd47fc00a2c39e90264f33305004495a9","hash":"4addfc315d60b18d822528a17e7ed86d015d828e"}
}
