{"/home/user/Documentos/prompt-history/REST_API/app.js": {"path":"/home/user/Documentos/prompt-history/REST_API/app.js","statementMap":{"0":{"start":{"line":1,"column":16},"end":{"line":1,"column":34}},"1":{"start":{"line":2,"column":19},"end":{"line":2,"column":48}},"2":{"start":{"line":3,"column":25},"end":{"line":3,"column":59}},"3":{"start":{"line":4,"column":12},"end":{"line":4,"column":21}},"4":{"start":{"line":5,"column":23},"end":{"line":5,"column":52}},"5":{"start":{"line":6,"column":22},"end":{"line":6,"column":59}},"6":{"start":{"line":7,"column":13},"end":{"line":7,"column":17}},"7":{"start":{"line":9,"column":0},"end":{"line":9,"column":24}},"8":{"start":{"line":11,"column":0},"end":{"line":11,"column":37}},"9":{"start":{"line":13,"column":0},"end":{"line":13,"column":35}},"10":{"start":{"line":15,"column":0},"end":{"line":15,"column":75}},"11":{"start":{"line":17,"column":0},"end":{"line":19,"column":3}},"12":{"start":{"line":18,"column":4},"end":{"line":18,"column":75}},"13":{"start":{"line":21,"column":0},"end":{"line":24,"column":3}},"14":{"start":{"line":23,"column":4},"end":{"line":23,"column":64}},"15":{"start":{"line":26,"column":0},"end":{"line":26,"column":21}}},"fnMap":{"0":{"name":"(anonymous_0)","decl":{"start":{"line":17,"column":8},"end":{"line":17,"column":9}},"loc":{"start":{"line":17,"column":31},"end":{"line":19,"column":1}},"line":17},"1":{"name":"(anonymous_1)","decl":{"start":{"line":21,"column":17},"end":{"line":21,"column":18}},"loc":{"start":{"line":21,"column":23},"end":{"line":24,"column":1}},"line":21}},"branchMap":{},"s":{"0":1,"1":1,"2":1,"3":1,"4":1,"5":1,"6":1,"7":1,"8":1,"9":1,"10":1,"11":1,"12":1,"13":1,"14":1,"15":1},"f":{"0":1,"1":1},"b":{},"_coverageSchema":"1a1c01bbd47fc00a2c39e90264f33305004495a9","hash":"ae8e275ebd5add395db54b909d13b2fcda479241"}
,"/home/user/Documentos/prompt-history/REST_API/routes/courses-routes.js": {"path":"/home/user/Documentos/prompt-history/REST_API/routes/courses-routes.js","statementMap":{"0":{"start":{"line":1,"column":16},"end":{"line":1,"column":34}},"1":{"start":{"line":2,"column":15},"end":{"line":2,"column":31}},"2":{"start":{"line":3,"column":40},"end":{"line":3,"column":103}},"3":{"start":{"line":4,"column":28},"end":{"line":4,"column":92}},"4":{"start":{"line":5,"column":25},"end":{"line":5,"column":88}},"5":{"start":{"line":6,"column":32},"end":{"line":6,"column":97}},"6":{"start":{"line":7,"column":25},"end":{"line":7,"column":91}},"7":{"start":{"line":10,"column":0},"end":{"line":15,"column":3}},"8":{"start":{"line":12,"column":22},"end":{"line":12,"column":37}},"9":{"start":{"line":14,"column":4},"end":{"line":14,"column":43}},"10":{"start":{"line":17,"column":0},"end":{"line":23,"column":3}},"11":{"start":{"line":19,"column":21},"end":{"line":19,"column":40}},"12":{"start":{"line":20,"column":21},"end":{"line":20,"column":45}},"13":{"start":{"line":22,"column":4},"end":{"line":22,"column":56}},"14":{"start":{"line":25,"column":0},"end":{"line":32,"column":3}},"15":{"start":{"line":27,"column":15},"end":{"line":27,"column":27}},"16":{"start":{"line":28,"column":20},"end":{"line":28,"column":41}},"17":{"start":{"line":30,"column":4},"end":{"line":30,"column":54}},"18":{"start":{"line":34,"column":0},"end":{"line":43,"column":3}},"19":{"start":{"line":36,"column":15},"end":{"line":36,"column":34}},"20":{"start":{"line":37,"column":15},"end":{"line":37,"column":27}},"21":{"start":{"line":39,"column":21},"end":{"line":39,"column":45}},"22":{"start":{"line":41,"column":4},"end":{"line":41,"column":56}},"23":{"start":{"line":45,"column":0},"end":{"line":54,"column":3}},"24":{"start":{"line":47,"column":15},"end":{"line":47,"column":34}},"25":{"start":{"line":48,"column":15},"end":{"line":48,"column":27}},"26":{"start":{"line":50,"column":21},"end":{"line":50,"column":52}},"27":{"start":{"line":52,"column":4},"end":{"line":52,"column":56}},"28":{"start":{"line":56,"column":0},"end":{"line":63,"column":3}},"29":{"start":{"line":58,"column":15},"end":{"line":58,"column":34}},"30":{"start":{"line":59,"column":17},"end":{"line":59,"column":35}},"31":{"start":{"line":61,"column":4},"end":{"line":61,"column":48}},"32":{"start":{"line":65,"column":0},"end":{"line":65,"column":24}}},"fnMap":{"0":{"name":"(anonymous_0)","decl":{"start":{"line":10,"column":16},"end":{"line":10,"column":17}},"loc":{"start":{"line":10,"column":39},"end":{"line":15,"column":1}},"line":10},"1":{"name":"(anonymous_1)","decl":{"start":{"line":17,"column":21},"end":{"line":17,"column":22}},"loc":{"start":{"line":17,"column":44},"end":{"line":23,"column":1}},"line":17},"2":{"name":"(anonymous_2)","decl":{"start":{"line":25,"column":17},"end":{"line":25,"column":18}},"loc":{"start":{"line":25,"column":40},"end":{"line":32,"column":1}},"line":25},"3":{"name":"(anonymous_3)","decl":{"start":{"line":34,"column":21},"end":{"line":34,"column":22}},"loc":{"start":{"line":34,"column":44},"end":{"line":43,"column":1}},"line":34},"4":{"name":"(anonymous_4)","decl":{"start":{"line":45,"column":23},"end":{"line":45,"column":24}},"loc":{"start":{"line":45,"column":46},"end":{"line":54,"column":1}},"line":45},"5":{"name":"(anonymous_5)","decl":{"start":{"line":56,"column":24},"end":{"line":56,"column":25}},"loc":{"start":{"line":56,"column":46},"end":{"line":63,"column":1}},"line":56}},"branchMap":{},"s":{"0":1,"1":1,"2":1,"3":1,"4":1,"5":1,"6":1,"7":1,"8":1,"9":1,"10":1,"11":2,"12":2,"13":2,"14":1,"15":8,"16":8,"17":8,"18":1,"19":6,"20":6,"21":6,"22":6,"23":1,"24":6,"25":6,"26":6,"27":6,"28":1,"29":2,"30":2,"31":2,"32":1},"f":{"0":1,"1":2,"2":8,"3":6,"4":6,"5":2},"b":{},"_coverageSchema":"1a1c01bbd47fc00a2c39e90264f33305004495a9","hash":"c63e9718740cd6413a63092ad0cb6420236e1838"}
,"/home/user/Documentos/prompt-history/REST_API/routes/routes.js": {"path":"/home/user/Documentos/prompt-history/REST_API/routes/routes.js","statementMap":{"0":{"start":{"line":1,"column":16},"end":{"line":1,"column":34}},"1":{"start":{"line":2,"column":15},"end":{"line":2,"column":31}},"2":{"start":{"line":3,"column":190},"end":{"line":3,"column":229}},"3":{"start":{"line":4,"column":20},"end":{"line":4,"column":40}},"4":{"start":{"line":6,"column":0},"end":{"line":11,"column":3}},"5":{"start":{"line":8,"column":23},"end":{"line":8,"column":39}},"6":{"start":{"line":10,"column":4},"end":{"line":10,"column":44}},"7":{"start":{"line":13,"column":0},"end":{"line":22,"column":3}},"8":{"start":{"line":15,"column":32},"end":{"line":15,"column":45}},"9":{"start":{"line":17,"column":22},"end":{"line":17,"column":41}},"10":{"start":{"line":19,"column":18},"end":{"line":19,"column":54}},"11":{"start":{"line":21,"column":4},"end":{"line":21,"column":50}},"12":{"start":{"line":24,"column":0},"end":{"line":31,"column":3}},"13":{"start":{"line":26,"column":13},"end":{"line":26,"column":30}},"14":{"start":{"line":28,"column":18},"end":{"line":28,"column":45}},"15":{"start":{"line":30,"column":4},"end":{"line":30,"column":50}},"16":{"start":{"line":33,"column":0},"end":{"line":40,"column":3}},"17":{"start":{"line":35,"column":13},"end":{"line":35,"column":30}},"18":{"start":{"line":37,"column":18},"end":{"line":37,"column":39}},"19":{"start":{"line":39,"column":4},"end":{"line":39,"column":50}},"20":{"start":{"line":42,"column":0},"end":{"line":52,"column":3}},"21":{"start":{"line":47,"column":15},"end":{"line":47,"column":27}},"22":{"start":{"line":49,"column":21},"end":{"line":49,"column":43}},"23":{"start":{"line":51,"column":4},"end":{"line":51,"column":56}},"24":{"start":{"line":54,"column":0},"end":{"line":62,"column":3}},"25":{"start":{"line":56,"column":13},"end":{"line":56,"column":30}},"26":{"start":{"line":57,"column":15},"end":{"line":57,"column":27}},"27":{"start":{"line":59,"column":25},"end":{"line":59,"column":56}},"28":{"start":{"line":61,"column":4},"end":{"line":61,"column":64}},"29":{"start":{"line":64,"column":0},"end":{"line":72,"column":3}},"30":{"start":{"line":66,"column":13},"end":{"line":66,"column":30}},"31":{"start":{"line":67,"column":15},"end":{"line":67,"column":27}},"32":{"start":{"line":69,"column":25},"end":{"line":69,"column":55}},"33":{"start":{"line":71,"column":4},"end":{"line":71,"column":64}},"34":{"start":{"line":74,"column":0},"end":{"line":82,"column":3}},"35":{"start":{"line":76,"column":13},"end":{"line":76,"column":30}},"36":{"start":{"line":77,"column":15},"end":{"line":77,"column":27}},"37":{"start":{"line":79,"column":17},"end":{"line":79,"column":37}},"38":{"start":{"line":81,"column":4},"end":{"line":81,"column":48}},"39":{"start":{"line":84,"column":0},"end":{"line":92,"column":3}},"40":{"start":{"line":86,"column":13},"end":{"line":86,"column":30}},"41":{"start":{"line":87,"column":15},"end":{"line":87,"column":27}},"42":{"start":{"line":89,"column":17},"end":{"line":89,"column":39}},"43":{"start":{"line":91,"column":4},"end":{"line":91,"column":48}},"44":{"start":{"line":94,"column":0},"end":{"line":101,"column":3}},"45":{"start":{"line":96,"column":13},"end":{"line":96,"column":30}},"46":{"start":{"line":98,"column":28},"end":{"line":98,"column":45}},"47":{"start":{"line":100,"column":4},"end":{"line":100,"column":70}},"48":{"start":{"line":103,"column":0},"end":{"line":110,"column":3}},"49":{"start":{"line":105,"column":13},"end":{"line":105,"column":30}},"50":{"start":{"line":107,"column":28},"end":{"line":107,"column":45}},"51":{"start":{"line":109,"column":4},"end":{"line":109,"column":70}},"52":{"start":{"line":112,"column":0},"end":{"line":112,"column":24}}},"fnMap":{"0":{"name":"(anonymous_0)","decl":{"start":{"line":6,"column":16},"end":{"line":6,"column":17}},"loc":{"start":{"line":6,"column":39},"end":{"line":11,"column":1}},"line":6},"1":{"name":"(anonymous_1)","decl":{"start":{"line":13,"column":22},"end":{"line":13,"column":23}},"loc":{"start":{"line":13,"column":45},"end":{"line":22,"column":1}},"line":13},"2":{"name":"(anonymous_2)","decl":{"start":{"line":24,"column":19},"end":{"line":24,"column":20}},"loc":{"start":{"line":24,"column":42},"end":{"line":31,"column":1}},"line":24},"3":{"name":"(anonymous_3)","decl":{"start":{"line":33,"column":27},"end":{"line":33,"column":28}},"loc":{"start":{"line":33,"column":50},"end":{"line":40,"column":1}},"line":33},"4":{"name":"(anonymous_4)","decl":{"start":{"line":42,"column":17},"end":{"line":42,"column":18}},"loc":{"start":{"line":42,"column":40},"end":{"line":52,"column":1}},"line":42},"5":{"name":"(anonymous_5)","decl":{"start":{"line":54,"column":19},"end":{"line":54,"column":20}},"loc":{"start":{"line":54,"column":42},"end":{"line":62,"column":1}},"line":54},"6":{"name":"(anonymous_6)","decl":{"start":{"line":64,"column":21},"end":{"line":64,"column":22}},"loc":{"start":{"line":64,"column":44},"end":{"line":72,"column":1}},"line":64},"7":{"name":"(anonymous_7)","decl":{"start":{"line":74,"column":27},"end":{"line":74,"column":28}},"loc":{"start":{"line":74,"column":50},"end":{"line":82,"column":1}},"line":74},"8":{"name":"(anonymous_8)","decl":{"start":{"line":84,"column":29},"end":{"line":84,"column":30}},"loc":{"start":{"line":84,"column":52},"end":{"line":92,"column":1}},"line":84},"9":{"name":"(anonymous_9)","decl":{"start":{"line":94,"column":22},"end":{"line":94,"column":23}},"loc":{"start":{"line":94,"column":45},"end":{"line":101,"column":1}},"line":94},"10":{"name":"(anonymous_10)","decl":{"start":{"line":103,"column":30},"end":{"line":103,"column":31}},"loc":{"start":{"line":103,"column":53},"end":{"line":110,"column":1}},"line":103}},"branchMap":{"0":{"loc":{"start":{"line":17,"column":22},"end":{"line":17,"column":41}},"type":"binary-expr","locations":[{"start":{"line":17,"column":22},"end":{"line":17,"column":24}},{"start":{"line":17,"column":28},"end":{"line":17,"column":33}},{"start":{"line":17,"column":37},"end":{"line":17,"column":41}}],"line":17}},"s":{"0":1,"1":1,"2":1,"3":1,"4":1,"5":1,"6":1,"7":1,"8":4,"9":4,"10":4,"11":4,"12":1,"13":6,"14":6,"15":6,"16":1,"17":2,"18":2,"19":2,"20":1,"21":6,"22":6,"23":6,"24":1,"25":9,"26":9,"27":9,"28":9,"29":1,"30":12,"31":12,"32":12,"33":12,"34":1,"35":4,"36":4,"37":4,"38":4,"39":1,"40":4,"41":4,"42":4,"43":4,"44":1,"45":4,"46":4,"47":4,"48":1,"49":2,"50":2,"51":2,"52":1},"f":{"0":1,"1":4,"2":6,"3":2,"4":6,"5":9,"6":12,"7":4,"8":4,"9":4,"10":2},"b":{"0":[4,3,2]},"_coverageSchema":"1a1c01bbd47fc00a2c39e90264f33305004495a9","hash":"cb985bb1f69fe0ff7f45667ae0686938b13d43ff"}
,"/home/user/Documentos/prompt-history/REST_API/routes/controllers/controllers.js": {"path":"/home/user/Documentos/prompt-history/REST_API/routes/controllers/controllers.js","statementMap":{"0":{"start":{"line":1,"column":11},"end":{"line":1,"column":24}},"1":{"start":{"line":2,"column":23},"end":{"line":2,"column":38}},"2":{"start":{"line":3,"column":12},"end":{"line":3,"column":26}},"3":{"start":{"line":4,"column":19},"end":{"line":4,"column":41}},"4":{"start":{"line":6,"column":19},"end":{"line":6,"column":79}},"5":{"start":{"line":8,"column":22},"end":{"line":8,"column":50}},"6":{"start":{"line":9,"column":0},"end":{"line":9,"column":26}},"7":{"start":{"line":11,"column":27},"end":{"line":23,"column":1}},"8":{"start":{"line":25,"column":41},"end":{"line":37,"column":1}},"9":{"start":{"line":39,"column":43},"end":{"line":50,"column":1}},"10":{"start":{"line":52,"column":23},"end":{"line":59,"column":1}},"11":{"start":{"line":61,"column":30},"end":{"line":69,"column":1}},"12":{"start":{"line":72,"column":29},"end":{"line":72,"column":73}},"13":{"start":{"line":73,"column":25},"end":{"line":73,"column":62}},"14":{"start":{"line":74,"column":29},"end":{"line":74,"column":70}},"15":{"start":{"line":75,"column":38},"end":{"line":75,"column":93}},"16":{"start":{"line":76,"column":40},"end":{"line":76,"column":97}},"17":{"start":{"line":82,"column":4},"end":{"line":90,"column":5}},"18":{"start":{"line":84,"column":8},"end":{"line":84,"column":51}},"19":{"start":{"line":87,"column":8},"end":{"line":87,"column":43}},"20":{"start":{"line":88,"column":8},"end":{"line":88,"column":18}},"21":{"start":{"line":92,"column":18},"end":{"line":92,"column":34}},"22":{"start":{"line":93,"column":19},"end":{"line":93,"column":35}},"23":{"start":{"line":95,"column":4},"end":{"line":95,"column":20}},"24":{"start":{"line":101,"column":4},"end":{"line":112,"column":5}},"25":{"start":{"line":103,"column":22},"end":{"line":103,"column":57}},"26":{"start":{"line":104,"column":19},"end":{"line":104,"column":38}},"27":{"start":{"line":106,"column":8},"end":{"line":106,"column":33}},"28":{"start":{"line":108,"column":8},"end":{"line":108,"column":68}},"29":{"start":{"line":111,"column":8},"end":{"line":111,"column":65}},"30":{"start":{"line":118,"column":19},"end":{"line":118,"column":29}},"31":{"start":{"line":120,"column":4},"end":{"line":120,"column":41}},"32":{"start":{"line":126,"column":4},"end":{"line":130,"column":5}},"33":{"start":{"line":128,"column":8},"end":{"line":128,"column":63}},"34":{"start":{"line":132,"column":23},"end":{"line":132,"column":50}},"35":{"start":{"line":133,"column":18},"end":{"line":133,"column":38}},"36":{"start":{"line":135,"column":4},"end":{"line":138,"column":5}},"37":{"start":{"line":137,"column":8},"end":{"line":137,"column":44}},"38":{"start":{"line":140,"column":4},"end":{"line":146,"column":5}},"39":{"start":{"line":142,"column":8},"end":{"line":142,"column":44}},"40":{"start":{"line":145,"column":8},"end":{"line":145,"column":72}},"41":{"start":{"line":151,"column":28},"end":{"line":151,"column":54}},"42":{"start":{"line":153,"column":4},"end":{"line":157,"column":5}},"43":{"start":{"line":155,"column":8},"end":{"line":155,"column":62}},"44":{"start":{"line":164,"column":23},"end":{"line":164,"column":33}},"45":{"start":{"line":165,"column":22},"end":{"line":165,"column":116}},"46":{"start":{"line":165,"column":55},"end":{"line":165,"column":115}},"47":{"start":{"line":174,"column":4},"end":{"line":217,"column":5}},"48":{"start":{"line":176,"column":8},"end":{"line":176,"column":85}},"49":{"start":{"line":180,"column":8},"end":{"line":216,"column":9}},"50":{"start":{"line":182,"column":12},"end":{"line":182,"column":98}},"51":{"start":{"line":186,"column":21},"end":{"line":186,"column":29}},"52":{"start":{"line":187,"column":34},"end":{"line":187,"column":66}},"53":{"start":{"line":188,"column":30},"end":{"line":188,"column":60}},"54":{"start":{"line":189,"column":32},"end":{"line":189,"column":64}},"55":{"start":{"line":191,"column":12},"end":{"line":195,"column":13}},"56":{"start":{"line":193,"column":16},"end":{"line":193,"column":131}},"57":{"start":{"line":197,"column":29},"end":{"line":202,"column":13}},"58":{"start":{"line":204,"column":12},"end":{"line":204,"column":42}},"59":{"start":{"line":206,"column":12},"end":{"line":214,"column":13}},"60":{"start":{"line":208,"column":16},"end":{"line":208,"column":40}},"61":{"start":{"line":209,"column":16},"end":{"line":209,"column":55}},"62":{"start":{"line":213,"column":16},"end":{"line":213,"column":72}},"63":{"start":{"line":222,"column":28},"end":{"line":222,"column":63}},"64":{"start":{"line":224,"column":4},"end":{"line":228,"column":5}},"65":{"start":{"line":226,"column":8},"end":{"line":226,"column":62}},"66":{"start":{"line":242,"column":4},"end":{"line":315,"column":5}},"67":{"start":{"line":244,"column":8},"end":{"line":244,"column":68}},"68":{"start":{"line":248,"column":27},"end":{"line":248,"column":37}},"69":{"start":{"line":252,"column":27},"end":{"line":252,"column":54}},"70":{"start":{"line":253,"column":22},"end":{"line":253,"column":42}},"71":{"start":{"line":254,"column":27},"end":{"line":254,"column":52}},"72":{"start":{"line":257,"column":8},"end":{"line":314,"column":9}},"73":{"start":{"line":265,"column":12},"end":{"line":310,"column":13}},"74":{"start":{"line":271,"column":34},"end":{"line":271,"column":128}},"75":{"start":{"line":271,"column":67},"end":{"line":271,"column":127}},"76":{"start":{"line":273,"column":16},"end":{"line":277,"column":17}},"77":{"start":{"line":275,"column":20},"end":{"line":275,"column":97}},"78":{"start":{"line":279,"column":38},"end":{"line":279,"column":70}},"79":{"start":{"line":280,"column":34},"end":{"line":280,"column":64}},"80":{"start":{"line":281,"column":36},"end":{"line":281,"column":68}},"81":{"start":{"line":283,"column":16},"end":{"line":287,"column":17}},"82":{"start":{"line":285,"column":20},"end":{"line":285,"column":114}},"83":{"start":{"line":297,"column":37},"end":{"line":303,"column":17}},"84":{"start":{"line":305,"column":16},"end":{"line":305,"column":60}},"85":{"start":{"line":307,"column":16},"end":{"line":307,"column":40}},"86":{"start":{"line":309,"column":16},"end":{"line":309,"column":59}},"87":{"start":{"line":313,"column":12},"end":{"line":313,"column":76}},"88":{"start":{"line":320,"column":28},"end":{"line":320,"column":65}},"89":{"start":{"line":322,"column":4},"end":{"line":326,"column":5}},"90":{"start":{"line":324,"column":8},"end":{"line":324,"column":62}},"91":{"start":{"line":328,"column":4},"end":{"line":413,"column":5}},"92":{"start":{"line":330,"column":8},"end":{"line":330,"column":133}},"93":{"start":{"line":340,"column":8},"end":{"line":412,"column":9}},"94":{"start":{"line":346,"column":31},"end":{"line":346,"column":41}},"95":{"start":{"line":350,"column":31},"end":{"line":350,"column":58}},"96":{"start":{"line":351,"column":26},"end":{"line":351,"column":46}},"97":{"start":{"line":352,"column":31},"end":{"line":352,"column":56}},"98":{"start":{"line":354,"column":12},"end":{"line":411,"column":13}},"99":{"start":{"line":356,"column":16},"end":{"line":360,"column":17}},"100":{"start":{"line":358,"column":20},"end":{"line":358,"column":102}},"101":{"start":{"line":362,"column":38},"end":{"line":362,"column":83}},"102":{"start":{"line":363,"column":34},"end":{"line":363,"column":64}},"103":{"start":{"line":364,"column":36},"end":{"line":364,"column":68}},"104":{"start":{"line":366,"column":16},"end":{"line":370,"column":17}},"105":{"start":{"line":368,"column":20},"end":{"line":368,"column":114}},"106":{"start":{"line":374,"column":16},"end":{"line":407,"column":17}},"107":{"start":{"line":380,"column":41},"end":{"line":386,"column":21}},"108":{"start":{"line":388,"column":20},"end":{"line":392,"column":21}},"109":{"start":{"line":390,"column":24},"end":{"line":390,"column":84}},"110":{"start":{"line":394,"column":38},"end":{"line":394,"column":142}},"111":{"start":{"line":394,"column":71},"end":{"line":394,"column":141}},"112":{"start":{"line":396,"column":20},"end":{"line":400,"column":21}},"113":{"start":{"line":398,"column":24},"end":{"line":398,"column":101}},"114":{"start":{"line":402,"column":20},"end":{"line":402,"column":64}},"115":{"start":{"line":404,"column":20},"end":{"line":404,"column":44}},"116":{"start":{"line":406,"column":20},"end":{"line":406,"column":62}},"117":{"start":{"line":410,"column":16},"end":{"line":410,"column":80}},"118":{"start":{"line":418,"column":23},"end":{"line":418,"column":33}},"119":{"start":{"line":421,"column":23},"end":{"line":421,"column":50}},"120":{"start":{"line":422,"column":23},"end":{"line":422,"column":48}},"121":{"start":{"line":424,"column":4},"end":{"line":440,"column":5}},"122":{"start":{"line":426,"column":8},"end":{"line":426,"column":72}},"123":{"start":{"line":429,"column":8},"end":{"line":433,"column":9}},"124":{"start":{"line":431,"column":12},"end":{"line":431,"column":96}},"125":{"start":{"line":435,"column":8},"end":{"line":435,"column":45}},"126":{"start":{"line":437,"column":8},"end":{"line":437,"column":32}},"127":{"start":{"line":439,"column":8},"end":{"line":439,"column":61}},"128":{"start":{"line":445,"column":23},"end":{"line":445,"column":25}},"129":{"start":{"line":470,"column":8},"end":{"line":473,"column":9}},"130":{"start":{"line":472,"column":12},"end":{"line":472,"column":45}},"131":{"start":{"line":475,"column":8},"end":{"line":475,"column":28}},"132":{"start":{"line":478,"column":4},"end":{"line":478,"column":24}},"133":{"start":{"line":483,"column":4},"end":{"line":497,"column":5}},"134":{"start":{"line":485,"column":8},"end":{"line":496,"column":9}},"135":{"start":{"line":487,"column":12},"end":{"line":494,"column":13}},"136":{"start":{"line":489,"column":16},"end":{"line":492,"column":17}},"137":{"start":{"line":491,"column":20},"end":{"line":491,"column":33}},"138":{"start":{"line":499,"column":4},"end":{"line":499,"column":16}},"139":{"start":{"line":528,"column":26},"end":{"line":528,"column":113}},"140":{"start":{"line":529,"column":26},"end":{"line":529,"column":76}},"141":{"start":{"line":531,"column":20},"end":{"line":531,"column":51}},"142":{"start":{"line":532,"column":21},"end":{"line":532,"column":53}},"143":{"start":{"line":534,"column":23},"end":{"line":534,"column":33}},"144":{"start":{"line":536,"column":4},"end":{"line":573,"column":5}},"145":{"start":{"line":538,"column":22},"end":{"line":538,"column":86}},"146":{"start":{"line":538,"column":55},"end":{"line":538,"column":85}},"147":{"start":{"line":539,"column":27},"end":{"line":539,"column":96}},"148":{"start":{"line":539,"column":65},"end":{"line":539,"column":95}},"149":{"start":{"line":541,"column":8},"end":{"line":544,"column":9}},"150":{"start":{"line":543,"column":12},"end":{"line":543,"column":44}},"151":{"start":{"line":546,"column":8},"end":{"line":546,"column":21}},"152":{"start":{"line":548,"column":11},"end":{"line":573,"column":5}},"153":{"start":{"line":550,"column":22},"end":{"line":550,"column":89}},"154":{"start":{"line":550,"column":55},"end":{"line":550,"column":88}},"155":{"start":{"line":551,"column":27},"end":{"line":551,"column":99}},"156":{"start":{"line":551,"column":65},"end":{"line":551,"column":98}},"157":{"start":{"line":553,"column":9},"end":{"line":556,"column":9}},"158":{"start":{"line":555,"column":12},"end":{"line":555,"column":44}},"159":{"start":{"line":558,"column":8},"end":{"line":558,"column":21}},"160":{"start":{"line":560,"column":11},"end":{"line":573,"column":5}},"161":{"start":{"line":562,"column":22},"end":{"line":562,"column":132}},"162":{"start":{"line":562,"column":57},"end":{"line":562,"column":131}},"163":{"start":{"line":564,"column":8},"end":{"line":568,"column":9}},"164":{"start":{"line":566,"column":12},"end":{"line":566,"column":25}},"165":{"start":{"line":570,"column":8},"end":{"line":570,"column":25}},"166":{"start":{"line":571,"column":8},"end":{"line":571,"column":41}},"167":{"start":{"line":579,"column":23},"end":{"line":579,"column":41}},"168":{"start":{"line":581,"column":4},"end":{"line":584,"column":5}},"169":{"start":{"line":583,"column":8},"end":{"line":583,"column":72}},"170":{"start":{"line":586,"column":4},"end":{"line":586,"column":61}},"171":{"start":{"line":592,"column":28},"end":{"line":592,"column":50}},"172":{"start":{"line":594,"column":4},"end":{"line":597,"column":5}},"173":{"start":{"line":596,"column":8},"end":{"line":596,"column":64}},"174":{"start":{"line":599,"column":23},"end":{"line":599,"column":41}},"175":{"start":{"line":601,"column":4},"end":{"line":604,"column":5}},"176":{"start":{"line":603,"column":8},"end":{"line":603,"column":73}},"177":{"start":{"line":606,"column":18},"end":{"line":606,"column":50}},"178":{"start":{"line":608,"column":4},"end":{"line":611,"column":5}},"179":{"start":{"line":610,"column":8},"end":{"line":610,"column":103}},"180":{"start":{"line":613,"column":23},"end":{"line":613,"column":33}},"181":{"start":{"line":615,"column":23},"end":{"line":615,"column":48}},"182":{"start":{"line":618,"column":4},"end":{"line":618,"column":49}},"183":{"start":{"line":620,"column":4},"end":{"line":620,"column":28}},"184":{"start":{"line":622,"column":4},"end":{"line":622,"column":61}},"185":{"start":{"line":627,"column":28},"end":{"line":627,"column":54}},"186":{"start":{"line":629,"column":4},"end":{"line":632,"column":5}},"187":{"start":{"line":631,"column":8},"end":{"line":631,"column":64}},"188":{"start":{"line":634,"column":23},"end":{"line":634,"column":41}},"189":{"start":{"line":636,"column":4},"end":{"line":639,"column":5}},"190":{"start":{"line":638,"column":8},"end":{"line":638,"column":73}},"191":{"start":{"line":641,"column":4},"end":{"line":644,"column":5}},"192":{"start":{"line":643,"column":8},"end":{"line":643,"column":103}},"193":{"start":{"line":646,"column":23},"end":{"line":646,"column":33}},"194":{"start":{"line":648,"column":23},"end":{"line":648,"column":48}},"195":{"start":{"line":650,"column":4},"end":{"line":650,"column":54}},"196":{"start":{"line":652,"column":4},"end":{"line":652,"column":28}},"197":{"start":{"line":654,"column":4},"end":{"line":654,"column":61}},"198":{"start":{"line":659,"column":23},"end":{"line":659,"column":41}},"199":{"start":{"line":661,"column":4},"end":{"line":664,"column":5}},"200":{"start":{"line":663,"column":8},"end":{"line":663,"column":73}},"201":{"start":{"line":666,"column":23},"end":{"line":666,"column":33}},"202":{"start":{"line":668,"column":23},"end":{"line":668,"column":48}},"203":{"start":{"line":670,"column":4},"end":{"line":670,"column":44}},"204":{"start":{"line":672,"column":4},"end":{"line":672,"column":28}},"205":{"start":{"line":674,"column":4},"end":{"line":674,"column":61}},"206":{"start":{"line":677,"column":0},"end":{"line":677,"column":199}}},"fnMap":{"0":{"name":"readData","decl":{"start":{"line":78,"column":9},"end":{"line":78,"column":17}},"loc":{"start":{"line":78,"column":20},"end":{"line":97,"column":1}},"line":78},"1":{"name":"writeData","decl":{"start":{"line":99,"column":9},"end":{"line":99,"column":18}},"loc":{"start":{"line":99,"column":29},"end":{"line":114,"column":1}},"line":99},"2":{"name":"getAllStudents","decl":{"start":{"line":116,"column":9},"end":{"line":116,"column":23}},"loc":{"start":{"line":116,"column":26},"end":{"line":122,"column":1}},"line":116},"3":{"name":"getStudentBySearchParam","decl":{"start":{"line":124,"column":9},"end":{"line":124,"column":32}},"loc":{"start":{"line":124,"column":46},"end":{"line":147,"column":1}},"line":124},"4":{"name":"createNewStudent","decl":{"start":{"line":149,"column":9},"end":{"line":149,"column":25}},"loc":{"start":{"line":149,"column":32},"end":{"line":218,"column":1}},"line":149},"5":{"name":"(anonymous_5)","decl":{"start":{"line":165,"column":40},"end":{"line":165,"column":41}},"loc":{"start":{"line":165,"column":55},"end":{"line":165,"column":115}},"line":165},"6":{"name":"completeStudentUpdate","decl":{"start":{"line":220,"column":9},"end":{"line":220,"column":30}},"loc":{"start":{"line":220,"column":50},"end":{"line":316,"column":1}},"line":220},"7":{"name":"(anonymous_7)","decl":{"start":{"line":271,"column":52},"end":{"line":271,"column":53}},"loc":{"start":{"line":271,"column":67},"end":{"line":271,"column":127}},"line":271},"8":{"name":"partialStudentUpdate","decl":{"start":{"line":318,"column":9},"end":{"line":318,"column":29}},"loc":{"start":{"line":318,"column":49},"end":{"line":414,"column":1}},"line":318},"9":{"name":"(anonymous_9)","decl":{"start":{"line":394,"column":56},"end":{"line":394,"column":57}},"loc":{"start":{"line":394,"column":71},"end":{"line":394,"column":141}},"line":394},"10":{"name":"deleteStudent","decl":{"start":{"line":416,"column":9},"end":{"line":416,"column":22}},"loc":{"start":{"line":416,"column":36},"end":{"line":441,"column":1}},"line":416},"11":{"name":"reviewCourses","decl":{"start":{"line":443,"column":9},"end":{"line":443,"column":22}},"loc":{"start":{"line":443,"column":32},"end":{"line":479,"column":1}},"line":443},"12":{"name":"nonDuplicateCourses","decl":{"start":{"line":481,"column":9},"end":{"line":481,"column":28}},"loc":{"start":{"line":481,"column":38},"end":{"line":500,"column":1}},"line":481},"13":{"name":"searchStudents","decl":{"start":{"line":526,"column":9},"end":{"line":526,"column":23}},"loc":{"start":{"line":526,"column":37},"end":{"line":575,"column":1}},"line":526},"14":{"name":"(anonymous_14)","decl":{"start":{"line":538,"column":40},"end":{"line":538,"column":41}},"loc":{"start":{"line":538,"column":55},"end":{"line":538,"column":85}},"line":538},"15":{"name":"(anonymous_15)","decl":{"start":{"line":539,"column":50},"end":{"line":539,"column":51}},"loc":{"start":{"line":539,"column":65},"end":{"line":539,"column":95}},"line":539},"16":{"name":"(anonymous_16)","decl":{"start":{"line":550,"column":40},"end":{"line":550,"column":41}},"loc":{"start":{"line":550,"column":55},"end":{"line":550,"column":88}},"line":550},"17":{"name":"(anonymous_17)","decl":{"start":{"line":551,"column":50},"end":{"line":551,"column":51}},"loc":{"start":{"line":551,"column":65},"end":{"line":551,"column":98}},"line":551},"18":{"name":"(anonymous_18)","decl":{"start":{"line":562,"column":42},"end":{"line":562,"column":43}},"loc":{"start":{"line":562,"column":57},"end":{"line":562,"column":131}},"line":562},"19":{"name":"getStudentCourses","decl":{"start":{"line":577,"column":9},"end":{"line":577,"column":26}},"loc":{"start":{"line":577,"column":31},"end":{"line":588,"column":1}},"line":577},"20":{"name":"patchCourses","decl":{"start":{"line":590,"column":9},"end":{"line":590,"column":21}},"loc":{"start":{"line":590,"column":32},"end":{"line":623,"column":1}},"line":590},"21":{"name":"putCourses","decl":{"start":{"line":625,"column":9},"end":{"line":625,"column":19}},"loc":{"start":{"line":625,"column":30},"end":{"line":655,"column":1}},"line":625},"22":{"name":"deleteCourses","decl":{"start":{"line":657,"column":9},"end":{"line":657,"column":22}},"loc":{"start":{"line":657,"column":27},"end":{"line":675,"column":1}},"line":657}},"branchMap":{"0":{"loc":{"start":{"line":126,"column":4},"end":{"line":130,"column":5}},"type":"if","locations":[{"start":{"line":126,"column":4},"end":{"line":130,"column":5}},{"start":{},"end":{}}],"line":126},"1":{"loc":{"start":{"line":135,"column":4},"end":{"line":138,"column":5}},"type":"if","locations":[{"start":{"line":135,"column":4},"end":{"line":138,"column":5}},{"start":{},"end":{}}],"line":135},"2":{"loc":{"start":{"line":140,"column":4},"end":{"line":146,"column":5}},"type":"if","locations":[{"start":{"line":140,"column":4},"end":{"line":146,"column":5}},{"start":{"line":143,"column":11},"end":{"line":146,"column":5}}],"line":140},"3":{"loc":{"start":{"line":153,"column":4},"end":{"line":157,"column":5}},"type":"if","locations":[{"start":{"line":153,"column":4},"end":{"line":157,"column":5}},{"start":{},"end":{}}],"line":153},"4":{"loc":{"start":{"line":174,"column":4},"end":{"line":217,"column":5}},"type":"if","locations":[{"start":{"line":174,"column":4},"end":{"line":217,"column":5}},{"start":{"line":178,"column":11},"end":{"line":217,"column":5}}],"line":174},"5":{"loc":{"start":{"line":180,"column":8},"end":{"line":216,"column":9}},"type":"if","locations":[{"start":{"line":180,"column":8},"end":{"line":216,"column":9}},{"start":{"line":184,"column":15},"end":{"line":216,"column":9}}],"line":180},"6":{"loc":{"start":{"line":187,"column":34},"end":{"line":187,"column":66}},"type":"cond-expr","locations":[{"start":{"line":187,"column":49},"end":{"line":187,"column":61}},{"start":{"line":187,"column":64},"end":{"line":187,"column":66}}],"line":187},"7":{"loc":{"start":{"line":191,"column":12},"end":{"line":195,"column":13}},"type":"if","locations":[{"start":{"line":191,"column":12},"end":{"line":195,"column":13}},{"start":{},"end":{}}],"line":191},"8":{"loc":{"start":{"line":224,"column":4},"end":{"line":228,"column":5}},"type":"if","locations":[{"start":{"line":224,"column":4},"end":{"line":228,"column":5}},{"start":{},"end":{}}],"line":224},"9":{"loc":{"start":{"line":242,"column":4},"end":{"line":315,"column":5}},"type":"if","locations":[{"start":{"line":242,"column":4},"end":{"line":315,"column":5}},{"start":{"line":246,"column":11},"end":{"line":315,"column":5}}],"line":242},"10":{"loc":{"start":{"line":257,"column":8},"end":{"line":314,"column":9}},"type":"if","locations":[{"start":{"line":257,"column":8},"end":{"line":314,"column":9}},{"start":{"line":311,"column":15},"end":{"line":314,"column":9}}],"line":257},"11":{"loc":{"start":{"line":265,"column":12},"end":{"line":310,"column":13}},"type":"if","locations":[{"start":{"line":265,"column":12},"end":{"line":310,"column":13}},{"start":{"line":269,"column":19},"end":{"line":310,"column":13}}],"line":265},"12":{"loc":{"start":{"line":273,"column":16},"end":{"line":277,"column":17}},"type":"if","locations":[{"start":{"line":273,"column":16},"end":{"line":277,"column":17}},{"start":{},"end":{}}],"line":273},"13":{"loc":{"start":{"line":273,"column":20},"end":{"line":273,"column":70}},"type":"binary-expr","locations":[{"start":{"line":273,"column":20},"end":{"line":273,"column":31}},{"start":{"line":273,"column":35},"end":{"line":273,"column":70}}],"line":273},"14":{"loc":{"start":{"line":279,"column":38},"end":{"line":279,"column":70}},"type":"cond-expr","locations":[{"start":{"line":279,"column":53},"end":{"line":279,"column":65}},{"start":{"line":279,"column":68},"end":{"line":279,"column":70}}],"line":279},"15":{"loc":{"start":{"line":283,"column":16},"end":{"line":287,"column":17}},"type":"if","locations":[{"start":{"line":283,"column":16},"end":{"line":287,"column":17}},{"start":{},"end":{}}],"line":283},"16":{"loc":{"start":{"line":322,"column":4},"end":{"line":326,"column":5}},"type":"if","locations":[{"start":{"line":322,"column":4},"end":{"line":326,"column":5}},{"start":{},"end":{}}],"line":322},"17":{"loc":{"start":{"line":328,"column":4},"end":{"line":413,"column":5}},"type":"if","locations":[{"start":{"line":328,"column":4},"end":{"line":413,"column":5}},{"start":{"line":331,"column":11},"end":{"line":413,"column":5}}],"line":328},"18":{"loc":{"start":{"line":328,"column":8},"end":{"line":328,"column":89}},"type":"binary-expr","locations":[{"start":{"line":328,"column":8},"end":{"line":328,"column":31}},{"start":{"line":328,"column":35},"end":{"line":328,"column":59}},{"start":{"line":328,"column":63},"end":{"line":328,"column":89}}],"line":328},"19":{"loc":{"start":{"line":340,"column":8},"end":{"line":412,"column":9}},"type":"if","locations":[{"start":{"line":340,"column":8},"end":{"line":412,"column":9}},{"start":{"line":344,"column":15},"end":{"line":412,"column":9}}],"line":340},"20":{"loc":{"start":{"line":354,"column":12},"end":{"line":411,"column":13}},"type":"if","locations":[{"start":{"line":354,"column":12},"end":{"line":411,"column":13}},{"start":{"line":408,"column":19},"end":{"line":411,"column":13}}],"line":354},"21":{"loc":{"start":{"line":356,"column":16},"end":{"line":360,"column":17}},"type":"if","locations":[{"start":{"line":356,"column":16},"end":{"line":360,"column":17}},{"start":{},"end":{}}],"line":356},"22":{"loc":{"start":{"line":362,"column":38},"end":{"line":362,"column":83}},"type":"cond-expr","locations":[{"start":{"line":362,"column":53},"end":{"line":362,"column":65}},{"start":{"line":362,"column":68},"end":{"line":362,"column":83}}],"line":362},"23":{"loc":{"start":{"line":366,"column":16},"end":{"line":370,"column":17}},"type":"if","locations":[{"start":{"line":366,"column":16},"end":{"line":370,"column":17}},{"start":{},"end":{}}],"line":366},"24":{"loc":{"start":{"line":374,"column":16},"end":{"line":407,"column":17}},"type":"if","locations":[{"start":{"line":374,"column":16},"end":{"line":407,"column":17}},{"start":{"line":378,"column":23},"end":{"line":407,"column":17}}],"line":374},"25":{"loc":{"start":{"line":383,"column":30},"end":{"line":383,"column":66}},"type":"cond-expr","locations":[{"start":{"line":383,"column":42},"end":{"line":383,"column":51}},{"start":{"line":383,"column":54},"end":{"line":383,"column":66}}],"line":383},"26":{"loc":{"start":{"line":384,"column":31},"end":{"line":384,"column":70}},"type":"cond-expr","locations":[{"start":{"line":384,"column":44},"end":{"line":384,"column":54}},{"start":{"line":384,"column":57},"end":{"line":384,"column":70}}],"line":384},"27":{"loc":{"start":{"line":388,"column":20},"end":{"line":392,"column":21}},"type":"if","locations":[{"start":{"line":388,"column":20},"end":{"line":392,"column":21}},{"start":{},"end":{}}],"line":388},"28":{"loc":{"start":{"line":396,"column":20},"end":{"line":400,"column":21}},"type":"if","locations":[{"start":{"line":396,"column":20},"end":{"line":400,"column":21}},{"start":{},"end":{}}],"line":396},"29":{"loc":{"start":{"line":396,"column":24},"end":{"line":396,"column":74}},"type":"binary-expr","locations":[{"start":{"line":396,"column":24},"end":{"line":396,"column":35}},{"start":{"line":396,"column":39},"end":{"line":396,"column":74}}],"line":396},"30":{"loc":{"start":{"line":424,"column":4},"end":{"line":440,"column":5}},"type":"if","locations":[{"start":{"line":424,"column":4},"end":{"line":440,"column":5}},{"start":{"line":427,"column":11},"end":{"line":440,"column":5}}],"line":424},"31":{"loc":{"start":{"line":429,"column":8},"end":{"line":433,"column":9}},"type":"if","locations":[{"start":{"line":429,"column":8},"end":{"line":433,"column":9}},{"start":{},"end":{}}],"line":429},"32":{"loc":{"start":{"line":483,"column":4},"end":{"line":497,"column":5}},"type":"if","locations":[{"start":{"line":483,"column":4},"end":{"line":497,"column":5}},{"start":{},"end":{}}],"line":483},"33":{"loc":{"start":{"line":489,"column":16},"end":{"line":492,"column":17}},"type":"if","locations":[{"start":{"line":489,"column":16},"end":{"line":492,"column":17}},{"start":{},"end":{}}],"line":489},"34":{"loc":{"start":{"line":489,"column":20},"end":{"line":489,"column":129}},"type":"binary-expr","locations":[{"start":{"line":489,"column":20},"end":{"line":489,"column":87}},{"start":{"line":489,"column":91},"end":{"line":489,"column":129}}],"line":489},"35":{"loc":{"start":{"line":536,"column":4},"end":{"line":573,"column":5}},"type":"if","locations":[{"start":{"line":536,"column":4},"end":{"line":573,"column":5}},{"start":{"line":548,"column":11},"end":{"line":573,"column":5}}],"line":536},"36":{"loc":{"start":{"line":541,"column":8},"end":{"line":544,"column":9}},"type":"if","locations":[{"start":{"line":541,"column":8},"end":{"line":544,"column":9}},{"start":{},"end":{}}],"line":541},"37":{"loc":{"start":{"line":548,"column":11},"end":{"line":573,"column":5}},"type":"if","locations":[{"start":{"line":548,"column":11},"end":{"line":573,"column":5}},{"start":{"line":560,"column":11},"end":{"line":573,"column":5}}],"line":548},"38":{"loc":{"start":{"line":553,"column":9},"end":{"line":556,"column":9}},"type":"if","locations":[{"start":{"line":553,"column":9},"end":{"line":556,"column":9}},{"start":{},"end":{}}],"line":553},"39":{"loc":{"start":{"line":560,"column":11},"end":{"line":573,"column":5}},"type":"if","locations":[{"start":{"line":560,"column":11},"end":{"line":573,"column":5}},{"start":{},"end":{}}],"line":560},"40":{"loc":{"start":{"line":560,"column":15},"end":{"line":560,"column":40}},"type":"binary-expr","locations":[{"start":{"line":560,"column":15},"end":{"line":560,"column":25}},{"start":{"line":560,"column":29},"end":{"line":560,"column":40}}],"line":560},"41":{"loc":{"start":{"line":564,"column":8},"end":{"line":568,"column":9}},"type":"if","locations":[{"start":{"line":564,"column":8},"end":{"line":568,"column":9}},{"start":{},"end":{}}],"line":564},"42":{"loc":{"start":{"line":581,"column":4},"end":{"line":584,"column":5}},"type":"if","locations":[{"start":{"line":581,"column":4},"end":{"line":584,"column":5}},{"start":{},"end":{}}],"line":581},"43":{"loc":{"start":{"line":594,"column":4},"end":{"line":597,"column":5}},"type":"if","locations":[{"start":{"line":594,"column":4},"end":{"line":597,"column":5}},{"start":{},"end":{}}],"line":594},"44":{"loc":{"start":{"line":601,"column":4},"end":{"line":604,"column":5}},"type":"if","locations":[{"start":{"line":601,"column":4},"end":{"line":604,"column":5}},{"start":{},"end":{}}],"line":601},"45":{"loc":{"start":{"line":606,"column":18},"end":{"line":606,"column":50}},"type":"cond-expr","locations":[{"start":{"line":606,"column":33},"end":{"line":606,"column":45}},{"start":{"line":606,"column":48},"end":{"line":606,"column":50}}],"line":606},"46":{"loc":{"start":{"line":608,"column":4},"end":{"line":611,"column":5}},"type":"if","locations":[{"start":{"line":608,"column":4},"end":{"line":611,"column":5}},{"start":{},"end":{}}],"line":608},"47":{"loc":{"start":{"line":629,"column":4},"end":{"line":632,"column":5}},"type":"if","locations":[{"start":{"line":629,"column":4},"end":{"line":632,"column":5}},{"start":{},"end":{}}],"line":629},"48":{"loc":{"start":{"line":636,"column":4},"end":{"line":639,"column":5}},"type":"if","locations":[{"start":{"line":636,"column":4},"end":{"line":639,"column":5}},{"start":{},"end":{}}],"line":636},"49":{"loc":{"start":{"line":641,"column":4},"end":{"line":644,"column":5}},"type":"if","locations":[{"start":{"line":641,"column":4},"end":{"line":644,"column":5}},{"start":{},"end":{}}],"line":641},"50":{"loc":{"start":{"line":661,"column":4},"end":{"line":664,"column":5}},"type":"if","locations":[{"start":{"line":661,"column":4},"end":{"line":664,"column":5}},{"start":{},"end":{}}],"line":661}},"s":{"0":1,"1":1,"2":1,"3":1,"4":1,"5":1,"6":1,"7":1,"8":1,"9":1,"10":1,"11":1,"12":1,"13":1,"14":1,"15":1,"16":1,"17":66,"18":66,"19":0,"20":0,"21":66,"22":66,"23":66,"24":9,"25":9,"26":9,"27":9,"28":9,"29":0,"30":1,"31":1,"32":10,"33":1,"34":9,"35":9,"36":9,"37":2,"38":7,"39":4,"40":3,"41":6,"42":6,"43":1,"44":5,"45":5,"46":18,"47":5,"48":1,"49":4,"50":1,"51":3,"52":3,"53":3,"54":3,"55":3,"56":1,"57":2,"58":2,"59":2,"60":2,"61":2,"62":0,"63":9,"64":9,"65":2,"66":7,"67":1,"68":6,"69":6,"70":6,"71":6,"72":6,"73":5,"74":5,"75":19,"76":5,"77":1,"78":4,"79":4,"80":4,"81":4,"82":2,"83":2,"84":2,"85":2,"86":2,"87":1,"88":12,"89":12,"90":2,"91":10,"92":1,"93":9,"94":9,"95":9,"96":9,"97":9,"98":9,"99":8,"100":2,"101":6,"102":6,"103":6,"104":6,"105":3,"106":3,"107":3,"108":3,"109":1,"110":2,"111":7,"112":2,"113":1,"114":1,"115":1,"116":1,"117":1,"118":4,"119":4,"120":4,"121":4,"122":3,"123":1,"124":0,"125":1,"126":1,"127":1,"128":13,"129":13,"130":20,"131":13,"132":13,"133":17,"134":10,"135":12,"136":15,"137":8,"138":9,"139":38,"140":38,"141":38,"142":38,"143":38,"144":38,"145":23,"146":44,"147":23,"148":44,"149":23,"150":20,"151":3,"152":15,"153":4,"154":12,"155":4,"156":12,"157":4,"158":2,"159":2,"160":11,"161":11,"162":44,"163":11,"164":7,"165":4,"166":4,"167":2,"168":2,"169":1,"170":1,"171":4,"172":4,"173":1,"174":3,"175":3,"176":1,"177":2,"178":2,"179":1,"180":1,"181":1,"182":1,"183":1,"184":1,"185":4,"186":4,"187":1,"188":3,"189":3,"190":1,"191":2,"192":1,"193":1,"194":1,"195":1,"196":1,"197":1,"198":2,"199":2,"200":1,"201":1,"202":1,"203":1,"204":1,"205":1,"206":1},"f":{"0":66,"1":9,"2":1,"3":10,"4":6,"5":18,"6":9,"7":19,"8":12,"9":7,"10":4,"11":13,"12":17,"13":38,"14":44,"15":44,"16":12,"17":12,"18":44,"19":2,"20":4,"21":4,"22":2},"b":{"0":[1,9],"1":[2,7],"2":[4,3],"3":[1,5],"4":[1,4],"5":[1,3],"6":[3,0],"7":[1,2],"8":[2,7],"9":[1,6],"10":[5,1],"11":[0,5],"12":[1,4],"13":[5,1],"14":[4,0],"15":[2,2],"16":[2,10],"17":[1,9],"18":[10,4,3],"19":[0,9],"20":[8,1],"21":[2,6],"22":[4,2],"23":[3,3],"24":[0,3],"25":[2,1],"26":[2,1],"27":[1,2],"28":[1,1],"29":[2,1],"30":[3,1],"31":[0,1],"32":[10,7],"33":[8,7],"34":[15,7],"35":[23,15],"36":[20,3],"37":[4,11],"38":[2,2],"39":[11,0],"40":[11,11],"41":[7,4],"42":[1,1],"43":[1,3],"44":[1,2],"45":[2,0],"46":[1,1],"47":[1,3],"48":[1,2],"49":[1,1],"50":[1,1]},"_coverageSchema":"1a1c01bbd47fc00a2c39e90264f33305004495a9","hash":"99a2301fdbbd8241ee363cbbe87f61f32241f168"}
,"/home/user/Documentos/prompt-history/REST_API/routes/controllers/courses-controllers/controllers-delete.js": {"path":"/home/user/Documentos/prompt-history/REST_API/routes/controllers/courses-controllers/controllers-delete.js","statementMap":{"0":{"start":{"line":1,"column":21},"end":{"line":1,"column":52}},"1":{"start":{"line":2,"column":22},"end":{"line":2,"column":54}},"2":{"start":{"line":6,"column":22},"end":{"line":6,"column":32}},"3":{"start":{"line":8,"column":22},"end":{"line":8,"column":133}},"4":{"start":{"line":8,"column":58},"end":{"line":8,"column":132}},"5":{"start":{"line":10,"column":4},"end":{"line":20,"column":5}},"6":{"start":{"line":12,"column":8},"end":{"line":12,"column":72}},"7":{"start":{"line":15,"column":8},"end":{"line":15,"column":43}},"8":{"start":{"line":17,"column":8},"end":{"line":17,"column":31}},"9":{"start":{"line":19,"column":8},"end":{"line":19,"column":60}},"10":{"start":{"line":24,"column":0},"end":{"line":24,"column":34}}},"fnMap":{"0":{"name":"deleteCourse","decl":{"start":{"line":4,"column":9},"end":{"line":4,"column":21}},"loc":{"start":{"line":4,"column":34},"end":{"line":22,"column":1}},"line":4},"1":{"name":"(anonymous_1)","decl":{"start":{"line":8,"column":44},"end":{"line":8,"column":45}},"loc":{"start":{"line":8,"column":58},"end":{"line":8,"column":132}},"line":8}},"branchMap":{"0":{"loc":{"start":{"line":10,"column":4},"end":{"line":20,"column":5}},"type":"if","locations":[{"start":{"line":10,"column":4},"end":{"line":20,"column":5}},{"start":{"line":13,"column":11},"end":{"line":20,"column":5}}],"line":10}},"s":{"0":1,"1":1,"2":2,"3":2,"4":6,"5":2,"6":1,"7":1,"8":1,"9":1,"10":1},"f":{"0":2,"1":6},"b":{"0":[1,1]},"_coverageSchema":"1a1c01bbd47fc00a2c39e90264f33305004495a9","hash":"1b54a8fd2708c7ef99bf59a9d583ba755e247457"}
,"/home/user/Documentos/prompt-history/REST_API/routes/controllers/courses-controllers/controllers-get.js": {"path":"/home/user/Documentos/prompt-history/REST_API/routes/controllers/courses-controllers/controllers-get.js","statementMap":{"0":{"start":{"line":1,"column":11},"end":{"line":1,"column":24}},"1":{"start":{"line":3,"column":19},"end":{"line":3,"column":79}},"2":{"start":{"line":9,"column":4},"end":{"line":17,"column":5}},"3":{"start":{"line":11,"column":8},"end":{"line":11,"column":51}},"4":{"start":{"line":14,"column":8},"end":{"line":14,"column":43}},"5":{"start":{"line":15,"column":8},"end":{"line":15,"column":18}},"6":{"start":{"line":19,"column":18},"end":{"line":19,"column":34}},"7":{"start":{"line":20,"column":18},"end":{"line":20,"column":33}},"8":{"start":{"line":22,"column":4},"end":{"line":22,"column":19}},"9":{"start":{"line":28,"column":18},"end":{"line":28,"column":28}},"10":{"start":{"line":30,"column":4},"end":{"line":30,"column":40}},"11":{"start":{"line":36,"column":17},"end":{"line":36,"column":36}},"12":{"start":{"line":38,"column":4},"end":{"line":44,"column":5}},"13":{"start":{"line":40,"column":8},"end":{"line":40,"column":43}},"14":{"start":{"line":43,"column":8},"end":{"line":43,"column":71}},"15":{"start":{"line":49,"column":22},"end":{"line":49,"column":32}},"16":{"start":{"line":51,"column":17},"end":{"line":51,"column":117}},"17":{"start":{"line":51,"column":48},"end":{"line":51,"column":116}},"18":{"start":{"line":53,"column":4},"end":{"line":53,"column":18}},"19":{"start":{"line":56,"column":0},"end":{"line":56,"column":59}}},"fnMap":{"0":{"name":"readData","decl":{"start":{"line":5,"column":9},"end":{"line":5,"column":17}},"loc":{"start":{"line":5,"column":20},"end":{"line":24,"column":1}},"line":5},"1":{"name":"getAllCourses","decl":{"start":{"line":26,"column":9},"end":{"line":26,"column":22}},"loc":{"start":{"line":26,"column":25},"end":{"line":32,"column":1}},"line":26},"2":{"name":"getOneCourse","decl":{"start":{"line":34,"column":9},"end":{"line":34,"column":21}},"loc":{"start":{"line":34,"column":28},"end":{"line":45,"column":1}},"line":34},"3":{"name":"searchCourses","decl":{"start":{"line":47,"column":9},"end":{"line":47,"column":22}},"loc":{"start":{"line":47,"column":29},"end":{"line":54,"column":1}},"line":47},"4":{"name":"(anonymous_4)","decl":{"start":{"line":51,"column":34},"end":{"line":51,"column":35}},"loc":{"start":{"line":51,"column":48},"end":{"line":51,"column":116}},"line":51}},"branchMap":{"0":{"loc":{"start":{"line":38,"column":4},"end":{"line":44,"column":5}},"type":"if","locations":[{"start":{"line":38,"column":4},"end":{"line":44,"column":5}},{"start":{"line":41,"column":11},"end":{"line":44,"column":5}}],"line":38}},"s":{"0":1,"1":1,"2":22,"3":22,"4":0,"5":0,"6":22,"7":22,"8":22,"9":1,"10":1,"11":2,"12":2,"13":1,"14":1,"15":2,"16":2,"17":6,"18":2,"19":1},"f":{"0":22,"1":1,"2":2,"3":2,"4":6},"b":{"0":[1,1]},"_coverageSchema":"1a1c01bbd47fc00a2c39e90264f33305004495a9","hash":"61e14206ffbbebebf19240dcea7aee3d81d8e4e9"}
,"/home/user/Documentos/prompt-history/REST_API/routes/controllers/courses-controllers/controllers-patch.js": {"path":"/home/user/Documentos/prompt-history/REST_API/routes/controllers/courses-controllers/controllers-patch.js","statementMap":{"0":{"start":{"line":1,"column":12},"end":{"line":1,"column":26}},"1":{"start":{"line":2,"column":19},"end":{"line":2,"column":41}},"2":{"start":{"line":3,"column":21},"end":{"line":3,"column":52}},"3":{"start":{"line":4,"column":62},"end":{"line":4,"column":94}},"4":{"start":{"line":6,"column":19},"end":{"line":6,"column":79}},"5":{"start":{"line":8,"column":22},"end":{"line":8,"column":50}},"6":{"start":{"line":9,"column":0},"end":{"line":9,"column":26}},"7":{"start":{"line":11,"column":27},"end":{"line":18,"column":1}},"8":{"start":{"line":20,"column":24},"end":{"line":20,"column":66}},"9":{"start":{"line":24,"column":28},"end":{"line":24,"column":49}},"10":{"start":{"line":26,"column":4},"end":{"line":30,"column":5}},"11":{"start":{"line":28,"column":8},"end":{"line":28,"column":62}},"12":{"start":{"line":32,"column":22},"end":{"line":32,"column":32}},"13":{"start":{"line":34,"column":17},"end":{"line":34,"column":123}},"14":{"start":{"line":34,"column":48},"end":{"line":34,"column":122}},"15":{"start":{"line":36,"column":15},"end":{"line":36,"column":53}},"16":{"start":{"line":37,"column":19},"end":{"line":37,"column":64}},"17":{"start":{"line":39,"column":4},"end":{"line":49,"column":5}},"18":{"start":{"line":41,"column":8},"end":{"line":41,"column":58}},"19":{"start":{"line":43,"column":11},"end":{"line":49,"column":5}},"20":{"start":{"line":45,"column":8},"end":{"line":45,"column":67}},"21":{"start":{"line":46,"column":11},"end":{"line":49,"column":5}},"22":{"start":{"line":48,"column":8},"end":{"line":48,"column":94}},"23":{"start":{"line":51,"column":23},"end":{"line":51,"column":66}},"24":{"start":{"line":53,"column":4},"end":{"line":56,"column":5}},"25":{"start":{"line":55,"column":8},"end":{"line":55,"column":77}},"26":{"start":{"line":58,"column":22},"end":{"line":58,"column":133}},"27":{"start":{"line":58,"column":58},"end":{"line":58,"column":132}},"28":{"start":{"line":60,"column":4},"end":{"line":60,"column":53}},"29":{"start":{"line":62,"column":4},"end":{"line":62,"column":27}},"30":{"start":{"line":64,"column":4},"end":{"line":64,"column":40}},"31":{"start":{"line":68,"column":0},"end":{"line":68,"column":40}}},"fnMap":{"0":{"name":"partialUpdateCourse","decl":{"start":{"line":22,"column":9},"end":{"line":22,"column":28}},"loc":{"start":{"line":22,"column":48},"end":{"line":66,"column":1}},"line":22},"1":{"name":"(anonymous_1)","decl":{"start":{"line":34,"column":34},"end":{"line":34,"column":35}},"loc":{"start":{"line":34,"column":48},"end":{"line":34,"column":122}},"line":34},"2":{"name":"(anonymous_2)","decl":{"start":{"line":58,"column":44},"end":{"line":58,"column":45}},"loc":{"start":{"line":58,"column":58},"end":{"line":58,"column":132}},"line":58}},"branchMap":{"0":{"loc":{"start":{"line":26,"column":4},"end":{"line":30,"column":5}},"type":"if","locations":[{"start":{"line":26,"column":4},"end":{"line":30,"column":5}},{"start":{},"end":{}}],"line":26},"1":{"loc":{"start":{"line":36,"column":15},"end":{"line":36,"column":53}},"type":"cond-expr","locations":[{"start":{"line":36,"column":29},"end":{"line":36,"column":40}},{"start":{"line":36,"column":43},"end":{"line":36,"column":53}}],"line":36},"2":{"loc":{"start":{"line":37,"column":19},"end":{"line":37,"column":64}},"type":"cond-expr","locations":[{"start":{"line":37,"column":35},"end":{"line":37,"column":48}},{"start":{"line":37,"column":51},"end":{"line":37,"column":64}}],"line":37},"3":{"loc":{"start":{"line":39,"column":4},"end":{"line":49,"column":5}},"type":"if","locations":[{"start":{"line":39,"column":4},"end":{"line":49,"column":5}},{"start":{"line":43,"column":11},"end":{"line":49,"column":5}}],"line":39},"4":{"loc":{"start":{"line":43,"column":11},"end":{"line":49,"column":5}},"type":"if","locations":[{"start":{"line":43,"column":11},"end":{"line":49,"column":5}},{"start":{"line":46,"column":11},"end":{"line":49,"column":5}}],"line":43},"5":{"loc":{"start":{"line":46,"column":11},"end":{"line":49,"column":5}},"type":"if","locations":[{"start":{"line":46,"column":11},"end":{"line":49,"column":5}},{"start":{},"end":{}}],"line":46},"6":{"loc":{"start":{"line":53,"column":4},"end":{"line":56,"column":5}},"type":"if","locations":[{"start":{"line":53,"column":4},"end":{"line":56,"column":5}},{"start":{},"end":{}}],"line":53}},"s":{"0":1,"1":1,"2":1,"3":1,"4":1,"5":1,"6":1,"7":1,"8":1,"9":6,"10":6,"11":1,"12":5,"13":5,"14":15,"15":5,"16":5,"17":5,"18":1,"19":4,"20":1,"21":3,"22":1,"23":2,"24":2,"25":1,"26":1,"27":3,"28":1,"29":1,"30":1,"31":1},"f":{"0":6,"1":15,"2":3},"b":{"0":[1,5],"1":[4,1],"2":[4,1],"3":[1,4],"4":[1,3],"5":[1,2],"6":[1,1]},"_coverageSchema":"1a1c01bbd47fc00a2c39e90264f33305004495a9","hash":"bd6a5ee1d11b1ca2def7465b820b388a104b43ae"}
,"/home/user/Documentos/prompt-history/REST_API/routes/controllers/courses-controllers/controllers-post.js": {"path":"/home/user/Documentos/prompt-history/REST_API/routes/controllers/courses-controllers/controllers-post.js","statementMap":{"0":{"start":{"line":1,"column":11},"end":{"line":1,"column":24}},"1":{"start":{"line":2,"column":12},"end":{"line":2,"column":26}},"2":{"start":{"line":3,"column":19},"end":{"line":3,"column":41}},"3":{"start":{"line":4,"column":21},"end":{"line":4,"column":52}},"4":{"start":{"line":6,"column":19},"end":{"line":6,"column":79}},"5":{"start":{"line":8,"column":22},"end":{"line":8,"column":50}},"6":{"start":{"line":9,"column":0},"end":{"line":9,"column":26}},"7":{"start":{"line":11,"column":26},"end":{"line":19,"column":1}},"8":{"start":{"line":21,"column":24},"end":{"line":21,"column":64}},"9":{"start":{"line":27,"column":4},"end":{"line":35,"column":5}},"10":{"start":{"line":29,"column":8},"end":{"line":29,"column":51}},"11":{"start":{"line":32,"column":8},"end":{"line":32,"column":43}},"12":{"start":{"line":33,"column":8},"end":{"line":33,"column":18}},"13":{"start":{"line":37,"column":18},"end":{"line":37,"column":34}},"14":{"start":{"line":38,"column":19},"end":{"line":38,"column":35}},"15":{"start":{"line":40,"column":4},"end":{"line":40,"column":20}},"16":{"start":{"line":46,"column":4},"end":{"line":57,"column":5}},"17":{"start":{"line":48,"column":22},"end":{"line":48,"column":57}},"18":{"start":{"line":49,"column":19},"end":{"line":49,"column":38}},"19":{"start":{"line":51,"column":8},"end":{"line":51,"column":31}},"20":{"start":{"line":53,"column":8},"end":{"line":53,"column":68}},"21":{"start":{"line":56,"column":8},"end":{"line":56,"column":64}},"22":{"start":{"line":62,"column":4},"end":{"line":73,"column":5}},"23":{"start":{"line":64,"column":22},"end":{"line":64,"column":57}},"24":{"start":{"line":65,"column":19},"end":{"line":65,"column":38}},"25":{"start":{"line":67,"column":8},"end":{"line":67,"column":33}},"26":{"start":{"line":69,"column":8},"end":{"line":69,"column":68}},"27":{"start":{"line":72,"column":8},"end":{"line":72,"column":65}},"28":{"start":{"line":79,"column":28},"end":{"line":79,"column":49}},"29":{"start":{"line":81,"column":4},"end":{"line":85,"column":5}},"30":{"start":{"line":83,"column":8},"end":{"line":83,"column":62}},"31":{"start":{"line":87,"column":22},"end":{"line":87,"column":32}},"32":{"start":{"line":89,"column":17},"end":{"line":89,"column":124}},"33":{"start":{"line":89,"column":48},"end":{"line":89,"column":123}},"34":{"start":{"line":91,"column":4},"end":{"line":136,"column":5}},"35":{"start":{"line":93,"column":8},"end":{"line":93,"column":84}},"36":{"start":{"line":97,"column":8},"end":{"line":135,"column":9}},"37":{"start":{"line":99,"column":12},"end":{"line":99,"column":98}},"38":{"start":{"line":103,"column":31},"end":{"line":103,"column":66}},"39":{"start":{"line":105,"column":12},"end":{"line":108,"column":13}},"40":{"start":{"line":107,"column":16},"end":{"line":107,"column":102}},"41":{"start":{"line":110,"column":31},"end":{"line":110,"column":96}},"42":{"start":{"line":112,"column":12},"end":{"line":116,"column":13}},"43":{"start":{"line":114,"column":16},"end":{"line":114,"column":85}},"44":{"start":{"line":118,"column":28},"end":{"line":121,"column":13}},"45":{"start":{"line":123,"column":12},"end":{"line":123,"column":40}},"46":{"start":{"line":125,"column":12},"end":{"line":133,"column":13}},"47":{"start":{"line":127,"column":16},"end":{"line":127,"column":39}},"48":{"start":{"line":128,"column":16},"end":{"line":128,"column":54}},"49":{"start":{"line":132,"column":16},"end":{"line":132,"column":72}},"50":{"start":{"line":140,"column":25},"end":{"line":140,"column":104}},"51":{"start":{"line":141,"column":23},"end":{"line":141,"column":41}},"52":{"start":{"line":142,"column":28},"end":{"line":142,"column":30}},"53":{"start":{"line":144,"column":4},"end":{"line":146,"column":5}},"54":{"start":{"line":145,"column":8},"end":{"line":145,"column":33}},"55":{"start":{"line":149,"column":4},"end":{"line":166,"column":5}},"56":{"start":{"line":151,"column":24},"end":{"line":151,"column":51}},"57":{"start":{"line":153,"column":8},"end":{"line":165,"column":9}},"58":{"start":{"line":155,"column":12},"end":{"line":155,"column":25}},"59":{"start":{"line":159,"column":30},"end":{"line":159,"column":90}},"60":{"start":{"line":159,"column":63},"end":{"line":159,"column":89}},"61":{"start":{"line":161,"column":12},"end":{"line":164,"column":13}},"62":{"start":{"line":163,"column":16},"end":{"line":163,"column":29}},"63":{"start":{"line":168,"column":4},"end":{"line":181,"column":5}},"64":{"start":{"line":170,"column":26},"end":{"line":170,"column":86}},"65":{"start":{"line":170,"column":59},"end":{"line":170,"column":85}},"66":{"start":{"line":171,"column":29},"end":{"line":171,"column":48}},"67":{"start":{"line":173,"column":8},"end":{"line":175,"column":9}},"68":{"start":{"line":174,"column":12},"end":{"line":174,"column":44}},"69":{"start":{"line":177,"column":8},"end":{"line":180,"column":11}},"70":{"start":{"line":183,"column":4},"end":{"line":183,"column":36}},"71":{"start":{"line":185,"column":4},"end":{"line":185,"column":29}},"72":{"start":{"line":191,"column":4},"end":{"line":205,"column":5}},"73":{"start":{"line":193,"column":8},"end":{"line":204,"column":9}},"74":{"start":{"line":195,"column":12},"end":{"line":202,"column":13}},"75":{"start":{"line":197,"column":16},"end":{"line":200,"column":17}},"76":{"start":{"line":199,"column":20},"end":{"line":199,"column":33}},"77":{"start":{"line":207,"column":4},"end":{"line":207,"column":16}},"78":{"start":{"line":210,"column":0},"end":{"line":210,"column":105}}},"fnMap":{"0":{"name":"readStudentsData","decl":{"start":{"line":23,"column":9},"end":{"line":23,"column":25}},"loc":{"start":{"line":23,"column":28},"end":{"line":42,"column":1}},"line":23},"1":{"name":"writeData","decl":{"start":{"line":44,"column":9},"end":{"line":44,"column":18}},"loc":{"start":{"line":44,"column":28},"end":{"line":58,"column":1}},"line":44},"2":{"name":"writeStudentsData","decl":{"start":{"line":60,"column":9},"end":{"line":60,"column":26}},"loc":{"start":{"line":60,"column":37},"end":{"line":74,"column":1}},"line":60},"3":{"name":"createNewCourse","decl":{"start":{"line":77,"column":9},"end":{"line":77,"column":24}},"loc":{"start":{"line":77,"column":31},"end":{"line":137,"column":1}},"line":77},"4":{"name":"(anonymous_4)","decl":{"start":{"line":89,"column":34},"end":{"line":89,"column":35}},"loc":{"start":{"line":89,"column":48},"end":{"line":89,"column":123}},"line":89},"5":{"name":"validateStudents","decl":{"start":{"line":139,"column":9},"end":{"line":139,"column":25}},"loc":{"start":{"line":139,"column":52},"end":{"line":186,"column":1}},"line":139},"6":{"name":"(anonymous_6)","decl":{"start":{"line":159,"column":48},"end":{"line":159,"column":49}},"loc":{"start":{"line":159,"column":63},"end":{"line":159,"column":89}},"line":159},"7":{"name":"(anonymous_7)","decl":{"start":{"line":170,"column":44},"end":{"line":170,"column":45}},"loc":{"start":{"line":170,"column":59},"end":{"line":170,"column":85}},"line":170},"8":{"name":"nonDuplicateStudents","decl":{"start":{"line":189,"column":9},"end":{"line":189,"column":29}},"loc":{"start":{"line":189,"column":44},"end":{"line":208,"column":1}},"line":189}},"branchMap":{"0":{"loc":{"start":{"line":81,"column":4},"end":{"line":85,"column":5}},"type":"if","locations":[{"start":{"line":81,"column":4},"end":{"line":85,"column":5}},{"start":{},"end":{}}],"line":81},"1":{"loc":{"start":{"line":91,"column":4},"end":{"line":136,"column":5}},"type":"if","locations":[{"start":{"line":91,"column":4},"end":{"line":136,"column":5}},{"start":{"line":95,"column":11},"end":{"line":136,"column":5}}],"line":91},"2":{"loc":{"start":{"line":97,"column":8},"end":{"line":135,"column":9}},"type":"if","locations":[{"start":{"line":97,"column":8},"end":{"line":135,"column":9}},{"start":{"line":101,"column":15},"end":{"line":135,"column":9}}],"line":97},"3":{"loc":{"start":{"line":105,"column":12},"end":{"line":108,"column":13}},"type":"if","locations":[{"start":{"line":105,"column":12},"end":{"line":108,"column":13}},{"start":{},"end":{}}],"line":105},"4":{"loc":{"start":{"line":112,"column":12},"end":{"line":116,"column":13}},"type":"if","locations":[{"start":{"line":112,"column":12},"end":{"line":116,"column":13}},{"start":{},"end":{}}],"line":112},"5":{"loc":{"start":{"line":144,"column":4},"end":{"line":146,"column":5}},"type":"if","locations":[{"start":{"line":144,"column":4},"end":{"line":146,"column":5}},{"start":{},"end":{}}],"line":144},"6":{"loc":{"start":{"line":153,"column":8},"end":{"line":165,"column":9}},"type":"if","locations":[{"start":{"line":153,"column":8},"end":{"line":165,"column":9}},{"start":{"line":157,"column":15},"end":{"line":165,"column":9}}],"line":153},"7":{"loc":{"start":{"line":161,"column":12},"end":{"line":164,"column":13}},"type":"if","locations":[{"start":{"line":161,"column":12},"end":{"line":164,"column":13}},{"start":{},"end":{}}],"line":161},"8":{"loc":{"start":{"line":173,"column":8},"end":{"line":175,"column":9}},"type":"if","locations":[{"start":{"line":173,"column":8},"end":{"line":175,"column":9}},{"start":{},"end":{}}],"line":173},"9":{"loc":{"start":{"line":191,"column":4},"end":{"line":205,"column":5}},"type":"if","locations":[{"start":{"line":191,"column":4},"end":{"line":205,"column":5}},{"start":{},"end":{}}],"line":191},"10":{"loc":{"start":{"line":197,"column":16},"end":{"line":200,"column":17}},"type":"if","locations":[{"start":{"line":197,"column":16},"end":{"line":200,"column":17}},{"start":{},"end":{}}],"line":197},"11":{"loc":{"start":{"line":197,"column":20},"end":{"line":197,"column":144}},"type":"binary-expr","locations":[{"start":{"line":197,"column":20},"end":{"line":197,"column":97}},{"start":{"line":197,"column":101},"end":{"line":197,"column":144}}],"line":197}},"s":{"0":1,"1":1,"2":1,"3":1,"4":1,"5":1,"6":1,"7":1,"8":1,"9":8,"10":8,"11":0,"12":0,"13":8,"14":8,"15":8,"16":5,"17":5,"18":5,"19":5,"20":5,"21":0,"22":3,"23":3,"24":3,"25":3,"26":3,"27":0,"28":8,"29":8,"30":1,"31":7,"32":7,"33":21,"34":7,"35":1,"36":6,"37":1,"38":5,"39":5,"40":1,"41":4,"42":4,"43":2,"44":2,"45":2,"46":2,"47":2,"48":2,"49":0,"50":8,"51":8,"52":8,"53":8,"54":1,"55":7,"56":8,"57":8,"58":1,"59":7,"60":19,"61":7,"62":3,"63":3,"64":4,"65":7,"66":4,"67":4,"68":4,"69":4,"70":3,"71":3,"72":11,"73":4,"74":4,"75":4,"76":3,"77":8,"78":1},"f":{"0":8,"1":5,"2":3,"3":8,"4":21,"5":8,"6":19,"7":7,"8":11},"b":{"0":[1,7],"1":[1,6],"2":[1,5],"3":[1,4],"4":[2,2],"5":[1,7],"6":[1,7],"7":[3,4],"8":[4,0],"9":[4,7],"10":[3,1],"11":[4,1]},"_coverageSchema":"1a1c01bbd47fc00a2c39e90264f33305004495a9","hash":"113d3480019676e771a14fc0a8b320d1214b7f92"}
,"/home/user/Documentos/prompt-history/REST_API/routes/controllers/courses-controllers/controllers-put.js": {"path":"/home/user/Documentos/prompt-history/REST_API/routes/controllers/courses-controllers/controllers-put.js","statementMap":{"0":{"start":{"line":1,"column":12},"end":{"line":1,"column":26}},"1":{"start":{"line":2,"column":19},"end":{"line":2,"column":41}},"2":{"start":{"line":3,"column":21},"end":{"line":3,"column":52}},"3":{"start":{"line":4,"column":79},"end":{"line":4,"column":111}},"4":{"start":{"line":6,"column":19},"end":{"line":6,"column":79}},"5":{"start":{"line":8,"column":22},"end":{"line":8,"column":50}},"6":{"start":{"line":9,"column":0},"end":{"line":9,"column":26}},"7":{"start":{"line":13,"column":28},"end":{"line":13,"column":49}},"8":{"start":{"line":15,"column":4},"end":{"line":19,"column":5}},"9":{"start":{"line":17,"column":8},"end":{"line":17,"column":62}},"10":{"start":{"line":21,"column":22},"end":{"line":21,"column":32}},"11":{"start":{"line":23,"column":17},"end":{"line":23,"column":123}},"12":{"start":{"line":23,"column":48},"end":{"line":23,"column":122}},"13":{"start":{"line":25,"column":4},"end":{"line":35,"column":5}},"14":{"start":{"line":27,"column":8},"end":{"line":27,"column":58}},"15":{"start":{"line":29,"column":11},"end":{"line":35,"column":5}},"16":{"start":{"line":31,"column":8},"end":{"line":31,"column":67}},"17":{"start":{"line":32,"column":11},"end":{"line":35,"column":5}},"18":{"start":{"line":34,"column":8},"end":{"line":34,"column":94}},"19":{"start":{"line":37,"column":23},"end":{"line":37,"column":66}},"20":{"start":{"line":39,"column":4},"end":{"line":42,"column":5}},"21":{"start":{"line":41,"column":8},"end":{"line":41,"column":77}},"22":{"start":{"line":44,"column":22},"end":{"line":44,"column":133}},"23":{"start":{"line":44,"column":58},"end":{"line":44,"column":132}},"24":{"start":{"line":46,"column":4},"end":{"line":46,"column":53}},"25":{"start":{"line":48,"column":4},"end":{"line":48,"column":27}},"26":{"start":{"line":50,"column":4},"end":{"line":50,"column":40}},"27":{"start":{"line":53,"column":0},"end":{"line":53,"column":34}}},"fnMap":{"0":{"name":"updateCourse","decl":{"start":{"line":11,"column":9},"end":{"line":11,"column":21}},"loc":{"start":{"line":11,"column":40},"end":{"line":51,"column":1}},"line":11},"1":{"name":"(anonymous_1)","decl":{"start":{"line":23,"column":34},"end":{"line":23,"column":35}},"loc":{"start":{"line":23,"column":48},"end":{"line":23,"column":122}},"line":23},"2":{"name":"(anonymous_2)","decl":{"start":{"line":44,"column":44},"end":{"line":44,"column":45}},"loc":{"start":{"line":44,"column":58},"end":{"line":44,"column":132}},"line":44}},"branchMap":{"0":{"loc":{"start":{"line":15,"column":4},"end":{"line":19,"column":5}},"type":"if","locations":[{"start":{"line":15,"column":4},"end":{"line":19,"column":5}},{"start":{},"end":{}}],"line":15},"1":{"loc":{"start":{"line":25,"column":4},"end":{"line":35,"column":5}},"type":"if","locations":[{"start":{"line":25,"column":4},"end":{"line":35,"column":5}},{"start":{"line":29,"column":11},"end":{"line":35,"column":5}}],"line":25},"2":{"loc":{"start":{"line":29,"column":11},"end":{"line":35,"column":5}},"type":"if","locations":[{"start":{"line":29,"column":11},"end":{"line":35,"column":5}},{"start":{"line":32,"column":11},"end":{"line":35,"column":5}}],"line":29},"3":{"loc":{"start":{"line":32,"column":11},"end":{"line":35,"column":5}},"type":"if","locations":[{"start":{"line":32,"column":11},"end":{"line":35,"column":5}},{"start":{},"end":{}}],"line":32},"4":{"loc":{"start":{"line":39,"column":4},"end":{"line":42,"column":5}},"type":"if","locations":[{"start":{"line":39,"column":4},"end":{"line":42,"column":5}},{"start":{},"end":{}}],"line":39}},"s":{"0":1,"1":1,"2":1,"3":1,"4":1,"5":1,"6":1,"7":6,"8":6,"9":1,"10":5,"11":5,"12":15,"13":5,"14":1,"15":4,"16":1,"17":3,"18":1,"19":2,"20":2,"21":1,"22":1,"23":3,"24":1,"25":1,"26":1,"27":1},"f":{"0":6,"1":15,"2":3},"b":{"0":[1,5],"1":[1,4],"2":[1,3],"3":[1,2],"4":[1,1]},"_coverageSchema":"1a1c01bbd47fc00a2c39e90264f33305004495a9","hash":"0dbed2e3dc3bc7fcb7f4efe67d8aad4c77051aec"}
}
