TN:
SF:app.js
FN:17,(anonymous_0)
FN:21,(anonymous_1)
FNF:2
FNH:2
FNDA:1,(anonymous_0)
FNDA:1,(anonymous_1)
DA:1,1
DA:2,1
DA:3,1
DA:4,1
DA:5,1
DA:6,1
DA:7,1
DA:9,1
DA:11,1
DA:13,1
DA:15,1
DA:17,1
DA:18,1
DA:21,1
DA:23,1
DA:26,1
LF:16
LH:16
BRF:0
BRH:0
end_of_record
TN:
SF:routes/courses-routes.js
FN:10,(anonymous_0)
FN:17,(anonymous_1)
FN:25,(anonymous_2)
FN:34,(anonymous_3)
FN:45,(anonymous_4)
FN:56,(anonymous_5)
FNF:6
FNH:6
FNDA:1,(anonymous_0)
FNDA:2,(anonymous_1)
FNDA:8,(anonymous_2)
FNDA:6,(anonymous_3)
FNDA:6,(anonymous_4)
FNDA:2,(anonymous_5)
DA:1,1
DA:2,1
DA:3,1
DA:4,1
DA:5,1
DA:6,1
DA:7,1
DA:10,1
DA:12,1
DA:14,1
DA:17,1
DA:19,2
DA:20,2
DA:22,2
DA:25,1
DA:27,8
DA:28,8
DA:30,8
DA:34,1
DA:36,6
DA:37,6
DA:39,6
DA:41,6
DA:45,1
DA:47,6
DA:48,6
DA:50,6
DA:52,6
DA:56,1
DA:58,2
DA:59,2
DA:61,2
DA:65,1
LF:33
LH:33
BRF:0
BRH:0
end_of_record
TN:
SF:routes/routes.js
FN:6,(anonymous_0)
FN:13,(anonymous_1)
FN:24,(anonymous_2)
FN:33,(anonymous_3)
FN:42,(anonymous_4)
FN:54,(anonymous_5)
FN:64,(anonymous_6)
FN:74,(anonymous_7)
FN:84,(anonymous_8)
FN:94,(anonymous_9)
FN:103,(anonymous_10)
FNF:11
FNH:11
FNDA:1,(anonymous_0)
FNDA:4,(anonymous_1)
FNDA:6,(anonymous_2)
FNDA:2,(anonymous_3)
FNDA:6,(anonymous_4)
FNDA:9,(anonymous_5)
FNDA:12,(anonymous_6)
FNDA:4,(anonymous_7)
FNDA:4,(anonymous_8)
FNDA:4,(anonymous_9)
FNDA:2,(anonymous_10)
DA:1,1
DA:2,1
DA:3,1
DA:4,1
DA:6,1
DA:8,1
DA:10,1
DA:13,1
DA:15,4
DA:17,4
DA:19,4
DA:21,4
DA:24,1
DA:26,6
DA:28,6
DA:30,6
DA:33,1
DA:35,2
DA:37,2
DA:39,2
DA:42,1
DA:47,6
DA:49,6
DA:51,6
DA:54,1
DA:56,9
DA:57,9
DA:59,9
DA:61,9
DA:64,1
DA:66,12
DA:67,12
DA:69,12
DA:71,12
DA:74,1
DA:76,4
DA:77,4
DA:79,4
DA:81,4
DA:84,1
DA:86,4
DA:87,4
DA:89,4
DA:91,4
DA:94,1
DA:96,4
DA:98,4
DA:100,4
DA:103,1
DA:105,2
DA:107,2
DA:109,2
DA:112,1
LF:53
LH:53
BRDA:17,0,0,4
BRDA:17,0,1,3
BRDA:17,0,2,2
BRF:3
BRH:3
end_of_record
TN:
SF:routes/controllers/controllers.js
FN:78,readData
FN:99,writeData
FN:116,getAllStudents
FN:124,getStudentBySearchParam
FN:149,createNewStudent
FN:165,(anonymous_5)
FN:220,completeStudentUpdate
FN:271,(anonymous_7)
FN:318,partialStudentUpdate
FN:394,(anonymous_9)
FN:416,deleteStudent
FN:443,reviewCourses
FN:481,nonDuplicateCourses
FN:526,searchStudents
FN:538,(anonymous_14)
FN:539,(anonymous_15)
FN:550,(anonymous_16)
FN:551,(anonymous_17)
FN:562,(anonymous_18)
FN:577,getStudentCourses
FN:590,patchCourses
FN:625,putCourses
FN:657,deleteCourses
FNF:23
FNH:23
FNDA:66,readData
FNDA:9,writeData
FNDA:1,getAllStudents
FNDA:10,getStudentBySearchParam
FNDA:6,createNewStudent
FNDA:18,(anonymous_5)
FNDA:9,completeStudentUpdate
FNDA:19,(anonymous_7)
FNDA:12,partialStudentUpdate
FNDA:7,(anonymous_9)
FNDA:4,deleteStudent
FNDA:13,reviewCourses
FNDA:17,nonDuplicateCourses
FNDA:38,searchStudents
FNDA:44,(anonymous_14)
FNDA:44,(anonymous_15)
FNDA:12,(anonymous_16)
FNDA:12,(anonymous_17)
FNDA:44,(anonymous_18)
FNDA:2,getStudentCourses
FNDA:4,patchCourses
FNDA:4,putCourses
FNDA:2,deleteCourses
DA:1,1
DA:2,1
DA:3,1
DA:4,1
DA:6,1
DA:8,1
DA:9,1
DA:11,1
DA:25,1
DA:39,1
DA:52,1
DA:61,1
DA:72,1
DA:73,1
DA:74,1
DA:75,1
DA:76,1
DA:82,66
DA:84,66
DA:87,0
DA:88,0
DA:92,66
DA:93,66
DA:95,66
DA:101,9
DA:103,9
DA:104,9
DA:106,9
DA:108,9
DA:111,0
DA:118,1
DA:120,1
DA:126,10
DA:128,1
DA:132,9
DA:133,9
DA:135,9
DA:137,2
DA:140,7
DA:142,4
DA:145,3
DA:151,6
DA:153,6
DA:155,1
DA:164,5
DA:165,18
DA:174,5
DA:176,1
DA:180,4
DA:182,1
DA:186,3
DA:187,3
DA:188,3
DA:189,3
DA:191,3
DA:193,1
DA:197,2
DA:204,2
DA:206,2
DA:208,2
DA:209,2
DA:213,0
DA:222,9
DA:224,9
DA:226,2
DA:242,7
DA:244,1
DA:248,6
DA:252,6
DA:253,6
DA:254,6
DA:257,6
DA:265,5
DA:271,19
DA:273,5
DA:275,1
DA:279,4
DA:280,4
DA:281,4
DA:283,4
DA:285,2
DA:297,2
DA:305,2
DA:307,2
DA:309,2
DA:313,1
DA:320,12
DA:322,12
DA:324,2
DA:328,10
DA:330,1
DA:340,9
DA:346,9
DA:350,9
DA:351,9
DA:352,9
DA:354,9
DA:356,8
DA:358,2
DA:362,6
DA:363,6
DA:364,6
DA:366,6
DA:368,3
DA:374,3
DA:380,3
DA:388,3
DA:390,1
DA:394,7
DA:396,2
DA:398,1
DA:402,1
DA:404,1
DA:406,1
DA:410,1
DA:418,4
DA:421,4
DA:422,4
DA:424,4
DA:426,3
DA:429,1
DA:431,0
DA:435,1
DA:437,1
DA:439,1
DA:445,13
DA:470,13
DA:472,20
DA:475,13
DA:478,13
DA:483,17
DA:485,10
DA:487,12
DA:489,15
DA:491,8
DA:499,9
DA:528,38
DA:529,38
DA:531,38
DA:532,38
DA:534,38
DA:536,38
DA:538,44
DA:539,44
DA:541,23
DA:543,20
DA:546,3
DA:548,15
DA:550,12
DA:551,12
DA:553,4
DA:555,2
DA:558,2
DA:560,11
DA:562,44
DA:564,11
DA:566,7
DA:570,4
DA:571,4
DA:579,2
DA:581,2
DA:583,1
DA:586,1
DA:592,4
DA:594,4
DA:596,1
DA:599,3
DA:601,3
DA:603,1
DA:606,2
DA:608,2
DA:610,1
DA:613,1
DA:615,1
DA:618,1
DA:620,1
DA:622,1
DA:627,4
DA:629,4
DA:631,1
DA:634,3
DA:636,3
DA:638,1
DA:641,2
DA:643,1
DA:646,1
DA:648,1
DA:650,1
DA:652,1
DA:654,1
DA:659,2
DA:661,2
DA:663,1
DA:666,1
DA:668,1
DA:670,1
DA:672,1
DA:674,1
DA:677,1
LF:199
LH:194
BRDA:126,0,0,1
BRDA:126,0,1,9
BRDA:135,1,0,2
BRDA:135,1,1,7
BRDA:140,2,0,4
BRDA:140,2,1,3
BRDA:153,3,0,1
BRDA:153,3,1,5
BRDA:174,4,0,1
BRDA:174,4,1,4
BRDA:180,5,0,1
BRDA:180,5,1,3
BRDA:187,6,0,3
BRDA:187,6,1,0
BRDA:191,7,0,1
BRDA:191,7,1,2
BRDA:224,8,0,2
BRDA:224,8,1,7
BRDA:242,9,0,1
BRDA:242,9,1,6
BRDA:257,10,0,5
BRDA:257,10,1,1
BRDA:265,11,0,0
BRDA:265,11,1,5
BRDA:273,12,0,1
BRDA:273,12,1,4
BRDA:273,13,0,5
BRDA:273,13,1,1
BRDA:279,14,0,4
BRDA:279,14,1,0
BRDA:283,15,0,2
BRDA:283,15,1,2
BRDA:322,16,0,2
BRDA:322,16,1,10
BRDA:328,17,0,1
BRDA:328,17,1,9
BRDA:328,18,0,10
BRDA:328,18,1,4
BRDA:328,18,2,3
BRDA:340,19,0,0
BRDA:340,19,1,9
BRDA:354,20,0,8
BRDA:354,20,1,1
BRDA:356,21,0,2
BRDA:356,21,1,6
BRDA:362,22,0,4
BRDA:362,22,1,2
BRDA:366,23,0,3
BRDA:366,23,1,3
BRDA:374,24,0,0
BRDA:374,24,1,3
BRDA:383,25,0,2
BRDA:383,25,1,1
BRDA:384,26,0,2
BRDA:384,26,1,1
BRDA:388,27,0,1
BRDA:388,27,1,2
BRDA:396,28,0,1
BRDA:396,28,1,1
BRDA:396,29,0,2
BRDA:396,29,1,1
BRDA:424,30,0,3
BRDA:424,30,1,1
BRDA:429,31,0,0
BRDA:429,31,1,1
BRDA:483,32,0,10
BRDA:483,32,1,7
BRDA:489,33,0,8
BRDA:489,33,1,7
BRDA:489,34,0,15
BRDA:489,34,1,7
BRDA:536,35,0,23
BRDA:536,35,1,15
BRDA:541,36,0,20
BRDA:541,36,1,3
BRDA:548,37,0,4
BRDA:548,37,1,11
BRDA:553,38,0,2
BRDA:553,38,1,2
BRDA:560,39,0,11
BRDA:560,39,1,0
BRDA:560,40,0,11
BRDA:560,40,1,11
BRDA:564,41,0,7
BRDA:564,41,1,4
BRDA:581,42,0,1
BRDA:581,42,1,1
BRDA:594,43,0,1
BRDA:594,43,1,3
BRDA:601,44,0,1
BRDA:601,44,1,2
BRDA:606,45,0,2
BRDA:606,45,1,0
BRDA:608,46,0,1
BRDA:608,46,1,1
BRDA:629,47,0,1
BRDA:629,47,1,3
BRDA:636,48,0,1
BRDA:636,48,1,2
BRDA:641,49,0,1
BRDA:641,49,1,1
BRDA:661,50,0,1
BRDA:661,50,1,1
BRF:103
BRH:95
end_of_record
TN:
SF:routes/controllers/courses-controllers/controllers-delete.js
FN:4,deleteCourse
FN:8,(anonymous_1)
FNF:2
FNH:2
FNDA:2,deleteCourse
FNDA:6,(anonymous_1)
DA:1,1
DA:2,1
DA:6,2
DA:8,6
DA:10,2
DA:12,1
DA:15,1
DA:17,1
DA:19,1
DA:24,1
LF:10
LH:10
BRDA:10,0,0,1
BRDA:10,0,1,1
BRF:2
BRH:2
end_of_record
TN:
SF:routes/controllers/courses-controllers/controllers-get.js
FN:5,readData
FN:26,getAllCourses
FN:34,getOneCourse
FN:47,searchCourses
FN:51,(anonymous_4)
FNF:5
FNH:5
FNDA:22,readData
FNDA:1,getAllCourses
FNDA:2,getOneCourse
FNDA:2,searchCourses
FNDA:6,(anonymous_4)
DA:1,1
DA:3,1
DA:9,22
DA:11,22
DA:14,0
DA:15,0
DA:19,22
DA:20,22
DA:22,22
DA:28,1
DA:30,1
DA:36,2
DA:38,2
DA:40,1
DA:43,1
DA:49,2
DA:51,6
DA:53,2
DA:56,1
LF:19
LH:17
BRDA:38,0,0,1
BRDA:38,0,1,1
BRF:2
BRH:2
end_of_record
TN:
SF:routes/controllers/courses-controllers/controllers-patch.js
FN:22,partialUpdateCourse
FN:34,(anonymous_1)
FN:58,(anonymous_2)
FNF:3
FNH:3
FNDA:6,partialUpdateCourse
FNDA:15,(anonymous_1)
FNDA:3,(anonymous_2)
DA:1,1
DA:2,1
DA:3,1
DA:4,1
DA:6,1
DA:8,1
DA:9,1
DA:11,1
DA:20,1
DA:24,6
DA:26,6
DA:28,1
DA:32,5
DA:34,15
DA:36,5
DA:37,5
DA:39,5
DA:41,1
DA:43,4
DA:45,1
DA:46,3
DA:48,1
DA:51,2
DA:53,2
DA:55,1
DA:58,3
DA:60,1
DA:62,1
DA:64,1
DA:68,1
LF:30
LH:30
BRDA:26,0,0,1
BRDA:26,0,1,5
BRDA:36,1,0,4
BRDA:36,1,1,1
BRDA:37,2,0,4
BRDA:37,2,1,1
BRDA:39,3,0,1
BRDA:39,3,1,4
BRDA:43,4,0,1
BRDA:43,4,1,3
BRDA:46,5,0,1
BRDA:46,5,1,2
BRDA:53,6,0,1
BRDA:53,6,1,1
BRF:14
BRH:14
end_of_record
TN:
SF:routes/controllers/courses-controllers/controllers-post.js
FN:23,readStudentsData
FN:44,writeData
FN:60,writeStudentsData
FN:77,createNewCourse
FN:89,(anonymous_4)
FN:139,validateStudents
FN:159,(anonymous_6)
FN:170,(anonymous_7)
FN:189,nonDuplicateStudents
FNF:9
FNH:9
FNDA:8,readStudentsData
FNDA:5,writeData
FNDA:3,writeStudentsData
FNDA:8,createNewCourse
FNDA:21,(anonymous_4)
FNDA:8,validateStudents
FNDA:19,(anonymous_6)
FNDA:7,(anonymous_7)
FNDA:11,nonDuplicateStudents
DA:1,1
DA:2,1
DA:3,1
DA:4,1
DA:6,1
DA:8,1
DA:9,1
DA:11,1
DA:21,1
DA:27,8
DA:29,8
DA:32,0
DA:33,0
DA:37,8
DA:38,8
DA:40,8
DA:46,5
DA:48,5
DA:49,5
DA:51,5
DA:53,5
DA:56,0
DA:62,3
DA:64,3
DA:65,3
DA:67,3
DA:69,3
DA:72,0
DA:79,8
DA:81,8
DA:83,1
DA:87,7
DA:89,21
DA:91,7
DA:93,1
DA:97,6
DA:99,1
DA:103,5
DA:105,5
DA:107,1
DA:110,4
DA:112,4
DA:114,2
DA:118,2
DA:123,2
DA:125,2
DA:127,2
DA:128,2
DA:132,0
DA:140,8
DA:141,8
DA:142,8
DA:144,8
DA:145,1
DA:149,7
DA:151,8
DA:153,8
DA:155,1
DA:159,19
DA:161,7
DA:163,3
DA:168,3
DA:170,7
DA:171,4
DA:173,4
DA:174,4
DA:177,4
DA:183,3
DA:185,3
DA:191,11
DA:193,4
DA:195,4
DA:197,4
DA:199,3
DA:207,8
DA:210,1
LF:76
LH:71
BRDA:81,0,0,1
BRDA:81,0,1,7
BRDA:91,1,0,1
BRDA:91,1,1,6
BRDA:97,2,0,1
BRDA:97,2,1,5
BRDA:105,3,0,1
BRDA:105,3,1,4
BRDA:112,4,0,2
BRDA:112,4,1,2
BRDA:144,5,0,1
BRDA:144,5,1,7
BRDA:153,6,0,1
BRDA:153,6,1,7
BRDA:161,7,0,3
BRDA:161,7,1,4
BRDA:173,8,0,4
BRDA:173,8,1,0
BRDA:191,9,0,4
BRDA:191,9,1,7
BRDA:197,10,0,3
BRDA:197,10,1,1
BRDA:197,11,0,4
BRDA:197,11,1,1
BRF:24
BRH:23
end_of_record
TN:
SF:routes/controllers/courses-controllers/controllers-put.js
FN:11,updateCourse
FN:23,(anonymous_1)
FN:44,(anonymous_2)
FNF:3
FNH:3
FNDA:6,updateCourse
FNDA:15,(anonymous_1)
FNDA:3,(anonymous_2)
DA:1,1
DA:2,1
DA:3,1
DA:4,1
DA:6,1
DA:8,1
DA:9,1
DA:13,6
DA:15,6
DA:17,1
DA:21,5
DA:23,15
DA:25,5
DA:27,1
DA:29,4
DA:31,1
DA:32,3
DA:34,1
DA:37,2
DA:39,2
DA:41,1
DA:44,3
DA:46,1
DA:48,1
DA:50,1
DA:53,1
LF:26
LH:26
BRDA:15,0,0,1
BRDA:15,0,1,5
BRDA:25,1,0,1
BRDA:25,1,1,4
BRDA:29,2,0,1
BRDA:29,2,1,3
BRDA:32,3,0,1
BRDA:32,3,1,2
BRDA:39,4,0,1
BRDA:39,4,1,1
BRF:10
BRH:10
end_of_record
