TN:
SF:app.js
FN:14,(anonymous_0)
FN:18,(anonymous_1)
FNF:2
FNH:2
FNDA:1,(anonymous_0)
FNDA:1,(anonymous_1)
DA:1,1
DA:2,1
DA:3,1
DA:4,1
DA:5,1
DA:6,1
DA:8,1
DA:10,1
DA:12,1
DA:14,1
DA:15,1
DA:18,1
DA:20,1
DA:23,1
LF:14
LH:14
BRF:0
BRH:0
end_of_record
TN:
SF:routes/controllers.js
FN:56,readData
FN:76,writeData
FN:88,getStudentBySearchParam
FN:107,createNewStudent
FN:123,(anonymous_4)
FN:178,completeStudentUpdate
FN:229,(anonymous_6)
FN:276,partialStudentUpdate
FN:346,(anonymous_8)
FN:368,deleteStudent
FN:395,reviewCourses
FN:433,nonDuplicateCourses
FN:454,comparateCourses
FN:478,searchStudents
FN:490,(anonymous_14)
FN:491,(anonymous_15)
FN:502,(anonymous_16)
FN:503,(anonymous_17)
FN:514,(anonymous_18)
FNF:19
FNH:19
FNDA:38,readData
FNDA:6,writeData
FNDA:6,getStudentBySearchParam
FNDA:3,createNewStudent
FNDA:12,(anonymous_4)
FNDA:8,completeStudentUpdate
FNDA:19,(anonymous_6)
FNDA:4,partialStudentUpdate
FNDA:4,(anonymous_8)
FNDA:4,deleteStudent
FNDA:8,reviewCourses
FNDA:8,nonDuplicateCourses
FNDA:4,comparateCourses
FNDA:20,searchStudents
FNDA:21,(anonymous_14)
FNDA:21,(anonymous_15)
FNDA:10,(anonymous_16)
FNDA:10,(anonymous_17)
FNDA:24,(anonymous_18)
DA:1,1
DA:2,1
DA:3,1
DA:4,1
DA:6,1
DA:8,1
DA:9,1
DA:11,1
DA:25,1
DA:39,1
DA:52,1
DA:53,1
DA:54,1
DA:60,38
DA:62,38
DA:65,0
DA:66,0
DA:70,38
DA:72,38
DA:78,6
DA:80,6
DA:83,0
DA:90,6
DA:91,6
DA:93,6
DA:95,1
DA:98,5
DA:100,2
DA:103,3
DA:109,3
DA:111,3
DA:113,0
DA:122,3
DA:123,12
DA:132,3
DA:134,0
DA:138,3
DA:140,1
DA:144,2
DA:145,2
DA:146,2
DA:147,2
DA:149,2
DA:151,0
DA:155,2
DA:162,2
DA:164,2
DA:166,2
DA:167,2
DA:171,0
DA:180,8
DA:182,8
DA:184,0
DA:200,8
DA:202,0
DA:206,8
DA:210,8
DA:211,8
DA:212,8
DA:215,8
DA:217,7
DA:219,1
DA:223,6
DA:225,1
DA:229,19
DA:231,5
DA:233,1
DA:237,4
DA:238,4
DA:239,4
DA:241,4
DA:243,1
DA:247,3
DA:249,3
DA:251,1
DA:255,2
DA:263,2
DA:265,2
DA:267,2
DA:271,1
DA:278,4
DA:280,4
DA:282,1
DA:286,3
DA:288,1
DA:298,2
DA:300,0
DA:304,2
DA:308,2
DA:309,2
DA:310,2
DA:312,2
DA:314,2
DA:316,0
DA:320,2
DA:321,2
DA:322,2
DA:324,2
DA:326,1
DA:330,1
DA:332,1
DA:334,0
DA:338,1
DA:346,4
DA:348,1
DA:350,0
DA:354,1
DA:356,1
DA:358,1
DA:362,0
DA:370,4
DA:373,4
DA:374,4
DA:376,4
DA:378,3
DA:381,1
DA:383,0
DA:387,1
DA:389,1
DA:391,1
DA:397,8
DA:399,8
DA:401,2
DA:403,2
DA:405,1
DA:406,1
DA:408,1
DA:410,2
DA:415,1
DA:422,6
DA:424,10
DA:427,6
DA:430,8
DA:435,8
DA:437,3
DA:439,5
DA:441,8
DA:443,2
DA:451,6
DA:456,4
DA:458,2
DA:460,2
DA:462,5
DA:464,1
DA:468,2
DA:470,1
DA:475,3
DA:480,20
DA:481,20
DA:483,20
DA:484,20
DA:486,20
DA:488,20
DA:490,21
DA:491,21
DA:493,11
DA:495,10
DA:498,1
DA:500,9
DA:502,10
DA:503,10
DA:505,3
DA:507,1
DA:510,2
DA:512,6
DA:514,24
DA:516,6
DA:518,3
DA:522,3
DA:540,1
LF:170
LH:155
BRDA:93,0,0,1
BRDA:93,0,1,5
BRDA:98,1,0,2
BRDA:98,1,1,3
BRDA:111,2,0,0
BRDA:111,2,1,3
BRDA:132,3,0,0
BRDA:132,3,1,3
BRDA:138,4,0,1
BRDA:138,4,1,2
BRDA:145,5,0,2
BRDA:145,5,1,0
BRDA:149,6,0,0
BRDA:149,6,1,2
BRDA:182,7,0,0
BRDA:182,7,1,8
BRDA:200,8,0,0
BRDA:200,8,1,8
BRDA:215,9,0,7
BRDA:215,9,1,1
BRDA:217,10,0,1
BRDA:217,10,1,6
BRDA:223,11,0,1
BRDA:223,11,1,5
BRDA:223,12,0,6
BRDA:223,12,1,5
BRDA:231,13,0,1
BRDA:231,13,1,4
BRDA:237,14,0,4
BRDA:237,14,1,0
BRDA:241,15,0,1
BRDA:241,15,1,3
BRDA:249,16,0,1
BRDA:249,16,1,2
BRDA:280,17,0,1
BRDA:280,17,1,3
BRDA:286,18,0,1
BRDA:286,18,1,2
BRDA:286,19,0,3
BRDA:286,19,1,1
BRDA:286,19,2,1
BRDA:298,20,0,0
BRDA:298,20,1,2
BRDA:312,21,0,2
BRDA:312,21,1,0
BRDA:314,22,0,0
BRDA:314,22,1,2
BRDA:320,23,0,2
BRDA:320,23,1,0
BRDA:324,24,0,1
BRDA:324,24,1,1
BRDA:332,25,0,0
BRDA:332,25,1,1
BRDA:332,26,0,1
BRDA:332,26,1,0
BRDA:332,26,2,0
BRDA:341,27,0,1
BRDA:341,27,1,0
BRDA:342,28,0,1
BRDA:342,28,1,0
BRDA:348,29,0,0
BRDA:348,29,1,1
BRDA:348,30,0,1
BRDA:348,30,1,0
BRDA:376,31,0,3
BRDA:376,31,1,1
BRDA:381,32,0,0
BRDA:381,32,1,1
BRDA:399,33,0,2
BRDA:399,33,1,6
BRDA:401,34,0,2
BRDA:401,34,1,0
BRDA:403,35,0,1
BRDA:403,35,1,1
BRDA:435,36,0,3
BRDA:435,36,1,5
BRDA:441,37,0,2
BRDA:441,37,1,6
BRDA:441,38,0,8
BRDA:441,38,1,6
BRDA:456,39,0,2
BRDA:456,39,1,2
BRDA:462,40,0,1
BRDA:462,40,1,4
BRDA:468,41,0,1
BRDA:468,41,1,1
BRDA:488,42,0,11
BRDA:488,42,1,9
BRDA:493,43,0,10
BRDA:493,43,1,1
BRDA:500,44,0,3
BRDA:500,44,1,6
BRDA:505,45,0,1
BRDA:505,45,1,2
BRDA:512,46,0,6
BRDA:512,46,1,0
BRDA:512,47,0,6
BRDA:512,47,1,6
BRDA:516,48,0,3
BRDA:516,48,1,3
BRF:100
BRH:79
end_of_record
TN:
SF:routes/routes.js
FN:5,(anonymous_0)
FN:13,(anonymous_1)
FN:22,(anonymous_2)
FN:35,(anonymous_3)
FN:49,(anonymous_4)
FN:63,(anonymous_5)
FNF:6
FNH:6
FNDA:1,(anonymous_0)
FNDA:6,(anonymous_1)
FNDA:3,(anonymous_2)
FNDA:8,(anonymous_3)
FNDA:4,(anonymous_4)
FNDA:4,(anonymous_5)
DA:1,1
DA:2,1
DA:3,1
DA:5,1
DA:7,1
DA:9,1
DA:13,1
DA:15,6
DA:16,6
DA:18,6
DA:22,1
DA:27,3
DA:29,3
DA:31,3
DA:35,1
DA:37,8
DA:41,8
DA:43,8
DA:45,8
DA:49,1
DA:51,4
DA:55,4
DA:57,4
DA:59,4
DA:63,1
DA:65,4
DA:66,4
DA:68,4
DA:72,1
LF:29
LH:29
BRF:0
BRH:0
end_of_record
