{"/home/bts/Desktop/prompt-history/APIrest/app.js": {"path":"/home/bts/Desktop/prompt-history/APIrest/app.js","statementMap":{"0":{"start":{"line":1,"column":16},"end":{"line":1,"column":34}},"1":{"start":{"line":2,"column":22},"end":{"line":2,"column":58}},"2":{"start":{"line":3,"column":12},"end":{"line":3,"column":21}},"3":{"start":{"line":4,"column":13},"end":{"line":4,"column":17}},"4":{"start":{"line":5,"column":18},"end":{"line":5,"column":47}},"5":{"start":{"line":6,"column":24},"end":{"line":6,"column":54}},"6":{"start":{"line":7,"column":21},"end":{"line":7,"column":53}},"7":{"start":{"line":10,"column":0},"end":{"line":10,"column":24}},"8":{"start":{"line":11,"column":0},"end":{"line":11,"column":36}},"9":{"start":{"line":12,"column":0},"end":{"line":12,"column":34}},"10":{"start":{"line":13,"column":0},"end":{"line":13,"column":72}},"11":{"start":{"line":15,"column":0},"end":{"line":17,"column":3}},"12":{"start":{"line":16,"column":2},"end":{"line":16,"column":33}},"13":{"start":{"line":20,"column":0},"end":{"line":29,"column":3}},"14":{"start":{"line":21,"column":2},"end":{"line":27,"column":3}},"15":{"start":{"line":22,"column":4},"end":{"line":26,"column":7}},"16":{"start":{"line":28,"column":2},"end":{"line":28,"column":12}},"17":{"start":{"line":32,"column":0},"end":{"line":38,"column":5}},"18":{"start":{"line":33,"column":0},"end":{"line":37,"column":7}},"19":{"start":{"line":40,"column":0},"end":{"line":42,"column":5}},"20":{"start":{"line":41,"column":4},"end":{"line":41,"column":66}},"21":{"start":{"line":46,"column":2},"end":{"line":46,"column":23}}},"fnMap":{"0":{"name":"(anonymous_0)","decl":{"start":{"line":15,"column":13},"end":{"line":15,"column":14}},"loc":{"start":{"line":15,"column":27},"end":{"line":17,"column":1}},"line":15},"1":{"name":"(anonymous_1)","decl":{"start":{"line":20,"column":8},"end":{"line":20,"column":9}},"loc":{"start":{"line":20,"column":33},"end":{"line":29,"column":1}},"line":20},"2":{"name":"(anonymous_2)","decl":{"start":{"line":32,"column":8},"end":{"line":32,"column":9}},"loc":{"start":{"line":32,"column":28},"end":{"line":38,"column":3}},"line":32},"3":{"name":"(anonymous_3)","decl":{"start":{"line":40,"column":17},"end":{"line":40,"column":18}},"loc":{"start":{"line":40,"column":23},"end":{"line":42,"column":3}},"line":40}},"branchMap":{"0":{"loc":{"start":{"line":21,"column":2},"end":{"line":27,"column":3}},"type":"if","locations":[{"start":{"line":21,"column":2},"end":{"line":27,"column":3}},{"start":{},"end":{}}],"line":21},"1":{"loc":{"start":{"line":21,"column":6},"end":{"line":21,"column":71}},"type":"binary-expr","locations":[{"start":{"line":21,"column":6},"end":{"line":21,"column":32}},{"start":{"line":21,"column":36},"end":{"line":21,"column":54}},{"start":{"line":21,"column":58},"end":{"line":21,"column":71}}],"line":21}},"s":{"0":2,"1":2,"2":2,"3":2,"4":2,"5":2,"6":2,"7":2,"8":2,"9":2,"10":2,"11":2,"12":1,"13":2,"14":0,"15":0,"16":0,"17":2,"18":5,"19":2,"20":2,"21":2},"f":{"0":1,"1":0,"2":5,"3":2},"b":{"0":[0,0],"1":[0,0,0]},"_coverageSchema":"1a1c01bbd47fc00a2c39e90264f33305004495a9","hash":"5336cebfa126e311dc250603fb0f4d622e21eca9"}
,"/home/bts/Desktop/prompt-history/APIrest/controllers/courseController.js": {"path":"/home/bts/Desktop/prompt-history/APIrest/controllers/courseController.js","statementMap":{"0":{"start":{"line":1,"column":11},"end":{"line":1,"column":24}},"1":{"start":{"line":2,"column":13},"end":{"line":2,"column":28}},"2":{"start":{"line":4,"column":17},"end":{"line":4,"column":48}},"3":{"start":{"line":5,"column":20},"end":{"line":5,"column":55}},"4":{"start":{"line":6,"column":21},"end":{"line":6,"column":51}},"5":{"start":{"line":9,"column":2},"end":{"line":15,"column":3}},"6":{"start":{"line":10,"column":4},"end":{"line":10,"column":54}},"7":{"start":{"line":10,"column":34},"end":{"line":10,"column":54}},"8":{"start":{"line":11,"column":17},"end":{"line":11,"column":50}},"9":{"start":{"line":12,"column":4},"end":{"line":12,"column":28}},"10":{"start":{"line":14,"column":4},"end":{"line":14,"column":24}},"11":{"start":{"line":19,"column":2},"end":{"line":19,"column":68}},"12":{"start":{"line":24,"column":2},"end":{"line":41,"column":3}},"13":{"start":{"line":25,"column":20},"end":{"line":25,"column":45}},"14":{"start":{"line":26,"column":21},"end":{"line":26,"column":30}},"15":{"start":{"line":27,"column":4},"end":{"line":33,"column":5}},"16":{"start":{"line":28,"column":21},"end":{"line":28,"column":92}},"17":{"start":{"line":28,"column":41},"end":{"line":28,"column":91}},"18":{"start":{"line":29,"column":6},"end":{"line":31,"column":7}},"19":{"start":{"line":30,"column":8},"end":{"line":30,"column":92}},"20":{"start":{"line":32,"column":6},"end":{"line":32,"column":65}},"21":{"start":{"line":34,"column":4},"end":{"line":34,"column":57}},"22":{"start":{"line":36,"column":4},"end":{"line":40,"column":7}},"23":{"start":{"line":46,"column":15},"end":{"line":46,"column":46}},"24":{"start":{"line":47,"column":2},"end":{"line":51,"column":3}},"25":{"start":{"line":48,"column":4},"end":{"line":50,"column":65}},"26":{"start":{"line":52,"column":2},"end":{"line":56,"column":3}},"27":{"start":{"line":53,"column":4},"end":{"line":55,"column":68}},"28":{"start":{"line":57,"column":18},"end":{"line":57,"column":43}},"29":{"start":{"line":58,"column":2},"end":{"line":62,"column":3}},"30":{"start":{"line":58,"column":26},"end":{"line":58,"column":76}},"31":{"start":{"line":59,"column":4},"end":{"line":61,"column":63}},"32":{"start":{"line":63,"column":20},"end":{"line":63,"column":55}},"33":{"start":{"line":64,"column":2},"end":{"line":64,"column":26}},"34":{"start":{"line":65,"column":2},"end":{"line":65,"column":34}},"35":{"start":{"line":66,"column":2},"end":{"line":66,"column":97}},"36":{"start":{"line":71,"column":15},"end":{"line":71,"column":29}},"37":{"start":{"line":72,"column":2},"end":{"line":77,"column":3}},"38":{"start":{"line":73,"column":4},"end":{"line":76,"column":7}},"39":{"start":{"line":78,"column":2},"end":{"line":82,"column":3}},"40":{"start":{"line":79,"column":4},"end":{"line":81,"column":68}},"41":{"start":{"line":83,"column":16},"end":{"line":83,"column":41}},"42":{"start":{"line":84,"column":16},"end":{"line":84,"column":92}},"43":{"start":{"line":84,"column":41},"end":{"line":84,"column":91}},"44":{"start":{"line":85,"column":2},"end":{"line":87,"column":3}},"45":{"start":{"line":86,"column":4},"end":{"line":86,"column":88}},"46":{"start":{"line":88,"column":18},"end":{"line":88,"column":45}},"47":{"start":{"line":89,"column":2},"end":{"line":89,"column":34}},"48":{"start":{"line":92,"column":17},"end":{"line":92,"column":43}},"49":{"start":{"line":93,"column":2},"end":{"line":99,"column":3}},"50":{"start":{"line":93,"column":15},"end":{"line":93,"column":16}},"51":{"start":{"line":94,"column":4},"end":{"line":98,"column":5}},"52":{"start":{"line":95,"column":6},"end":{"line":97,"column":8}},"53":{"start":{"line":96,"column":15},"end":{"line":96,"column":67}},"54":{"start":{"line":100,"column":2},"end":{"line":100,"column":36}},"55":{"start":{"line":102,"column":2},"end":{"line":106,"column":5}},"56":{"start":{"line":111,"column":23},"end":{"line":111,"column":81}},"57":{"start":{"line":111,"column":50},"end":{"line":111,"column":80}},"58":{"start":{"line":112,"column":2},"end":{"line":114,"column":3}},"59":{"start":{"line":113,"column":4},"end":{"line":113,"column":62}},"60":{"start":{"line":115,"column":2},"end":{"line":115,"column":25}},"61":{"start":{"line":118,"column":0},"end":{"line":123,"column":2}}},"fnMap":{"0":{"name":"readData","decl":{"start":{"line":8,"column":9},"end":{"line":8,"column":17}},"loc":{"start":{"line":8,"column":47},"end":{"line":16,"column":1}},"line":8},"1":{"name":"writeData","decl":{"start":{"line":18,"column":9},"end":{"line":18,"column":18}},"loc":{"start":{"line":18,"column":35},"end":{"line":20,"column":1}},"line":18},"2":{"name":"getAllCourses","decl":{"start":{"line":23,"column":9},"end":{"line":23,"column":22}},"loc":{"start":{"line":23,"column":33},"end":{"line":42,"column":1}},"line":23},"3":{"name":"(anonymous_3)","decl":{"start":{"line":28,"column":34},"end":{"line":28,"column":35}},"loc":{"start":{"line":28,"column":41},"end":{"line":28,"column":91}},"line":28},"4":{"name":"createCourse","decl":{"start":{"line":45,"column":9},"end":{"line":45,"column":21}},"loc":{"start":{"line":45,"column":32},"end":{"line":67,"column":1}},"line":45},"5":{"name":"(anonymous_5)","decl":{"start":{"line":58,"column":19},"end":{"line":58,"column":20}},"loc":{"start":{"line":58,"column":26},"end":{"line":58,"column":76}},"line":58},"6":{"name":"deleteCourse","decl":{"start":{"line":70,"column":9},"end":{"line":70,"column":21}},"loc":{"start":{"line":70,"column":32},"end":{"line":107,"column":1}},"line":70},"7":{"name":"(anonymous_7)","decl":{"start":{"line":84,"column":34},"end":{"line":84,"column":35}},"loc":{"start":{"line":84,"column":41},"end":{"line":84,"column":91}},"line":84},"8":{"name":"(anonymous_8)","decl":{"start":{"line":96,"column":8},"end":{"line":96,"column":9}},"loc":{"start":{"line":96,"column":15},"end":{"line":96,"column":67}},"line":96},"9":{"name":"validateStudent","decl":{"start":{"line":110,"column":9},"end":{"line":110,"column":24}},"loc":{"start":{"line":110,"column":56},"end":{"line":116,"column":1}},"line":110},"10":{"name":"(anonymous_10)","decl":{"start":{"line":111,"column":40},"end":{"line":111,"column":41}},"loc":{"start":{"line":111,"column":50},"end":{"line":111,"column":80}},"line":111}},"branchMap":{"0":{"loc":{"start":{"line":8,"column":28},"end":{"line":8,"column":45}},"type":"default-arg","locations":[{"start":{"line":8,"column":43},"end":{"line":8,"column":45}}],"line":8},"1":{"loc":{"start":{"line":10,"column":4},"end":{"line":10,"column":54}},"type":"if","locations":[{"start":{"line":10,"column":4},"end":{"line":10,"column":54}},{"start":{},"end":{}}],"line":10},"2":{"loc":{"start":{"line":27,"column":4},"end":{"line":33,"column":5}},"type":"if","locations":[{"start":{"line":27,"column":4},"end":{"line":33,"column":5}},{"start":{},"end":{}}],"line":27},"3":{"loc":{"start":{"line":29,"column":6},"end":{"line":31,"column":7}},"type":"if","locations":[{"start":{"line":29,"column":6},"end":{"line":31,"column":7}},{"start":{},"end":{}}],"line":29},"4":{"loc":{"start":{"line":46,"column":15},"end":{"line":46,"column":46}},"type":"binary-expr","locations":[{"start":{"line":46,"column":15},"end":{"line":46,"column":28}},{"start":{"line":46,"column":32},"end":{"line":46,"column":46}}],"line":46},"5":{"loc":{"start":{"line":47,"column":2},"end":{"line":51,"column":3}},"type":"if","locations":[{"start":{"line":47,"column":2},"end":{"line":51,"column":3}},{"start":{},"end":{}}],"line":47},"6":{"loc":{"start":{"line":47,"column":6},"end":{"line":47,"column":61}},"type":"binary-expr","locations":[{"start":{"line":47,"column":6},"end":{"line":47,"column":11}},{"start":{"line":47,"column":15},"end":{"line":47,"column":39}},{"start":{"line":47,"column":43},"end":{"line":47,"column":61}}],"line":47},"7":{"loc":{"start":{"line":52,"column":2},"end":{"line":56,"column":3}},"type":"if","locations":[{"start":{"line":52,"column":2},"end":{"line":56,"column":3}},{"start":{},"end":{}}],"line":52},"8":{"loc":{"start":{"line":58,"column":2},"end":{"line":62,"column":3}},"type":"if","locations":[{"start":{"line":58,"column":2},"end":{"line":62,"column":3}},{"start":{},"end":{}}],"line":58},"9":{"loc":{"start":{"line":72,"column":2},"end":{"line":77,"column":3}},"type":"if","locations":[{"start":{"line":72,"column":2},"end":{"line":77,"column":3}},{"start":{},"end":{}}],"line":72},"10":{"loc":{"start":{"line":72,"column":6},"end":{"line":72,"column":61}},"type":"binary-expr","locations":[{"start":{"line":72,"column":6},"end":{"line":72,"column":11}},{"start":{"line":72,"column":15},"end":{"line":72,"column":39}},{"start":{"line":72,"column":43},"end":{"line":72,"column":61}}],"line":72},"11":{"loc":{"start":{"line":78,"column":2},"end":{"line":82,"column":3}},"type":"if","locations":[{"start":{"line":78,"column":2},"end":{"line":82,"column":3}},{"start":{},"end":{}}],"line":78},"12":{"loc":{"start":{"line":85,"column":2},"end":{"line":87,"column":3}},"type":"if","locations":[{"start":{"line":85,"column":2},"end":{"line":87,"column":3}},{"start":{},"end":{}}],"line":85},"13":{"loc":{"start":{"line":94,"column":4},"end":{"line":98,"column":5}},"type":"if","locations":[{"start":{"line":94,"column":4},"end":{"line":98,"column":5}},{"start":{},"end":{}}],"line":94},"14":{"loc":{"start":{"line":112,"column":2},"end":{"line":114,"column":3}},"type":"if","locations":[{"start":{"line":112,"column":2},"end":{"line":114,"column":3}},{"start":{},"end":{}}],"line":112}},"s":{"0":2,"1":2,"2":2,"3":2,"4":2,"5":8,"6":8,"7":0,"8":8,"9":8,"10":0,"11":3,"12":3,"13":3,"14":3,"15":3,"16":2,"17":3,"18":2,"19":1,"20":1,"21":1,"22":0,"23":8,"24":8,"25":4,"26":4,"27":2,"28":2,"29":2,"30":3,"31":1,"32":1,"33":1,"34":1,"35":1,"36":4,"37":4,"38":1,"39":3,"40":1,"41":2,"42":2,"43":3,"44":2,"45":1,"46":1,"47":1,"48":1,"49":1,"50":1,"51":2,"52":2,"53":3,"54":1,"55":1,"56":0,"57":0,"58":0,"59":0,"60":0,"61":2},"f":{"0":8,"1":3,"2":3,"3":3,"4":8,"5":3,"6":4,"7":3,"8":3,"9":0,"10":0},"b":{"0":[0],"1":[0,8],"2":[2,1],"3":[1,1],"4":[8,2],"5":[4,4],"6":[8,6,5],"7":[2,2],"8":[1,1],"9":[1,3],"10":[4,3,3],"11":[1,2],"12":[1,1],"13":[2,0],"14":[0,0]},"_coverageSchema":"1a1c01bbd47fc00a2c39e90264f33305004495a9","hash":"2f7c4713b3183664f092fd9ee41824ffdf9a5b39"}
,"/home/bts/Desktop/prompt-history/APIrest/controllers/student/delete.js": {"path":"/home/bts/Desktop/prompt-history/APIrest/controllers/student/delete.js","statementMap":{"0":{"start":{"line":1,"column":32},"end":{"line":1,"column":50}},"1":{"start":{"line":3,"column":0},"end":{"line":51,"column":2}},"2":{"start":{"line":4,"column":24},"end":{"line":4,"column":33}},"3":{"start":{"line":5,"column":2},"end":{"line":11,"column":3}},"4":{"start":{"line":6,"column":4},"end":{"line":10,"column":7}},"5":{"start":{"line":12,"column":2},"end":{"line":50,"column":3}},"6":{"start":{"line":13,"column":21},"end":{"line":13,"column":31}},"7":{"start":{"line":15,"column":4},"end":{"line":43,"column":5}},"8":{"start":{"line":16,"column":20},"end":{"line":16,"column":58}},"9":{"start":{"line":16,"column":46},"end":{"line":16,"column":57}},"10":{"start":{"line":17,"column":6},"end":{"line":19,"column":7}},"11":{"start":{"line":18,"column":8},"end":{"line":18,"column":70}},"12":{"start":{"line":21,"column":22},"end":{"line":21,"column":50}},"13":{"start":{"line":22,"column":6},"end":{"line":22,"column":26}},"14":{"start":{"line":24,"column":6},"end":{"line":28,"column":9}},"15":{"start":{"line":29,"column":11},"end":{"line":43,"column":5}},"16":{"start":{"line":30,"column":20},"end":{"line":30,"column":64}},"17":{"start":{"line":30,"column":46},"end":{"line":30,"column":63}},"18":{"start":{"line":31,"column":6},"end":{"line":33,"column":7}},"19":{"start":{"line":32,"column":8},"end":{"line":32,"column":70}},"20":{"start":{"line":35,"column":22},"end":{"line":35,"column":50}},"21":{"start":{"line":36,"column":6},"end":{"line":36,"column":26}},"22":{"start":{"line":38,"column":6},"end":{"line":42,"column":9}},"23":{"start":{"line":45,"column":4},"end":{"line":49,"column":7}}},"fnMap":{"0":{"name":"(anonymous_0)","decl":{"start":{"line":3,"column":24},"end":{"line":3,"column":25}},"loc":{"start":{"line":3,"column":38},"end":{"line":51,"column":1}},"line":3},"1":{"name":"(anonymous_1)","decl":{"start":{"line":16,"column":39},"end":{"line":16,"column":40}},"loc":{"start":{"line":16,"column":46},"end":{"line":16,"column":57}},"line":16},"2":{"name":"(anonymous_2)","decl":{"start":{"line":30,"column":39},"end":{"line":30,"column":40}},"loc":{"start":{"line":30,"column":46},"end":{"line":30,"column":63}},"line":30}},"branchMap":{"0":{"loc":{"start":{"line":5,"column":2},"end":{"line":11,"column":3}},"type":"if","locations":[{"start":{"line":5,"column":2},"end":{"line":11,"column":3}},{"start":{},"end":{}}],"line":5},"1":{"loc":{"start":{"line":5,"column":6},"end":{"line":5,"column":19}},"type":"binary-expr","locations":[{"start":{"line":5,"column":6},"end":{"line":5,"column":9}},{"start":{"line":5,"column":13},"end":{"line":5,"column":19}}],"line":5},"2":{"loc":{"start":{"line":15,"column":4},"end":{"line":43,"column":5}},"type":"if","locations":[{"start":{"line":15,"column":4},"end":{"line":43,"column":5}},{"start":{"line":29,"column":11},"end":{"line":43,"column":5}}],"line":15},"3":{"loc":{"start":{"line":17,"column":6},"end":{"line":19,"column":7}},"type":"if","locations":[{"start":{"line":17,"column":6},"end":{"line":19,"column":7}},{"start":{},"end":{}}],"line":17},"4":{"loc":{"start":{"line":29,"column":11},"end":{"line":43,"column":5}},"type":"if","locations":[{"start":{"line":29,"column":11},"end":{"line":43,"column":5}},{"start":{},"end":{}}],"line":29},"5":{"loc":{"start":{"line":31,"column":6},"end":{"line":33,"column":7}},"type":"if","locations":[{"start":{"line":31,"column":6},"end":{"line":33,"column":7}},{"start":{},"end":{}}],"line":31}},"s":{"0":2,"1":2,"2":8,"3":8,"4":4,"5":4,"6":4,"7":4,"8":2,"9":0,"10":2,"11":2,"12":0,"13":0,"14":0,"15":2,"16":2,"17":3,"18":2,"19":1,"20":1,"21":1,"22":1,"23":0},"f":{"0":8,"1":0,"2":3},"b":{"0":[4,4],"1":[8,6],"2":[2,2],"3":[2,0],"4":[2,0],"5":[1,1]},"_coverageSchema":"1a1c01bbd47fc00a2c39e90264f33305004495a9","hash":"1b6755cbb559d500707e74081c86ecf8e593a207"}
,"/home/bts/Desktop/prompt-history/APIrest/controllers/student/get.js": {"path":"/home/bts/Desktop/prompt-history/APIrest/controllers/student/get.js","statementMap":{"0":{"start":{"line":1,"column":21},"end":{"line":1,"column":39}},"1":{"start":{"line":3,"column":0},"end":{"line":83,"column":2}},"2":{"start":{"line":4,"column":19},"end":{"line":4,"column":29}},"3":{"start":{"line":5,"column":38},"end":{"line":5,"column":47}},"4":{"start":{"line":8,"column":2},"end":{"line":14,"column":3}},"5":{"start":{"line":9,"column":4},"end":{"line":13,"column":7}},"6":{"start":{"line":16,"column":2},"end":{"line":22,"column":3}},"7":{"start":{"line":17,"column":4},"end":{"line":21,"column":7}},"8":{"start":{"line":24,"column":2},"end":{"line":30,"column":3}},"9":{"start":{"line":25,"column":4},"end":{"line":29,"column":7}},"10":{"start":{"line":32,"column":17},"end":{"line":32,"column":30}},"11":{"start":{"line":34,"column":2},"end":{"line":36,"column":3}},"12":{"start":{"line":35,"column":4},"end":{"line":35,"column":51}},"13":{"start":{"line":35,"column":38},"end":{"line":35,"column":49}},"14":{"start":{"line":37,"column":2},"end":{"line":41,"column":3}},"15":{"start":{"line":38,"column":4},"end":{"line":40,"column":6}},"16":{"start":{"line":39,"column":6},"end":{"line":39,"column":55}},"17":{"start":{"line":42,"column":2},"end":{"line":46,"column":3}},"18":{"start":{"line":43,"column":4},"end":{"line":45,"column":6}},"19":{"start":{"line":44,"column":13},"end":{"line":44,"column":58}},"20":{"start":{"line":47,"column":2},"end":{"line":53,"column":3}},"21":{"start":{"line":48,"column":4},"end":{"line":52,"column":6}},"22":{"start":{"line":49,"column":6},"end":{"line":51,"column":46}},"23":{"start":{"line":50,"column":20},"end":{"line":50,"column":42}},"24":{"start":{"line":55,"column":2},"end":{"line":68,"column":3}},"25":{"start":{"line":56,"column":4},"end":{"line":62,"column":5}},"26":{"start":{"line":57,"column":6},"end":{"line":61,"column":9}},"27":{"start":{"line":63,"column":4},"end":{"line":67,"column":7}},"28":{"start":{"line":70,"column":2},"end":{"line":76,"column":3}},"29":{"start":{"line":71,"column":4},"end":{"line":75,"column":7}},"30":{"start":{"line":78,"column":2},"end":{"line":82,"column":5}}},"fnMap":{"0":{"name":"(anonymous_0)","decl":{"start":{"line":3,"column":22},"end":{"line":3,"column":23}},"loc":{"start":{"line":3,"column":36},"end":{"line":83,"column":1}},"line":3},"1":{"name":"(anonymous_1)","decl":{"start":{"line":35,"column":31},"end":{"line":35,"column":32}},"loc":{"start":{"line":35,"column":38},"end":{"line":35,"column":49}},"line":35},"2":{"name":"(anonymous_2)","decl":{"start":{"line":38,"column":31},"end":{"line":38,"column":32}},"loc":{"start":{"line":39,"column":6},"end":{"line":39,"column":55}},"line":39},"3":{"name":"(anonymous_3)","decl":{"start":{"line":44,"column":6},"end":{"line":44,"column":7}},"loc":{"start":{"line":44,"column":13},"end":{"line":44,"column":58}},"line":44},"4":{"name":"(anonymous_4)","decl":{"start":{"line":48,"column":31},"end":{"line":48,"column":32}},"loc":{"start":{"line":49,"column":6},"end":{"line":51,"column":46}},"line":49},"5":{"name":"(anonymous_5)","decl":{"start":{"line":50,"column":13},"end":{"line":50,"column":14}},"loc":{"start":{"line":50,"column":20},"end":{"line":50,"column":42}},"line":50}},"branchMap":{"0":{"loc":{"start":{"line":8,"column":2},"end":{"line":14,"column":3}},"type":"if","locations":[{"start":{"line":8,"column":2},"end":{"line":14,"column":3}},{"start":{},"end":{}}],"line":8},"1":{"loc":{"start":{"line":8,"column":6},"end":{"line":8,"column":48}},"type":"binary-expr","locations":[{"start":{"line":8,"column":6},"end":{"line":8,"column":25}},{"start":{"line":8,"column":29},"end":{"line":8,"column":48}}],"line":8},"2":{"loc":{"start":{"line":16,"column":2},"end":{"line":22,"column":3}},"type":"if","locations":[{"start":{"line":16,"column":2},"end":{"line":22,"column":3}},{"start":{},"end":{}}],"line":16},"3":{"loc":{"start":{"line":16,"column":6},"end":{"line":16,"column":42}},"type":"binary-expr","locations":[{"start":{"line":16,"column":6},"end":{"line":16,"column":22}},{"start":{"line":16,"column":26},"end":{"line":16,"column":42}}],"line":16},"4":{"loc":{"start":{"line":24,"column":2},"end":{"line":30,"column":3}},"type":"if","locations":[{"start":{"line":24,"column":2},"end":{"line":30,"column":3}},{"start":{},"end":{}}],"line":24},"5":{"loc":{"start":{"line":24,"column":6},"end":{"line":24,"column":46}},"type":"binary-expr","locations":[{"start":{"line":24,"column":6},"end":{"line":24,"column":24}},{"start":{"line":24,"column":28},"end":{"line":24,"column":46}}],"line":24},"6":{"loc":{"start":{"line":34,"column":2},"end":{"line":36,"column":3}},"type":"if","locations":[{"start":{"line":34,"column":2},"end":{"line":36,"column":3}},{"start":{},"end":{}}],"line":34},"7":{"loc":{"start":{"line":37,"column":2},"end":{"line":41,"column":3}},"type":"if","locations":[{"start":{"line":37,"column":2},"end":{"line":41,"column":3}},{"start":{},"end":{}}],"line":37},"8":{"loc":{"start":{"line":42,"column":2},"end":{"line":46,"column":3}},"type":"if","locations":[{"start":{"line":42,"column":2},"end":{"line":46,"column":3}},{"start":{},"end":{}}],"line":42},"9":{"loc":{"start":{"line":47,"column":2},"end":{"line":53,"column":3}},"type":"if","locations":[{"start":{"line":47,"column":2},"end":{"line":53,"column":3}},{"start":{},"end":{}}],"line":47},"10":{"loc":{"start":{"line":55,"column":2},"end":{"line":68,"column":3}},"type":"if","locations":[{"start":{"line":55,"column":2},"end":{"line":68,"column":3}},{"start":{},"end":{}}],"line":55},"11":{"loc":{"start":{"line":56,"column":4},"end":{"line":62,"column":5}},"type":"if","locations":[{"start":{"line":56,"column":4},"end":{"line":62,"column":5}},{"start":{},"end":{}}],"line":56},"12":{"loc":{"start":{"line":70,"column":2},"end":{"line":76,"column":3}},"type":"if","locations":[{"start":{"line":70,"column":2},"end":{"line":76,"column":3}},{"start":{},"end":{}}],"line":70}},"s":{"0":2,"1":2,"2":8,"3":8,"4":8,"5":1,"6":7,"7":1,"8":6,"9":1,"10":5,"11":5,"12":1,"13":2,"14":5,"15":0,"16":0,"17":5,"18":2,"19":2,"20":5,"21":1,"22":2,"23":3,"24":5,"25":2,"26":1,"27":1,"28":3,"29":1,"30":2},"f":{"0":8,"1":2,"2":0,"3":2,"4":2,"5":3},"b":{"0":[1,7],"1":[8,3],"2":[1,6],"3":[7,2],"4":[1,5],"5":[6,1],"6":[1,4],"7":[0,5],"8":[2,3],"9":[1,4],"10":[2,3],"11":[1,1],"12":[1,2]},"_coverageSchema":"1a1c01bbd47fc00a2c39e90264f33305004495a9","hash":"a398771b5e69b6bec5efef68787a18ce6c4dc142"}
,"/home/bts/Desktop/prompt-history/APIrest/controllers/student/index.js": {"path":"/home/bts/Desktop/prompt-history/APIrest/controllers/student/index.js","statementMap":{"0":{"start":{"line":1,"column":0},"end":{"line":7,"column":2}}},"fnMap":{},"branchMap":{},"s":{"0":2},"f":{},"b":{},"_coverageSchema":"1a1c01bbd47fc00a2c39e90264f33305004495a9","hash":"2070bc762e96cb2f16b78f89ee030d0c3fe1625e"}
,"/home/bts/Desktop/prompt-history/APIrest/controllers/student/patch.js": {"path":"/home/bts/Desktop/prompt-history/APIrest/controllers/student/patch.js","statementMap":{"0":{"start":{"line":9,"column":4},"end":{"line":9,"column":22}},"1":{"start":{"line":11,"column":18},"end":{"line":11,"column":32}},"2":{"start":{"line":13,"column":0},"end":{"line":191,"column":2}},"3":{"start":{"line":14,"column":24},"end":{"line":14,"column":33}},"4":{"start":{"line":15,"column":2},"end":{"line":21,"column":3}},"5":{"start":{"line":16,"column":4},"end":{"line":20,"column":7}},"6":{"start":{"line":22,"column":2},"end":{"line":190,"column":3}},"7":{"start":{"line":23,"column":21},"end":{"line":23,"column":31}},"8":{"start":{"line":24,"column":22},"end":{"line":24,"column":35}},"9":{"start":{"line":27,"column":23},"end":{"line":27,"column":25}},"10":{"start":{"line":28,"column":4},"end":{"line":34,"column":5}},"11":{"start":{"line":29,"column":6},"end":{"line":29,"column":60}},"12":{"start":{"line":29,"column":47},"end":{"line":29,"column":58}},"13":{"start":{"line":30,"column":11},"end":{"line":34,"column":5}},"14":{"start":{"line":31,"column":6},"end":{"line":33,"column":8}},"15":{"start":{"line":32,"column":15},"end":{"line":32,"column":60}},"16":{"start":{"line":36,"column":4},"end":{"line":42,"column":5}},"17":{"start":{"line":37,"column":6},"end":{"line":41,"column":9}},"18":{"start":{"line":44,"column":20},"end":{"line":44,"column":42}},"19":{"start":{"line":45,"column":17},"end":{"line":45,"column":25}},"20":{"start":{"line":47,"column":4},"end":{"line":53,"column":5}},"21":{"start":{"line":48,"column":6},"end":{"line":52,"column":9}},"22":{"start":{"line":55,"column":4},"end":{"line":61,"column":5}},"23":{"start":{"line":56,"column":6},"end":{"line":60,"column":9}},"24":{"start":{"line":63,"column":47},"end":{"line":63,"column":55}},"25":{"start":{"line":66,"column":26},"end":{"line":66,"column":54}},"26":{"start":{"line":67,"column":26},"end":{"line":69,"column":5}},"27":{"start":{"line":68,"column":15},"end":{"line":68,"column":43}},"28":{"start":{"line":70,"column":4},"end":{"line":76,"column":5}},"29":{"start":{"line":71,"column":6},"end":{"line":75,"column":9}},"30":{"start":{"line":79,"column":4},"end":{"line":95,"column":5}},"31":{"start":{"line":80,"column":6},"end":{"line":86,"column":7}},"32":{"start":{"line":81,"column":8},"end":{"line":85,"column":11}},"33":{"start":{"line":87,"column":6},"end":{"line":93,"column":7}},"34":{"start":{"line":88,"column":8},"end":{"line":92,"column":11}},"35":{"start":{"line":94,"column":6},"end":{"line":94,"column":33}},"36":{"start":{"line":98,"column":4},"end":{"line":131,"column":5}},"37":{"start":{"line":99,"column":6},"end":{"line":109,"column":7}},"38":{"start":{"line":104,"column":8},"end":{"line":108,"column":11}},"39":{"start":{"line":111,"column":6},"end":{"line":123,"column":7}},"40":{"start":{"line":114,"column":12},"end":{"line":115,"column":30}},"41":{"start":{"line":118,"column":8},"end":{"line":122,"column":11}},"42":{"start":{"line":125,"column":6},"end":{"line":129,"column":9}},"43":{"start":{"line":126,"column":8},"end":{"line":128,"column":10}},"44":{"start":{"line":127,"column":10},"end":{"line":127,"column":65}},"45":{"start":{"line":130,"column":6},"end":{"line":130,"column":52}},"46":{"start":{"line":134,"column":4},"end":{"line":174,"column":5}},"47":{"start":{"line":135,"column":6},"end":{"line":145,"column":7}},"48":{"start":{"line":138,"column":33},"end":{"line":138,"column":73}},"49":{"start":{"line":140,"column":8},"end":{"line":144,"column":11}},"50":{"start":{"line":146,"column":6},"end":{"line":152,"column":7}},"51":{"start":{"line":147,"column":8},"end":{"line":151,"column":11}},"52":{"start":{"line":153,"column":23},"end":{"line":153,"column":67}},"53":{"start":{"line":154,"column":6},"end":{"line":160,"column":7}},"54":{"start":{"line":155,"column":8},"end":{"line":159,"column":11}},"55":{"start":{"line":162,"column":6},"end":{"line":164,"column":7}},"56":{"start":{"line":163,"column":8},"end":{"line":163,"column":77}},"57":{"start":{"line":163,"column":56},"end":{"line":163,"column":75}},"58":{"start":{"line":166,"column":6},"end":{"line":171,"column":7}},"59":{"start":{"line":167,"column":23},"end":{"line":167,"column":69}},"60":{"start":{"line":167,"column":47},"end":{"line":167,"column":68}},"61":{"start":{"line":168,"column":8},"end":{"line":170,"column":9}},"62":{"start":{"line":169,"column":10},"end":{"line":169,"column":46}},"63":{"start":{"line":172,"column":6},"end":{"line":172,"column":58}},"64":{"start":{"line":172,"column":48},"end":{"line":172,"column":56}},"65":{"start":{"line":173,"column":6},"end":{"line":173,"column":32}},"66":{"start":{"line":177,"column":4},"end":{"line":177,"column":24}},"67":{"start":{"line":179,"column":4},"end":{"line":183,"column":7}},"68":{"start":{"line":185,"column":4},"end":{"line":189,"column":7}}},"fnMap":{"0":{"name":"(anonymous_0)","decl":{"start":{"line":13,"column":23},"end":{"line":13,"column":24}},"loc":{"start":{"line":13,"column":37},"end":{"line":191,"column":1}},"line":13},"1":{"name":"(anonymous_1)","decl":{"start":{"line":29,"column":40},"end":{"line":29,"column":41}},"loc":{"start":{"line":29,"column":47},"end":{"line":29,"column":58}},"line":29},"2":{"name":"(anonymous_2)","decl":{"start":{"line":32,"column":8},"end":{"line":32,"column":9}},"loc":{"start":{"line":32,"column":15},"end":{"line":32,"column":60}},"line":32},"3":{"name":"(anonymous_3)","decl":{"start":{"line":68,"column":6},"end":{"line":68,"column":7}},"loc":{"start":{"line":68,"column":15},"end":{"line":68,"column":43}},"line":68},"4":{"name":"(anonymous_4)","decl":{"start":{"line":113,"column":10},"end":{"line":113,"column":11}},"loc":{"start":{"line":114,"column":12},"end":{"line":115,"column":30}},"line":114},"5":{"name":"(anonymous_5)","decl":{"start":{"line":125,"column":26},"end":{"line":125,"column":27}},"loc":{"start":{"line":125,"column":38},"end":{"line":129,"column":7}},"line":125},"6":{"name":"(anonymous_6)","decl":{"start":{"line":126,"column":46},"end":{"line":126,"column":47}},"loc":{"start":{"line":127,"column":10},"end":{"line":127,"column":65}},"line":127},"7":{"name":"(anonymous_7)","decl":{"start":{"line":138,"column":26},"end":{"line":138,"column":27}},"loc":{"start":{"line":138,"column":33},"end":{"line":138,"column":73}},"line":138},"8":{"name":"(anonymous_8)","decl":{"start":{"line":163,"column":49},"end":{"line":163,"column":50}},"loc":{"start":{"line":163,"column":56},"end":{"line":163,"column":75}},"line":163},"9":{"name":"(anonymous_9)","decl":{"start":{"line":167,"column":40},"end":{"line":167,"column":41}},"loc":{"start":{"line":167,"column":47},"end":{"line":167,"column":68}},"line":167},"10":{"name":"(anonymous_10)","decl":{"start":{"line":172,"column":41},"end":{"line":172,"column":42}},"loc":{"start":{"line":172,"column":48},"end":{"line":172,"column":56}},"line":172}},"branchMap":{"0":{"loc":{"start":{"line":15,"column":2},"end":{"line":21,"column":3}},"type":"if","locations":[{"start":{"line":15,"column":2},"end":{"line":21,"column":3}},{"start":{},"end":{}}],"line":15},"1":{"loc":{"start":{"line":15,"column":6},"end":{"line":15,"column":19}},"type":"binary-expr","locations":[{"start":{"line":15,"column":6},"end":{"line":15,"column":9}},{"start":{"line":15,"column":13},"end":{"line":15,"column":19}}],"line":15},"2":{"loc":{"start":{"line":28,"column":4},"end":{"line":34,"column":5}},"type":"if","locations":[{"start":{"line":28,"column":4},"end":{"line":34,"column":5}},{"start":{"line":30,"column":11},"end":{"line":34,"column":5}}],"line":28},"3":{"loc":{"start":{"line":30,"column":11},"end":{"line":34,"column":5}},"type":"if","locations":[{"start":{"line":30,"column":11},"end":{"line":34,"column":5}},{"start":{},"end":{}}],"line":30},"4":{"loc":{"start":{"line":36,"column":4},"end":{"line":42,"column":5}},"type":"if","locations":[{"start":{"line":36,"column":4},"end":{"line":42,"column":5}},{"start":{},"end":{}}],"line":36},"5":{"loc":{"start":{"line":47,"column":4},"end":{"line":53,"column":5}},"type":"if","locations":[{"start":{"line":47,"column":4},"end":{"line":53,"column":5}},{"start":{},"end":{}}],"line":47},"6":{"loc":{"start":{"line":47,"column":8},"end":{"line":47,"column":47}},"type":"binary-expr","locations":[{"start":{"line":47,"column":8},"end":{"line":47,"column":13}},{"start":{"line":47,"column":17},"end":{"line":47,"column":47}}],"line":47},"7":{"loc":{"start":{"line":55,"column":4},"end":{"line":61,"column":5}},"type":"if","locations":[{"start":{"line":55,"column":4},"end":{"line":61,"column":5}},{"start":{},"end":{}}],"line":55},"8":{"loc":{"start":{"line":55,"column":8},"end":{"line":55,"column":49}},"type":"binary-expr","locations":[{"start":{"line":55,"column":8},"end":{"line":55,"column":17}},{"start":{"line":55,"column":21},"end":{"line":55,"column":49}}],"line":55},"9":{"loc":{"start":{"line":70,"column":4},"end":{"line":76,"column":5}},"type":"if","locations":[{"start":{"line":70,"column":4},"end":{"line":76,"column":5}},{"start":{},"end":{}}],"line":70},"10":{"loc":{"start":{"line":79,"column":4},"end":{"line":95,"column":5}},"type":"if","locations":[{"start":{"line":79,"column":4},"end":{"line":95,"column":5}},{"start":{},"end":{}}],"line":79},"11":{"loc":{"start":{"line":80,"column":6},"end":{"line":86,"column":7}},"type":"if","locations":[{"start":{"line":80,"column":6},"end":{"line":86,"column":7}},{"start":{},"end":{}}],"line":80},"12":{"loc":{"start":{"line":80,"column":10},"end":{"line":80,"column":56}},"type":"binary-expr","locations":[{"start":{"line":80,"column":10},"end":{"line":80,"column":34}},{"start":{"line":80,"column":38},"end":{"line":80,"column":56}}],"line":80},"13":{"loc":{"start":{"line":87,"column":6},"end":{"line":93,"column":7}},"type":"if","locations":[{"start":{"line":87,"column":6},"end":{"line":93,"column":7}},{"start":{},"end":{}}],"line":87},"14":{"loc":{"start":{"line":98,"column":4},"end":{"line":131,"column":5}},"type":"if","locations":[{"start":{"line":98,"column":4},"end":{"line":131,"column":5}},{"start":{},"end":{}}],"line":98},"15":{"loc":{"start":{"line":99,"column":6},"end":{"line":109,"column":7}},"type":"if","locations":[{"start":{"line":99,"column":6},"end":{"line":109,"column":7}},{"start":{},"end":{}}],"line":99},"16":{"loc":{"start":{"line":100,"column":8},"end":{"line":102,"column":41}},"type":"binary-expr","locations":[{"start":{"line":100,"column":8},"end":{"line":100,"column":36}},{"start":{"line":101,"column":8},"end":{"line":101,"column":30}},{"start":{"line":102,"column":8},"end":{"line":102,"column":41}}],"line":100},"17":{"loc":{"start":{"line":111,"column":6},"end":{"line":123,"column":7}},"type":"if","locations":[{"start":{"line":111,"column":6},"end":{"line":123,"column":7}},{"start":{},"end":{}}],"line":111},"18":{"loc":{"start":{"line":114,"column":12},"end":{"line":115,"column":30}},"type":"binary-expr","locations":[{"start":{"line":114,"column":12},"end":{"line":114,"column":67}},{"start":{"line":115,"column":12},"end":{"line":115,"column":30}}],"line":114},"19":{"loc":{"start":{"line":127,"column":10},"end":{"line":127,"column":65}},"type":"cond-expr","locations":[{"start":{"line":127,"column":32},"end":{"line":127,"column":61}},{"start":{"line":127,"column":64},"end":{"line":127,"column":65}}],"line":127},"20":{"loc":{"start":{"line":134,"column":4},"end":{"line":174,"column":5}},"type":"if","locations":[{"start":{"line":134,"column":4},"end":{"line":174,"column":5}},{"start":{},"end":{}}],"line":134},"21":{"loc":{"start":{"line":135,"column":6},"end":{"line":145,"column":7}},"type":"if","locations":[{"start":{"line":135,"column":6},"end":{"line":145,"column":7}},{"start":{},"end":{}}],"line":135},"22":{"loc":{"start":{"line":136,"column":8},"end":{"line":138,"column":74}},"type":"binary-expr","locations":[{"start":{"line":136,"column":8},"end":{"line":136,"column":36}},{"start":{"line":137,"column":8},"end":{"line":137,"column":33}},{"start":{"line":138,"column":8},"end":{"line":138,"column":74}}],"line":136},"23":{"loc":{"start":{"line":138,"column":33},"end":{"line":138,"column":73}},"type":"binary-expr","locations":[{"start":{"line":138,"column":33},"end":{"line":138,"column":54}},{"start":{"line":138,"column":58},"end":{"line":138,"column":73}}],"line":138},"24":{"loc":{"start":{"line":146,"column":6},"end":{"line":152,"column":7}},"type":"if","locations":[{"start":{"line":146,"column":6},"end":{"line":152,"column":7}},{"start":{},"end":{}}],"line":146},"25":{"loc":{"start":{"line":154,"column":6},"end":{"line":160,"column":7}},"type":"if","locations":[{"start":{"line":154,"column":6},"end":{"line":160,"column":7}},{"start":{},"end":{}}],"line":154},"26":{"loc":{"start":{"line":154,"column":10},"end":{"line":154,"column":41}},"type":"binary-expr","locations":[{"start":{"line":154,"column":10},"end":{"line":154,"column":18}},{"start":{"line":154,"column":22},"end":{"line":154,"column":41}}],"line":154},"27":{"loc":{"start":{"line":168,"column":8},"end":{"line":170,"column":9}},"type":"if","locations":[{"start":{"line":168,"column":8},"end":{"line":170,"column":9}},{"start":{},"end":{}}],"line":168},"28":{"loc":{"start":{"line":168,"column":12},"end":{"line":168,"column":62}},"type":"binary-expr","locations":[{"start":{"line":168,"column":12},"end":{"line":168,"column":18}},{"start":{"line":168,"column":22},"end":{"line":168,"column":62}}],"line":168}},"s":{"0":2,"1":2,"2":2,"3":7,"4":7,"5":1,"6":6,"7":6,"8":6,"9":6,"10":6,"11":6,"12":5,"13":0,"14":0,"15":0,"16":6,"17":1,"18":5,"19":5,"20":5,"21":0,"22":5,"23":0,"24":5,"25":5,"26":5,"27":6,"28":5,"29":0,"30":5,"31":1,"32":0,"33":1,"34":0,"35":1,"36":5,"37":2,"38":0,"39":2,"40":4,"41":1,"42":1,"43":2,"44":3,"45":1,"46":4,"47":3,"48":2,"49":2,"50":1,"51":0,"52":1,"53":1,"54":0,"55":1,"56":2,"57":3,"58":1,"59":1,"60":2,"61":1,"62":1,"63":1,"64":1,"65":1,"66":2,"67":2,"68":0},"f":{"0":7,"1":5,"2":0,"3":6,"4":4,"5":2,"6":3,"7":2,"8":3,"9":2,"10":1},"b":{"0":[1,6],"1":[7,1],"2":[6,0],"3":[0,0],"4":[1,5],"5":[0,5],"6":[5,5],"7":[0,5],"8":[5,5],"9":[0,5],"10":[1,4],"11":[0,1],"12":[1,1],"13":[0,1],"14":[2,3],"15":[0,2],"16":[2,2,2],"17":[1,1],"18":[4,1],"19":[1,2],"20":[3,1],"21":[2,1],"22":[3,2,2],"23":[2,2],"24":[0,1],"25":[0,1],"26":[1,1],"27":[1,0],"28":[1,1]},"_coverageSchema":"1a1c01bbd47fc00a2c39e90264f33305004495a9","hash":"9637ebccc8ed5aaeebca96bbc5e44f7594f3f335"}
,"/home/bts/Desktop/prompt-history/APIrest/controllers/student/post.js": {"path":"/home/bts/Desktop/prompt-history/APIrest/controllers/student/post.js","statementMap":{"0":{"start":{"line":11,"column":4},"end":{"line":11,"column":22}},"1":{"start":{"line":13,"column":18},"end":{"line":13,"column":32}},"2":{"start":{"line":15,"column":0},"end":{"line":79,"column":2}},"3":{"start":{"line":16,"column":2},"end":{"line":78,"column":3}},"4":{"start":{"line":17,"column":4},"end":{"line":22,"column":5}},"5":{"start":{"line":18,"column":6},"end":{"line":21,"column":9}},"6":{"start":{"line":24,"column":4},"end":{"line":30,"column":5}},"7":{"start":{"line":25,"column":6},"end":{"line":29,"column":9}},"8":{"start":{"line":32,"column":37},"end":{"line":32,"column":45}},"9":{"start":{"line":34,"column":21},"end":{"line":34,"column":31}},"10":{"start":{"line":35,"column":24},"end":{"line":35,"column":37}},"11":{"start":{"line":38,"column":23},"end":{"line":38,"column":87}},"12":{"start":{"line":39,"column":4},"end":{"line":45,"column":5}},"13":{"start":{"line":40,"column":6},"end":{"line":44,"column":9}},"14":{"start":{"line":48,"column":23},"end":{"line":53,"column":5}},"15":{"start":{"line":52,"column":34},"end":{"line":52,"column":42}},"16":{"start":{"line":54,"column":4},"end":{"line":54,"column":30}},"17":{"start":{"line":55,"column":4},"end":{"line":55,"column":24}},"18":{"start":{"line":58,"column":4},"end":{"line":63,"column":5}},"19":{"start":{"line":59,"column":21},"end":{"line":59,"column":109}},"20":{"start":{"line":59,"column":45},"end":{"line":59,"column":108}},"21":{"start":{"line":60,"column":6},"end":{"line":62,"column":7}},"22":{"start":{"line":61,"column":8},"end":{"line":61,"column":47}},"23":{"start":{"line":64,"column":4},"end":{"line":64,"column":30}},"24":{"start":{"line":66,"column":4},"end":{"line":70,"column":7}},"25":{"start":{"line":72,"column":4},"end":{"line":72,"column":48}},"26":{"start":{"line":73,"column":4},"end":{"line":77,"column":7}}},"fnMap":{"0":{"name":"(anonymous_0)","decl":{"start":{"line":15,"column":24},"end":{"line":15,"column":25}},"loc":{"start":{"line":15,"column":38},"end":{"line":79,"column":1}},"line":15},"1":{"name":"(anonymous_1)","decl":{"start":{"line":52,"column":27},"end":{"line":52,"column":28}},"loc":{"start":{"line":52,"column":34},"end":{"line":52,"column":42}},"line":52},"2":{"name":"(anonymous_2)","decl":{"start":{"line":59,"column":38},"end":{"line":59,"column":39}},"loc":{"start":{"line":59,"column":45},"end":{"line":59,"column":108}},"line":59}},"branchMap":{"0":{"loc":{"start":{"line":17,"column":4},"end":{"line":22,"column":5}},"type":"if","locations":[{"start":{"line":17,"column":4},"end":{"line":22,"column":5}},{"start":{},"end":{}}],"line":17},"1":{"loc":{"start":{"line":24,"column":4},"end":{"line":30,"column":5}},"type":"if","locations":[{"start":{"line":24,"column":4},"end":{"line":30,"column":5}},{"start":{},"end":{}}],"line":24},"2":{"loc":{"start":{"line":24,"column":8},"end":{"line":24,"column":49}},"type":"binary-expr","locations":[{"start":{"line":24,"column":8},"end":{"line":24,"column":17}},{"start":{"line":24,"column":21},"end":{"line":24,"column":49}}],"line":24},"3":{"loc":{"start":{"line":39,"column":4},"end":{"line":45,"column":5}},"type":"if","locations":[{"start":{"line":39,"column":4},"end":{"line":45,"column":5}},{"start":{},"end":{}}],"line":39},"4":{"loc":{"start":{"line":60,"column":6},"end":{"line":62,"column":7}},"type":"if","locations":[{"start":{"line":60,"column":6},"end":{"line":62,"column":7}},{"start":{},"end":{}}],"line":60},"5":{"loc":{"start":{"line":60,"column":10},"end":{"line":60,"column":63}},"type":"binary-expr","locations":[{"start":{"line":60,"column":10},"end":{"line":60,"column":16}},{"start":{"line":60,"column":20},"end":{"line":60,"column":63}}],"line":60}},"s":{"0":2,"1":2,"2":2,"3":6,"4":6,"5":1,"6":5,"7":0,"8":5,"9":5,"10":5,"11":5,"12":5,"13":4,"14":1,"15":1,"16":1,"17":1,"18":1,"19":1,"20":1,"21":1,"22":1,"23":1,"24":1,"25":0,"26":0},"f":{"0":6,"1":1,"2":1},"b":{"0":[1,5],"1":[0,5],"2":[5,5],"3":[4,1],"4":[1,0],"5":[1,1]},"_coverageSchema":"1a1c01bbd47fc00a2c39e90264f33305004495a9","hash":"e18494fa626b8d13dcc392730de1a14f5d81bbb5"}
,"/home/bts/Desktop/prompt-history/APIrest/controllers/student/put.js": {"path":"/home/bts/Desktop/prompt-history/APIrest/controllers/student/put.js","statementMap":{"0":{"start":{"line":10,"column":4},"end":{"line":10,"column":22}},"1":{"start":{"line":12,"column":18},"end":{"line":12,"column":32}},"2":{"start":{"line":15,"column":0},"end":{"line":256,"column":2}},"3":{"start":{"line":16,"column":2},"end":{"line":255,"column":3}},"4":{"start":{"line":17,"column":21},"end":{"line":17,"column":31}},"5":{"start":{"line":18,"column":27},"end":{"line":18,"column":40}},"6":{"start":{"line":19,"column":24},"end":{"line":19,"column":75}},"7":{"start":{"line":20,"column":26},"end":{"line":20,"column":35}},"8":{"start":{"line":22,"column":4},"end":{"line":28,"column":5}},"9":{"start":{"line":23,"column":6},"end":{"line":27,"column":9}},"10":{"start":{"line":30,"column":16},"end":{"line":30,"column":18}},"11":{"start":{"line":31,"column":4},"end":{"line":35,"column":5}},"12":{"start":{"line":32,"column":6},"end":{"line":32,"column":53}},"13":{"start":{"line":32,"column":40},"end":{"line":32,"column":51}},"14":{"start":{"line":33,"column":11},"end":{"line":35,"column":5}},"15":{"start":{"line":34,"column":6},"end":{"line":34,"column":59}},"16":{"start":{"line":34,"column":40},"end":{"line":34,"column":57}},"17":{"start":{"line":37,"column":4},"end":{"line":41,"column":5}},"18":{"start":{"line":38,"column":6},"end":{"line":40,"column":73}},"19":{"start":{"line":43,"column":20},"end":{"line":43,"column":35}},"20":{"start":{"line":45,"column":17},"end":{"line":45,"column":25}},"21":{"start":{"line":47,"column":4},"end":{"line":53,"column":5}},"22":{"start":{"line":48,"column":6},"end":{"line":52,"column":9}},"23":{"start":{"line":55,"column":48},"end":{"line":55,"column":56}},"24":{"start":{"line":58,"column":4},"end":{"line":64,"column":5}},"25":{"start":{"line":59,"column":6},"end":{"line":63,"column":9}},"26":{"start":{"line":65,"column":4},"end":{"line":71,"column":5}},"27":{"start":{"line":66,"column":6},"end":{"line":70,"column":9}},"28":{"start":{"line":72,"column":27},"end":{"line":77,"column":5}},"29":{"start":{"line":78,"column":4},"end":{"line":84,"column":5}},"30":{"start":{"line":79,"column":6},"end":{"line":83,"column":9}},"31":{"start":{"line":87,"column":4},"end":{"line":93,"column":5}},"32":{"start":{"line":88,"column":6},"end":{"line":92,"column":9}},"33":{"start":{"line":94,"column":4},"end":{"line":100,"column":5}},"34":{"start":{"line":95,"column":6},"end":{"line":99,"column":9}},"35":{"start":{"line":103,"column":4},"end":{"line":113,"column":5}},"36":{"start":{"line":106,"column":26},"end":{"line":106,"column":66}},"37":{"start":{"line":108,"column":6},"end":{"line":112,"column":9}},"38":{"start":{"line":115,"column":24},"end":{"line":115,"column":35}},"39":{"start":{"line":116,"column":25},"end":{"line":116,"column":55}},"40":{"start":{"line":117,"column":25},"end":{"line":117,"column":32}},"41":{"start":{"line":119,"column":4},"end":{"line":125,"column":5}},"42":{"start":{"line":120,"column":6},"end":{"line":124,"column":9}},"43":{"start":{"line":127,"column":4},"end":{"line":133,"column":5}},"44":{"start":{"line":128,"column":6},"end":{"line":132,"column":9}},"45":{"start":{"line":135,"column":4},"end":{"line":145,"column":5}},"46":{"start":{"line":138,"column":33},"end":{"line":138,"column":73}},"47":{"start":{"line":140,"column":6},"end":{"line":144,"column":9}},"48":{"start":{"line":147,"column":4},"end":{"line":153,"column":5}},"49":{"start":{"line":147,"column":35},"end":{"line":147,"column":69}},"50":{"start":{"line":148,"column":6},"end":{"line":152,"column":9}},"51":{"start":{"line":156,"column":4},"end":{"line":162,"column":5}},"52":{"start":{"line":157,"column":6},"end":{"line":161,"column":9}},"53":{"start":{"line":165,"column":4},"end":{"line":171,"column":5}},"54":{"start":{"line":166,"column":6},"end":{"line":170,"column":9}},"55":{"start":{"line":174,"column":27},"end":{"line":174,"column":72}},"56":{"start":{"line":175,"column":4},"end":{"line":181,"column":5}},"57":{"start":{"line":176,"column":6},"end":{"line":180,"column":9}},"58":{"start":{"line":184,"column":31},"end":{"line":186,"column":5}},"59":{"start":{"line":185,"column":16},"end":{"line":185,"column":69}},"60":{"start":{"line":187,"column":4},"end":{"line":193,"column":5}},"61":{"start":{"line":188,"column":6},"end":{"line":192,"column":9}},"62":{"start":{"line":196,"column":21},"end":{"line":196,"column":42}},"63":{"start":{"line":197,"column":23},"end":{"line":197,"column":46}},"64":{"start":{"line":200,"column":27},"end":{"line":205,"column":5}},"65":{"start":{"line":204,"column":39},"end":{"line":204,"column":47}},"66":{"start":{"line":206,"column":4},"end":{"line":206,"column":37}},"67":{"start":{"line":208,"column":4},"end":{"line":208,"column":24}},"68":{"start":{"line":211,"column":4},"end":{"line":220,"column":7}},"69":{"start":{"line":212,"column":6},"end":{"line":219,"column":7}},"70":{"start":{"line":213,"column":23},"end":{"line":215,"column":9}},"71":{"start":{"line":214,"column":17},"end":{"line":214,"column":91}},"72":{"start":{"line":216,"column":8},"end":{"line":218,"column":9}},"73":{"start":{"line":217,"column":10},"end":{"line":217,"column":74}},"74":{"start":{"line":217,"column":58},"end":{"line":217,"column":72}},"75":{"start":{"line":223,"column":4},"end":{"line":230,"column":7}},"76":{"start":{"line":224,"column":21},"end":{"line":226,"column":7}},"77":{"start":{"line":225,"column":15},"end":{"line":225,"column":89}},"78":{"start":{"line":227,"column":6},"end":{"line":229,"column":7}},"79":{"start":{"line":228,"column":8},"end":{"line":228,"column":43}},"80":{"start":{"line":233,"column":4},"end":{"line":239,"column":5}},"81":{"start":{"line":234,"column":6},"end":{"line":238,"column":9}},"82":{"start":{"line":235,"column":8},"end":{"line":237,"column":10}},"83":{"start":{"line":236,"column":10},"end":{"line":236,"column":43}},"84":{"start":{"line":241,"column":4},"end":{"line":241,"column":30}},"85":{"start":{"line":243,"column":4},"end":{"line":247,"column":7}},"86":{"start":{"line":249,"column":4},"end":{"line":249,"column":47}},"87":{"start":{"line":250,"column":4},"end":{"line":254,"column":7}}},"fnMap":{"0":{"name":"(anonymous_0)","decl":{"start":{"line":15,"column":24},"end":{"line":15,"column":25}},"loc":{"start":{"line":15,"column":38},"end":{"line":256,"column":1}},"line":15},"1":{"name":"(anonymous_1)","decl":{"start":{"line":32,"column":33},"end":{"line":32,"column":34}},"loc":{"start":{"line":32,"column":40},"end":{"line":32,"column":51}},"line":32},"2":{"name":"(anonymous_2)","decl":{"start":{"line":34,"column":33},"end":{"line":34,"column":34}},"loc":{"start":{"line":34,"column":40},"end":{"line":34,"column":57}},"line":34},"3":{"name":"(anonymous_3)","decl":{"start":{"line":106,"column":19},"end":{"line":106,"column":20}},"loc":{"start":{"line":106,"column":26},"end":{"line":106,"column":66}},"line":106},"4":{"name":"(anonymous_4)","decl":{"start":{"line":138,"column":26},"end":{"line":138,"column":27}},"loc":{"start":{"line":138,"column":33},"end":{"line":138,"column":73}},"line":138},"5":{"name":"(anonymous_5)","decl":{"start":{"line":147,"column":28},"end":{"line":147,"column":29}},"loc":{"start":{"line":147,"column":35},"end":{"line":147,"column":69}},"line":147},"6":{"name":"(anonymous_6)","decl":{"start":{"line":185,"column":6},"end":{"line":185,"column":7}},"loc":{"start":{"line":185,"column":16},"end":{"line":185,"column":69}},"line":185},"7":{"name":"(anonymous_7)","decl":{"start":{"line":204,"column":32},"end":{"line":204,"column":33}},"loc":{"start":{"line":204,"column":39},"end":{"line":204,"column":47}},"line":204},"8":{"name":"(anonymous_8)","decl":{"start":{"line":211,"column":23},"end":{"line":211,"column":24}},"loc":{"start":{"line":211,"column":34},"end":{"line":220,"column":5}},"line":211},"9":{"name":"(anonymous_9)","decl":{"start":{"line":214,"column":10},"end":{"line":214,"column":11}},"loc":{"start":{"line":214,"column":17},"end":{"line":214,"column":91}},"line":214},"10":{"name":"(anonymous_10)","decl":{"start":{"line":217,"column":51},"end":{"line":217,"column":52}},"loc":{"start":{"line":217,"column":58},"end":{"line":217,"column":72}},"line":217},"11":{"name":"(anonymous_11)","decl":{"start":{"line":223,"column":35},"end":{"line":223,"column":36}},"loc":{"start":{"line":223,"column":46},"end":{"line":230,"column":5}},"line":223},"12":{"name":"(anonymous_12)","decl":{"start":{"line":225,"column":8},"end":{"line":225,"column":9}},"loc":{"start":{"line":225,"column":15},"end":{"line":225,"column":89}},"line":225},"13":{"name":"(anonymous_13)","decl":{"start":{"line":234,"column":26},"end":{"line":234,"column":27}},"loc":{"start":{"line":234,"column":38},"end":{"line":238,"column":7}},"line":234},"14":{"name":"(anonymous_14)","decl":{"start":{"line":235,"column":46},"end":{"line":235,"column":47}},"loc":{"start":{"line":236,"column":10},"end":{"line":236,"column":43}},"line":236}},"branchMap":{"0":{"loc":{"start":{"line":19,"column":24},"end":{"line":19,"column":75}},"type":"cond-expr","locations":[{"start":{"line":19,"column":56},"end":{"line":19,"column":70}},{"start":{"line":19,"column":73},"end":{"line":19,"column":75}}],"line":19},"1":{"loc":{"start":{"line":22,"column":4},"end":{"line":28,"column":5}},"type":"if","locations":[{"start":{"line":22,"column":4},"end":{"line":28,"column":5}},{"start":{},"end":{}}],"line":22},"2":{"loc":{"start":{"line":22,"column":8},"end":{"line":22,"column":21}},"type":"binary-expr","locations":[{"start":{"line":22,"column":8},"end":{"line":22,"column":11}},{"start":{"line":22,"column":15},"end":{"line":22,"column":21}}],"line":22},"3":{"loc":{"start":{"line":31,"column":4},"end":{"line":35,"column":5}},"type":"if","locations":[{"start":{"line":31,"column":4},"end":{"line":35,"column":5}},{"start":{"line":33,"column":11},"end":{"line":35,"column":5}}],"line":31},"4":{"loc":{"start":{"line":33,"column":11},"end":{"line":35,"column":5}},"type":"if","locations":[{"start":{"line":33,"column":11},"end":{"line":35,"column":5}},{"start":{},"end":{}}],"line":33},"5":{"loc":{"start":{"line":37,"column":4},"end":{"line":41,"column":5}},"type":"if","locations":[{"start":{"line":37,"column":4},"end":{"line":41,"column":5}},{"start":{},"end":{}}],"line":37},"6":{"loc":{"start":{"line":47,"column":4},"end":{"line":53,"column":5}},"type":"if","locations":[{"start":{"line":47,"column":4},"end":{"line":53,"column":5}},{"start":{},"end":{}}],"line":47},"7":{"loc":{"start":{"line":47,"column":8},"end":{"line":47,"column":47}},"type":"binary-expr","locations":[{"start":{"line":47,"column":8},"end":{"line":47,"column":13}},{"start":{"line":47,"column":17},"end":{"line":47,"column":47}}],"line":47},"8":{"loc":{"start":{"line":58,"column":4},"end":{"line":64,"column":5}},"type":"if","locations":[{"start":{"line":58,"column":4},"end":{"line":64,"column":5}},{"start":{},"end":{}}],"line":58},"9":{"loc":{"start":{"line":58,"column":8},"end":{"line":58,"column":63}},"type":"binary-expr","locations":[{"start":{"line":58,"column":8},"end":{"line":58,"column":13}},{"start":{"line":58,"column":17},"end":{"line":58,"column":41}},{"start":{"line":58,"column":45},"end":{"line":58,"column":63}}],"line":58},"10":{"loc":{"start":{"line":65,"column":4},"end":{"line":71,"column":5}},"type":"if","locations":[{"start":{"line":65,"column":4},"end":{"line":71,"column":5}},{"start":{},"end":{}}],"line":65},"11":{"loc":{"start":{"line":78,"column":4},"end":{"line":84,"column":5}},"type":"if","locations":[{"start":{"line":78,"column":4},"end":{"line":84,"column":5}},{"start":{},"end":{}}],"line":78},"12":{"loc":{"start":{"line":87,"column":4},"end":{"line":93,"column":5}},"type":"if","locations":[{"start":{"line":87,"column":4},"end":{"line":93,"column":5}},{"start":{},"end":{}}],"line":87},"13":{"loc":{"start":{"line":87,"column":8},"end":{"line":87,"column":78}},"type":"binary-expr","locations":[{"start":{"line":87,"column":8},"end":{"line":87,"column":18}},{"start":{"line":87,"column":22},"end":{"line":87,"column":51}},{"start":{"line":87,"column":55},"end":{"line":87,"column":78}}],"line":87},"14":{"loc":{"start":{"line":94,"column":4},"end":{"line":100,"column":5}},"type":"if","locations":[{"start":{"line":94,"column":4},"end":{"line":100,"column":5}},{"start":{},"end":{}}],"line":94},"15":{"loc":{"start":{"line":103,"column":4},"end":{"line":113,"column":5}},"type":"if","locations":[{"start":{"line":103,"column":4},"end":{"line":113,"column":5}},{"start":{},"end":{}}],"line":103},"16":{"loc":{"start":{"line":104,"column":6},"end":{"line":106,"column":67}},"type":"binary-expr","locations":[{"start":{"line":104,"column":6},"end":{"line":104,"column":29}},{"start":{"line":105,"column":6},"end":{"line":105,"column":26}},{"start":{"line":106,"column":6},"end":{"line":106,"column":67}}],"line":104},"17":{"loc":{"start":{"line":106,"column":26},"end":{"line":106,"column":66}},"type":"binary-expr","locations":[{"start":{"line":106,"column":26},"end":{"line":106,"column":47}},{"start":{"line":106,"column":51},"end":{"line":106,"column":66}}],"line":106},"18":{"loc":{"start":{"line":119,"column":4},"end":{"line":125,"column":5}},"type":"if","locations":[{"start":{"line":119,"column":4},"end":{"line":125,"column":5}},{"start":{},"end":{}}],"line":119},"19":{"loc":{"start":{"line":127,"column":4},"end":{"line":133,"column":5}},"type":"if","locations":[{"start":{"line":127,"column":4},"end":{"line":133,"column":5}},{"start":{},"end":{}}],"line":127},"20":{"loc":{"start":{"line":135,"column":4},"end":{"line":145,"column":5}},"type":"if","locations":[{"start":{"line":135,"column":4},"end":{"line":145,"column":5}},{"start":{},"end":{}}],"line":135},"21":{"loc":{"start":{"line":136,"column":6},"end":{"line":138,"column":74}},"type":"binary-expr","locations":[{"start":{"line":136,"column":6},"end":{"line":136,"column":34}},{"start":{"line":137,"column":6},"end":{"line":137,"column":31}},{"start":{"line":138,"column":6},"end":{"line":138,"column":74}}],"line":136},"22":{"loc":{"start":{"line":138,"column":33},"end":{"line":138,"column":73}},"type":"binary-expr","locations":[{"start":{"line":138,"column":33},"end":{"line":138,"column":54}},{"start":{"line":138,"column":58},"end":{"line":138,"column":73}}],"line":138},"23":{"loc":{"start":{"line":147,"column":4},"end":{"line":153,"column":5}},"type":"if","locations":[{"start":{"line":147,"column":4},"end":{"line":153,"column":5}},{"start":{},"end":{}}],"line":147},"24":{"loc":{"start":{"line":156,"column":4},"end":{"line":162,"column":5}},"type":"if","locations":[{"start":{"line":156,"column":4},"end":{"line":162,"column":5}},{"start":{},"end":{}}],"line":156},"25":{"loc":{"start":{"line":165,"column":4},"end":{"line":171,"column":5}},"type":"if","locations":[{"start":{"line":165,"column":4},"end":{"line":171,"column":5}},{"start":{},"end":{}}],"line":165},"26":{"loc":{"start":{"line":174,"column":27},"end":{"line":174,"column":72}},"type":"binary-expr","locations":[{"start":{"line":174,"column":27},"end":{"line":174,"column":66}},{"start":{"line":174,"column":70},"end":{"line":174,"column":72}}],"line":174},"27":{"loc":{"start":{"line":175,"column":4},"end":{"line":181,"column":5}},"type":"if","locations":[{"start":{"line":175,"column":4},"end":{"line":181,"column":5}},{"start":{},"end":{}}],"line":175},"28":{"loc":{"start":{"line":185,"column":16},"end":{"line":185,"column":69}},"type":"binary-expr","locations":[{"start":{"line":185,"column":16},"end":{"line":185,"column":54}},{"start":{"line":185,"column":58},"end":{"line":185,"column":69}}],"line":185},"29":{"loc":{"start":{"line":187,"column":4},"end":{"line":193,"column":5}},"type":"if","locations":[{"start":{"line":187,"column":4},"end":{"line":193,"column":5}},{"start":{},"end":{}}],"line":187},"30":{"loc":{"start":{"line":212,"column":6},"end":{"line":219,"column":7}},"type":"if","locations":[{"start":{"line":212,"column":6},"end":{"line":219,"column":7}},{"start":{},"end":{}}],"line":212},"31":{"loc":{"start":{"line":214,"column":17},"end":{"line":214,"column":91}},"type":"binary-expr","locations":[{"start":{"line":214,"column":17},"end":{"line":214,"column":43}},{"start":{"line":214,"column":47},"end":{"line":214,"column":91}}],"line":214},"32":{"loc":{"start":{"line":216,"column":8},"end":{"line":218,"column":9}},"type":"if","locations":[{"start":{"line":216,"column":8},"end":{"line":218,"column":9}},{"start":{},"end":{}}],"line":216},"33":{"loc":{"start":{"line":225,"column":15},"end":{"line":225,"column":89}},"type":"binary-expr","locations":[{"start":{"line":225,"column":15},"end":{"line":225,"column":41}},{"start":{"line":225,"column":45},"end":{"line":225,"column":89}}],"line":225},"34":{"loc":{"start":{"line":227,"column":6},"end":{"line":229,"column":7}},"type":"if","locations":[{"start":{"line":227,"column":6},"end":{"line":229,"column":7}},{"start":{},"end":{}}],"line":227},"35":{"loc":{"start":{"line":227,"column":10},"end":{"line":227,"column":59}},"type":"binary-expr","locations":[{"start":{"line":227,"column":10},"end":{"line":227,"column":16}},{"start":{"line":227,"column":20},"end":{"line":227,"column":59}}],"line":227},"36":{"loc":{"start":{"line":233,"column":4},"end":{"line":239,"column":5}},"type":"if","locations":[{"start":{"line":233,"column":4},"end":{"line":239,"column":5}},{"start":{},"end":{}}],"line":233},"37":{"loc":{"start":{"line":236,"column":10},"end":{"line":236,"column":43}},"type":"cond-expr","locations":[{"start":{"line":236,"column":27},"end":{"line":236,"column":39}},{"start":{"line":236,"column":42},"end":{"line":236,"column":43}}],"line":236}},"s":{"0":2,"1":2,"2":2,"3":17,"4":17,"5":17,"6":17,"7":17,"8":17,"9":1,"10":16,"11":16,"12":16,"13":20,"14":0,"15":0,"16":0,"17":16,"18":0,"19":16,"20":16,"21":16,"22":1,"23":15,"24":15,"25":0,"26":15,"27":3,"28":12,"29":12,"30":6,"31":6,"32":0,"33":6,"34":0,"35":6,"36":8,"37":0,"38":6,"39":6,"40":6,"41":6,"42":0,"43":6,"44":0,"45":6,"46":8,"47":0,"48":6,"49":8,"50":0,"51":6,"52":0,"53":6,"54":0,"55":6,"56":6,"57":0,"58":6,"59":12,"60":6,"61":0,"62":6,"63":6,"64":6,"65":8,"66":6,"67":6,"68":6,"69":6,"70":1,"71":1,"72":1,"73":1,"74":2,"75":6,"76":8,"77":11,"78":8,"79":4,"80":6,"81":1,"82":2,"83":5,"84":6,"85":6,"86":0,"87":0},"f":{"0":17,"1":20,"2":0,"3":8,"4":8,"5":8,"6":12,"7":8,"8":6,"9":1,"10":2,"11":8,"12":11,"13":2,"14":5},"b":{"0":[17,0],"1":[1,16],"2":[17,1],"3":[16,0],"4":[0,0],"5":[0,16],"6":[1,15],"7":[16,16],"8":[0,15],"9":[15,15,15],"10":[3,12],"11":[6,6],"12":[0,6],"13":[6,6,6],"14":[0,6],"15":[0,6],"16":[6,6,6],"17":[8,8],"18":[0,6],"19":[0,6],"20":[0,6],"21":[6,6,6],"22":[8,8],"23":[0,6],"24":[0,6],"25":[0,6],"26":[6,0],"27":[0,6],"28":[12,5],"29":[0,6],"30":[1,5],"31":[1,1],"32":[1,0],"33":[11,11],"34":[4,4],"35":[8,8],"36":[1,5],"37":[1,4]},"_coverageSchema":"1a1c01bbd47fc00a2c39e90264f33305004495a9","hash":"e044520ec12838f723be6e4dfc608211443c2df8"}
,"/home/bts/Desktop/prompt-history/APIrest/controllers/student/utils.js": {"path":"/home/bts/Desktop/prompt-history/APIrest/controllers/student/utils.js","statementMap":{"0":{"start":{"line":1,"column":11},"end":{"line":1,"column":24}},"1":{"start":{"line":2,"column":13},"end":{"line":2,"column":28}},"2":{"start":{"line":3,"column":12},"end":{"line":3,"column":26}},"3":{"start":{"line":4,"column":12},"end":{"line":4,"column":21}},"4":{"start":{"line":5,"column":0},"end":{"line":5,"column":28}},"5":{"start":{"line":6,"column":23},"end":{"line":6,"column":38}},"6":{"start":{"line":8,"column":17},"end":{"line":8,"column":51}},"7":{"start":{"line":9,"column":21},"end":{"line":9,"column":51}},"8":{"start":{"line":10,"column":20},"end":{"line":10,"column":55}},"9":{"start":{"line":12,"column":19},"end":{"line":12,"column":47}},"10":{"start":{"line":15,"column":2},"end":{"line":15,"column":59}},"11":{"start":{"line":19,"column":2},"end":{"line":19,"column":64}},"12":{"start":{"line":23,"column":2},"end":{"line":28,"column":3}},"13":{"start":{"line":24,"column":17},"end":{"line":24,"column":53}},"14":{"start":{"line":25,"column":4},"end":{"line":25,"column":28}},"15":{"start":{"line":27,"column":4},"end":{"line":27,"column":14}},"16":{"start":{"line":32,"column":2},"end":{"line":32,"column":63}},"17":{"start":{"line":36,"column":2},"end":{"line":36,"column":85}},"18":{"start":{"line":36,"column":36},"end":{"line":36,"column":58}},"19":{"start":{"line":40,"column":2},"end":{"line":40,"column":46}},"20":{"start":{"line":40,"column":36},"end":{"line":40,"column":46}},"21":{"start":{"line":41,"column":2},"end":{"line":41,"column":52}},"22":{"start":{"line":41,"column":35},"end":{"line":41,"column":52}},"23":{"start":{"line":42,"column":18},"end":{"line":50,"column":3}},"24":{"start":{"line":44,"column":6},"end":{"line":49,"column":7}},"25":{"start":{"line":46,"column":10},"end":{"line":48,"column":62}},"26":{"start":{"line":51,"column":2},"end":{"line":51,"column":17}},"27":{"start":{"line":54,"column":22},"end":{"line":67,"column":1}},"28":{"start":{"line":69,"column":24},"end":{"line":69,"column":50}},"29":{"start":{"line":73,"column":16},"end":{"line":73,"column":40}},"30":{"start":{"line":74,"column":2},"end":{"line":76,"column":3}},"31":{"start":{"line":75,"column":4},"end":{"line":75,"column":77}},"32":{"start":{"line":79,"column":2},"end":{"line":87,"column":3}},"33":{"start":{"line":82,"column":8},"end":{"line":83,"column":26}},"34":{"start":{"line":86,"column":4},"end":{"line":86,"column":65}},"35":{"start":{"line":90,"column":2},"end":{"line":92,"column":3}},"36":{"start":{"line":91,"column":4},"end":{"line":91,"column":76}},"37":{"start":{"line":95,"column":2},"end":{"line":97,"column":3}},"38":{"start":{"line":95,"column":32},"end":{"line":95,"column":72}},"39":{"start":{"line":96,"column":4},"end":{"line":96,"column":78}},"40":{"start":{"line":100,"column":18},"end":{"line":100,"column":65}},"41":{"start":{"line":101,"column":2},"end":{"line":103,"column":3}},"42":{"start":{"line":102,"column":4},"end":{"line":102,"column":83}},"43":{"start":{"line":105,"column":2},"end":{"line":105,"column":25}},"44":{"start":{"line":108,"column":0},"end":{"line":118,"column":2}}},"fnMap":{"0":{"name":"ReadData","decl":{"start":{"line":14,"column":9},"end":{"line":14,"column":17}},"loc":{"start":{"line":14,"column":20},"end":{"line":16,"column":1}},"line":14},"1":{"name":"WriteData","decl":{"start":{"line":18,"column":9},"end":{"line":18,"column":18}},"loc":{"start":{"line":18,"column":25},"end":{"line":20,"column":1}},"line":18},"2":{"name":"readCourses","decl":{"start":{"line":22,"column":9},"end":{"line":22,"column":20}},"loc":{"start":{"line":22,"column":23},"end":{"line":29,"column":1}},"line":22},"3":{"name":"writeCourses","decl":{"start":{"line":31,"column":9},"end":{"line":31,"column":21}},"loc":{"start":{"line":31,"column":28},"end":{"line":33,"column":1}},"line":31},"4":{"name":"hasDuplicateCourses","decl":{"start":{"line":35,"column":9},"end":{"line":35,"column":28}},"loc":{"start":{"line":35,"column":38},"end":{"line":37,"column":1}},"line":35},"5":{"name":"(anonymous_5)","decl":{"start":{"line":36,"column":29},"end":{"line":36,"column":30}},"loc":{"start":{"line":36,"column":36},"end":{"line":36,"column":58}},"line":36},"6":{"name":"checkCoursesExist","decl":{"start":{"line":39,"column":9},"end":{"line":39,"column":26}},"loc":{"start":{"line":39,"column":54},"end":{"line":52,"column":1}},"line":39},"7":{"name":"(anonymous_7)","decl":{"start":{"line":43,"column":4},"end":{"line":43,"column":5}},"loc":{"start":{"line":44,"column":6},"end":{"line":49,"column":7}},"line":44},"8":{"name":"(anonymous_8)","decl":{"start":{"line":45,"column":8},"end":{"line":45,"column":9}},"loc":{"start":{"line":46,"column":10},"end":{"line":48,"column":62}},"line":46},"9":{"name":"validateStudentData","decl":{"start":{"line":71,"column":9},"end":{"line":71,"column":28}},"loc":{"start":{"line":71,"column":79},"end":{"line":106,"column":1}},"line":71},"10":{"name":"(anonymous_10)","decl":{"start":{"line":81,"column":6},"end":{"line":81,"column":7}},"loc":{"start":{"line":82,"column":8},"end":{"line":83,"column":26}},"line":82},"11":{"name":"(anonymous_11)","decl":{"start":{"line":95,"column":27},"end":{"line":95,"column":28}},"loc":{"start":{"line":95,"column":32},"end":{"line":95,"column":72}},"line":95}},"branchMap":{"0":{"loc":{"start":{"line":40,"column":2},"end":{"line":40,"column":46}},"type":"if","locations":[{"start":{"line":40,"column":2},"end":{"line":40,"column":46}},{"start":{},"end":{}}],"line":40},"1":{"loc":{"start":{"line":41,"column":2},"end":{"line":41,"column":52}},"type":"if","locations":[{"start":{"line":41,"column":2},"end":{"line":41,"column":52}},{"start":{},"end":{}}],"line":41},"2":{"loc":{"start":{"line":46,"column":10},"end":{"line":48,"column":62}},"type":"binary-expr","locations":[{"start":{"line":46,"column":10},"end":{"line":46,"column":16}},{"start":{"line":47,"column":10},"end":{"line":47,"column":41}},{"start":{"line":48,"column":10},"end":{"line":48,"column":62}}],"line":46},"3":{"loc":{"start":{"line":71,"column":61},"end":{"line":71,"column":77}},"type":"default-arg","locations":[{"start":{"line":71,"column":73},"end":{"line":71,"column":77}}],"line":71},"4":{"loc":{"start":{"line":74,"column":2},"end":{"line":76,"column":3}},"type":"if","locations":[{"start":{"line":74,"column":2},"end":{"line":76,"column":3}},{"start":{},"end":{}}],"line":74},"5":{"loc":{"start":{"line":79,"column":2},"end":{"line":87,"column":3}},"type":"if","locations":[{"start":{"line":79,"column":2},"end":{"line":87,"column":3}},{"start":{},"end":{}}],"line":79},"6":{"loc":{"start":{"line":82,"column":8},"end":{"line":83,"column":26}},"type":"binary-expr","locations":[{"start":{"line":82,"column":8},"end":{"line":82,"column":68}},{"start":{"line":83,"column":8},"end":{"line":83,"column":26}}],"line":82},"7":{"loc":{"start":{"line":90,"column":2},"end":{"line":92,"column":3}},"type":"if","locations":[{"start":{"line":90,"column":2},"end":{"line":92,"column":3}},{"start":{},"end":{}}],"line":90},"8":{"loc":{"start":{"line":95,"column":2},"end":{"line":97,"column":3}},"type":"if","locations":[{"start":{"line":95,"column":2},"end":{"line":97,"column":3}},{"start":{},"end":{}}],"line":95},"9":{"loc":{"start":{"line":95,"column":32},"end":{"line":95,"column":72}},"type":"binary-expr","locations":[{"start":{"line":95,"column":32},"end":{"line":95,"column":53}},{"start":{"line":95,"column":57},"end":{"line":95,"column":72}}],"line":95},"10":{"loc":{"start":{"line":101,"column":2},"end":{"line":103,"column":3}},"type":"if","locations":[{"start":{"line":101,"column":2},"end":{"line":103,"column":3}},{"start":{},"end":{}}],"line":101}},"s":{"0":3,"1":3,"2":3,"3":3,"4":3,"5":3,"6":3,"7":3,"8":3,"9":3,"10":40,"11":10,"12":28,"13":28,"14":28,"15":0,"16":8,"17":23,"18":33,"19":21,"20":0,"21":21,"22":0,"23":21,"24":29,"25":41,"26":21,"27":3,"28":3,"29":27,"30":27,"31":11,"32":16,"33":25,"34":2,"35":14,"36":1,"37":13,"38":17,"39":1,"40":12,"41":12,"42":2,"43":10,"44":3},"f":{"0":40,"1":10,"2":28,"3":8,"4":23,"5":33,"6":21,"7":29,"8":41,"9":27,"10":25,"11":17},"b":{"0":[0,21],"1":[0,21],"2":[41,41,41],"3":[15],"4":[11,16],"5":[2,14],"6":[25,10],"7":[1,13],"8":[1,12],"9":[17,17],"10":[2,10]},"_coverageSchema":"1a1c01bbd47fc00a2c39e90264f33305004495a9","hash":"4d572b100d0cf21a9d0a27465bfb31f0115dd027"}
,"/home/bts/Desktop/prompt-history/APIrest/routes/courseRoutes.js": {"path":"/home/bts/Desktop/prompt-history/APIrest/routes/courseRoutes.js","statementMap":{"0":{"start":{"line":1,"column":16},"end":{"line":1,"column":34}},"1":{"start":{"line":2,"column":15},"end":{"line":2,"column":31}},"2":{"start":{"line":3,"column":25},"end":{"line":3,"column":67}},"3":{"start":{"line":6,"column":0},"end":{"line":6,"column":48}},"4":{"start":{"line":9,"column":0},"end":{"line":9,"column":48}},"5":{"start":{"line":12,"column":0},"end":{"line":12,"column":50}},"6":{"start":{"line":14,"column":0},"end":{"line":14,"column":24}}},"fnMap":{},"branchMap":{},"s":{"0":2,"1":2,"2":2,"3":2,"4":2,"5":2,"6":2},"f":{},"b":{},"_coverageSchema":"1a1c01bbd47fc00a2c39e90264f33305004495a9","hash":"9c9f77f7d5df5b1c469243450ce6251e08cfb1df"}
,"/home/bts/Desktop/prompt-history/APIrest/routes/studentRoutes.js": {"path":"/home/bts/Desktop/prompt-history/APIrest/routes/studentRoutes.js","statementMap":{"0":{"start":{"line":1,"column":16},"end":{"line":1,"column":34}},"1":{"start":{"line":2,"column":15},"end":{"line":2,"column":31}},"2":{"start":{"line":3,"column":26},"end":{"line":3,"column":59}},"3":{"start":{"line":6,"column":0},"end":{"line":6,"column":47}},"4":{"start":{"line":9,"column":0},"end":{"line":9,"column":50}},"5":{"start":{"line":12,"column":0},"end":{"line":12,"column":49}},"6":{"start":{"line":13,"column":0},"end":{"line":13,"column":50}},"7":{"start":{"line":16,"column":0},"end":{"line":16,"column":52}},"8":{"start":{"line":19,"column":0},"end":{"line":19,"column":24}}},"fnMap":{},"branchMap":{},"s":{"0":2,"1":2,"2":2,"3":2,"4":2,"5":2,"6":2,"7":2,"8":2},"f":{},"b":{},"_coverageSchema":"1a1c01bbd47fc00a2c39e90264f33305004495a9","hash":"5b150d3c3d10b73db777bc64beedf13936270d06"}
}
