TN:
SF:APIrest/app.js
FN:15,(anonymous_0)
FN:20,(anonymous_1)
FN:32,(anonymous_2)
FN:40,(anonymous_3)
FNF:4
FNH:3
FNDA:1,(anonymous_0)
FNDA:0,(anonymous_1)
FNDA:5,(anonymous_2)
FNDA:2,(anonymous_3)
DA:1,2
DA:2,2
DA:3,2
DA:4,2
DA:5,2
DA:6,2
DA:7,2
DA:10,2
DA:11,2
DA:12,2
DA:13,2
DA:15,2
DA:16,1
DA:20,2
DA:21,0
DA:22,0
DA:28,0
DA:32,2
DA:33,5
DA:40,2
DA:41,2
DA:46,2
LF:22
LH:19
BRDA:21,0,0,0
BRDA:21,0,1,0
BRDA:21,1,0,0
BRDA:21,1,1,0
BRDA:21,1,2,0
BRF:5
BRH:0
end_of_record
TN:
SF:APIrest/controllers/courseController.js
FN:8,readData
FN:18,writeData
FN:23,getAllCourses
FN:28,(anonymous_3)
FN:45,createCourse
FN:58,(anonymous_5)
FN:70,deleteCourse
FN:84,(anonymous_7)
FN:96,(anonymous_8)
FN:110,validateStudent
FN:111,(anonymous_10)
FNF:11
FNH:9
FNDA:8,readData
FNDA:3,writeData
FNDA:3,getAllCourses
FNDA:3,(anonymous_3)
FNDA:8,createCourse
FNDA:3,(anonymous_5)
FNDA:4,deleteCourse
FNDA:3,(anonymous_7)
FNDA:3,(anonymous_8)
FNDA:0,validateStudent
FNDA:0,(anonymous_10)
DA:1,2
DA:2,2
DA:4,2
DA:5,2
DA:6,2
DA:9,8
DA:10,8
DA:11,8
DA:12,8
DA:14,0
DA:19,3
DA:24,3
DA:25,3
DA:26,3
DA:27,3
DA:28,3
DA:29,2
DA:30,1
DA:32,1
DA:34,1
DA:36,0
DA:46,8
DA:47,8
DA:48,4
DA:52,4
DA:53,2
DA:57,2
DA:58,3
DA:59,1
DA:63,1
DA:64,1
DA:65,1
DA:66,1
DA:71,4
DA:72,4
DA:73,1
DA:78,3
DA:79,1
DA:83,2
DA:84,3
DA:85,2
DA:86,1
DA:88,1
DA:89,1
DA:92,1
DA:93,1
DA:94,2
DA:95,2
DA:96,3
DA:100,1
DA:102,1
DA:111,0
DA:112,0
DA:113,0
DA:115,0
DA:118,2
LF:56
LH:50
BRDA:8,0,0,0
BRDA:10,1,0,0
BRDA:10,1,1,8
BRDA:27,2,0,2
BRDA:27,2,1,1
BRDA:29,3,0,1
BRDA:29,3,1,1
BRDA:46,4,0,8
BRDA:46,4,1,2
BRDA:47,5,0,4
BRDA:47,5,1,4
BRDA:47,6,0,8
BRDA:47,6,1,6
BRDA:47,6,2,5
BRDA:52,7,0,2
BRDA:52,7,1,2
BRDA:58,8,0,1
BRDA:58,8,1,1
BRDA:72,9,0,1
BRDA:72,9,1,3
BRDA:72,10,0,4
BRDA:72,10,1,3
BRDA:72,10,2,3
BRDA:78,11,0,1
BRDA:78,11,1,2
BRDA:85,12,0,1
BRDA:85,12,1,1
BRDA:94,13,0,2
BRDA:94,13,1,0
BRDA:112,14,0,0
BRDA:112,14,1,0
BRF:31
BRH:26
end_of_record
TN:
SF:APIrest/controllers/student/delete.js
FN:3,(anonymous_0)
FN:16,(anonymous_1)
FN:30,(anonymous_2)
FNF:3
FNH:2
FNDA:8,(anonymous_0)
FNDA:0,(anonymous_1)
FNDA:3,(anonymous_2)
DA:1,2
DA:3,2
DA:4,8
DA:5,8
DA:6,4
DA:12,4
DA:13,4
DA:15,4
DA:16,2
DA:17,2
DA:18,2
DA:21,0
DA:22,0
DA:24,0
DA:29,2
DA:30,3
DA:31,2
DA:32,1
DA:35,1
DA:36,1
DA:38,1
DA:45,0
LF:22
LH:18
BRDA:5,0,0,4
BRDA:5,0,1,4
BRDA:5,1,0,8
BRDA:5,1,1,6
BRDA:15,2,0,2
BRDA:15,2,1,2
BRDA:17,3,0,2
BRDA:17,3,1,0
BRDA:29,4,0,2
BRDA:29,4,1,0
BRDA:31,5,0,1
BRDA:31,5,1,1
BRF:12
BRH:10
end_of_record
TN:
SF:APIrest/controllers/student/get.js
FN:3,(anonymous_0)
FN:35,(anonymous_1)
FN:38,(anonymous_2)
FN:44,(anonymous_3)
FN:48,(anonymous_4)
FN:50,(anonymous_5)
FNF:6
FNH:5
FNDA:8,(anonymous_0)
FNDA:2,(anonymous_1)
FNDA:0,(anonymous_2)
FNDA:2,(anonymous_3)
FNDA:2,(anonymous_4)
FNDA:3,(anonymous_5)
DA:1,2
DA:3,2
DA:4,8
DA:5,8
DA:8,8
DA:9,1
DA:16,7
DA:17,1
DA:24,6
DA:25,1
DA:32,5
DA:34,5
DA:35,2
DA:37,5
DA:38,0
DA:39,0
DA:42,5
DA:43,2
DA:44,2
DA:47,5
DA:48,1
DA:49,2
DA:50,3
DA:55,5
DA:56,2
DA:57,1
DA:63,1
DA:70,3
DA:71,1
DA:78,2
LF:30
LH:28
BRDA:8,0,0,1
BRDA:8,0,1,7
BRDA:8,1,0,8
BRDA:8,1,1,3
BRDA:16,2,0,1
BRDA:16,2,1,6
BRDA:16,3,0,7
BRDA:16,3,1,2
BRDA:24,4,0,1
BRDA:24,4,1,5
BRDA:24,5,0,6
BRDA:24,5,1,1
BRDA:34,6,0,1
BRDA:34,6,1,4
BRDA:37,7,0,0
BRDA:37,7,1,5
BRDA:42,8,0,2
BRDA:42,8,1,3
BRDA:47,9,0,1
BRDA:47,9,1,4
BRDA:55,10,0,2
BRDA:55,10,1,3
BRDA:56,11,0,1
BRDA:56,11,1,1
BRDA:70,12,0,1
BRDA:70,12,1,2
BRF:26
BRH:25
end_of_record
TN:
SF:APIrest/controllers/student/index.js
FNF:0
FNH:0
DA:1,2
LF:1
LH:1
BRF:0
BRH:0
end_of_record
TN:
SF:APIrest/controllers/student/patch.js
FN:13,(anonymous_0)
FN:29,(anonymous_1)
FN:32,(anonymous_2)
FN:68,(anonymous_3)
FN:113,(anonymous_4)
FN:125,(anonymous_5)
FN:126,(anonymous_6)
FN:138,(anonymous_7)
FN:163,(anonymous_8)
FN:167,(anonymous_9)
FN:172,(anonymous_10)
FNF:11
FNH:10
FNDA:7,(anonymous_0)
FNDA:5,(anonymous_1)
FNDA:0,(anonymous_2)
FNDA:6,(anonymous_3)
FNDA:4,(anonymous_4)
FNDA:2,(anonymous_5)
FNDA:3,(anonymous_6)
FNDA:2,(anonymous_7)
FNDA:3,(anonymous_8)
FNDA:2,(anonymous_9)
FNDA:1,(anonymous_10)
DA:9,2
DA:11,2
DA:13,2
DA:14,7
DA:15,7
DA:16,1
DA:22,6
DA:23,6
DA:24,6
DA:27,6
DA:28,6
DA:29,6
DA:30,0
DA:31,0
DA:32,0
DA:36,6
DA:37,1
DA:44,5
DA:45,5
DA:47,5
DA:48,0
DA:55,5
DA:56,0
DA:63,5
DA:66,5
DA:67,5
DA:68,6
DA:70,5
DA:71,0
DA:79,5
DA:80,1
DA:81,0
DA:87,1
DA:88,0
DA:94,1
DA:98,5
DA:99,2
DA:104,0
DA:111,2
DA:114,4
DA:118,1
DA:125,1
DA:126,2
DA:127,3
DA:130,1
DA:134,4
DA:135,3
DA:138,2
DA:140,2
DA:146,1
DA:147,0
DA:153,1
DA:154,1
DA:155,0
DA:162,1
DA:163,3
DA:166,1
DA:167,2
DA:168,1
DA:169,1
DA:172,1
DA:173,1
DA:177,2
DA:179,2
DA:185,0
LF:65
LH:53
BRDA:15,0,0,1
BRDA:15,0,1,6
BRDA:15,1,0,7
BRDA:15,1,1,1
BRDA:28,2,0,6
BRDA:28,2,1,0
BRDA:30,3,0,0
BRDA:30,3,1,0
BRDA:36,4,0,1
BRDA:36,4,1,5
BRDA:47,5,0,0
BRDA:47,5,1,5
BRDA:47,6,0,5
BRDA:47,6,1,5
BRDA:55,7,0,0
BRDA:55,7,1,5
BRDA:55,8,0,5
BRDA:55,8,1,5
BRDA:70,9,0,0
BRDA:70,9,1,5
BRDA:79,10,0,1
BRDA:79,10,1,4
BRDA:80,11,0,0
BRDA:80,11,1,1
BRDA:80,12,0,1
BRDA:80,12,1,1
BRDA:87,13,0,0
BRDA:87,13,1,1
BRDA:98,14,0,2
BRDA:98,14,1,3
BRDA:99,15,0,0
BRDA:99,15,1,2
BRDA:100,16,0,2
BRDA:100,16,1,2
BRDA:100,16,2,2
BRDA:111,17,0,1
BRDA:111,17,1,1
BRDA:114,18,0,4
BRDA:114,18,1,1
BRDA:127,19,0,1
BRDA:127,19,1,2
BRDA:134,20,0,3
BRDA:134,20,1,1
BRDA:135,21,0,2
BRDA:135,21,1,1
BRDA:136,22,0,3
BRDA:136,22,1,2
BRDA:136,22,2,2
BRDA:138,23,0,2
BRDA:138,23,1,2
BRDA:146,24,0,0
BRDA:146,24,1,1
BRDA:154,25,0,0
BRDA:154,25,1,1
BRDA:154,26,0,1
BRDA:154,26,1,1
BRDA:168,27,0,1
BRDA:168,27,1,0
BRDA:168,28,0,1
BRDA:168,28,1,1
BRF:60
BRH:48
end_of_record
TN:
SF:APIrest/controllers/student/post.js
FN:15,(anonymous_0)
FN:52,(anonymous_1)
FN:59,(anonymous_2)
FNF:3
FNH:3
FNDA:6,(anonymous_0)
FNDA:1,(anonymous_1)
FNDA:1,(anonymous_2)
DA:11,2
DA:13,2
DA:15,2
DA:16,6
DA:17,6
DA:18,1
DA:24,5
DA:25,0
DA:32,5
DA:34,5
DA:35,5
DA:38,5
DA:39,5
DA:40,4
DA:48,1
DA:52,1
DA:54,1
DA:55,1
DA:58,1
DA:59,1
DA:60,1
DA:61,1
DA:64,1
DA:66,1
DA:72,0
DA:73,0
LF:26
LH:23
BRDA:17,0,0,1
BRDA:17,0,1,5
BRDA:24,1,0,0
BRDA:24,1,1,5
BRDA:24,2,0,5
BRDA:24,2,1,5
BRDA:39,3,0,4
BRDA:39,3,1,1
BRDA:60,4,0,1
BRDA:60,4,1,0
BRDA:60,5,0,1
BRDA:60,5,1,1
BRF:12
BRH:10
end_of_record
TN:
SF:APIrest/controllers/student/put.js
FN:15,(anonymous_0)
FN:32,(anonymous_1)
FN:34,(anonymous_2)
FN:106,(anonymous_3)
FN:138,(anonymous_4)
FN:147,(anonymous_5)
FN:185,(anonymous_6)
FN:204,(anonymous_7)
FN:211,(anonymous_8)
FN:214,(anonymous_9)
FN:217,(anonymous_10)
FN:223,(anonymous_11)
FN:225,(anonymous_12)
FN:234,(anonymous_13)
FN:235,(anonymous_14)
FNF:15
FNH:14
FNDA:17,(anonymous_0)
FNDA:20,(anonymous_1)
FNDA:0,(anonymous_2)
FNDA:8,(anonymous_3)
FNDA:8,(anonymous_4)
FNDA:8,(anonymous_5)
FNDA:12,(anonymous_6)
FNDA:8,(anonymous_7)
FNDA:6,(anonymous_8)
FNDA:1,(anonymous_9)
FNDA:2,(anonymous_10)
FNDA:8,(anonymous_11)
FNDA:11,(anonymous_12)
FNDA:2,(anonymous_13)
FNDA:5,(anonymous_14)
DA:10,2
DA:12,2
DA:15,2
DA:16,17
DA:17,17
DA:18,17
DA:19,17
DA:20,17
DA:22,17
DA:23,1
DA:30,16
DA:31,16
DA:32,20
DA:33,0
DA:34,0
DA:37,16
DA:38,0
DA:43,16
DA:45,16
DA:47,16
DA:48,1
DA:55,15
DA:58,15
DA:59,0
DA:65,15
DA:66,3
DA:72,12
DA:78,12
DA:79,6
DA:87,6
DA:88,0
DA:94,6
DA:95,0
DA:103,6
DA:106,8
DA:108,0
DA:115,6
DA:116,6
DA:117,6
DA:119,6
DA:120,0
DA:127,6
DA:128,0
DA:135,6
DA:138,8
DA:140,0
DA:147,8
DA:148,0
DA:156,6
DA:157,0
DA:165,6
DA:166,0
DA:174,6
DA:175,6
DA:176,0
DA:184,6
DA:185,12
DA:187,6
DA:188,0
DA:196,6
DA:197,6
DA:200,6
DA:204,8
DA:206,6
DA:208,6
DA:211,6
DA:212,6
DA:213,1
DA:214,1
DA:216,1
DA:217,2
DA:223,6
DA:224,8
DA:225,11
DA:227,8
DA:228,4
DA:233,6
DA:234,1
DA:235,2
DA:236,5
DA:241,6
DA:243,6
DA:249,0
DA:250,0
LF:84
LH:67
BRDA:19,0,0,17
BRDA:19,0,1,0
BRDA:22,1,0,1
BRDA:22,1,1,16
BRDA:22,2,0,17
BRDA:22,2,1,1
BRDA:31,3,0,16
BRDA:31,3,1,0
BRDA:33,4,0,0
BRDA:33,4,1,0
BRDA:37,5,0,0
BRDA:37,5,1,16
BRDA:47,6,0,1
BRDA:47,6,1,15
BRDA:47,7,0,16
BRDA:47,7,1,16
BRDA:58,8,0,0
BRDA:58,8,1,15
BRDA:58,9,0,15
BRDA:58,9,1,15
BRDA:58,9,2,15
BRDA:65,10,0,3
BRDA:65,10,1,12
BRDA:78,11,0,6
BRDA:78,11,1,6
BRDA:87,12,0,0
BRDA:87,12,1,6
BRDA:87,13,0,6
BRDA:87,13,1,6
BRDA:87,13,2,6
BRDA:94,14,0,0
BRDA:94,14,1,6
BRDA:103,15,0,0
BRDA:103,15,1,6
BRDA:104,16,0,6
BRDA:104,16,1,6
BRDA:104,16,2,6
BRDA:106,17,0,8
BRDA:106,17,1,8
BRDA:119,18,0,0
BRDA:119,18,1,6
BRDA:127,19,0,0
BRDA:127,19,1,6
BRDA:135,20,0,0
BRDA:135,20,1,6
BRDA:136,21,0,6
BRDA:136,21,1,6
BRDA:136,21,2,6
BRDA:138,22,0,8
BRDA:138,22,1,8
BRDA:147,23,0,0
BRDA:147,23,1,6
BRDA:156,24,0,0
BRDA:156,24,1,6
BRDA:165,25,0,0
BRDA:165,25,1,6
BRDA:174,26,0,6
BRDA:174,26,1,0
BRDA:175,27,0,0
BRDA:175,27,1,6
BRDA:185,28,0,12
BRDA:185,28,1,5
BRDA:187,29,0,0
BRDA:187,29,1,6
BRDA:212,30,0,1
BRDA:212,30,1,5
BRDA:214,31,0,1
BRDA:214,31,1,1
BRDA:216,32,0,1
BRDA:216,32,1,0
BRDA:225,33,0,11
BRDA:225,33,1,11
BRDA:227,34,0,4
BRDA:227,34,1,4
BRDA:227,35,0,8
BRDA:227,35,1,8
BRDA:233,36,0,1
BRDA:233,36,1,5
BRDA:236,37,0,1
BRDA:236,37,1,4
BRF:80
BRH:61
end_of_record
TN:
SF:APIrest/controllers/student/utils.js
FN:14,ReadData
FN:18,WriteData
FN:22,readCourses
FN:31,writeCourses
FN:35,hasDuplicateCourses
FN:36,(anonymous_5)
FN:39,checkCoursesExist
FN:43,(anonymous_7)
FN:45,(anonymous_8)
FN:71,validateStudentData
FN:81,(anonymous_10)
FN:95,(anonymous_11)
FNF:12
FNH:12
FNDA:40,ReadData
FNDA:10,WriteData
FNDA:28,readCourses
FNDA:8,writeCourses
FNDA:23,hasDuplicateCourses
FNDA:33,(anonymous_5)
FNDA:21,checkCoursesExist
FNDA:29,(anonymous_7)
FNDA:41,(anonymous_8)
FNDA:27,validateStudentData
FNDA:25,(anonymous_10)
FNDA:17,(anonymous_11)
DA:1,3
DA:2,3
DA:3,3
DA:4,3
DA:5,3
DA:6,3
DA:8,3
DA:9,3
DA:10,3
DA:12,3
DA:15,40
DA:19,10
DA:23,28
DA:24,28
DA:25,28
DA:27,0
DA:32,8
DA:36,33
DA:40,21
DA:41,21
DA:42,21
DA:44,29
DA:46,41
DA:51,21
DA:54,3
DA:69,3
DA:73,27
DA:74,27
DA:75,11
DA:79,16
DA:82,25
DA:86,2
DA:90,14
DA:91,1
DA:95,17
DA:96,1
DA:100,12
DA:101,12
DA:102,2
DA:105,10
DA:108,3
LF:41
LH:40
BRDA:40,0,0,0
BRDA:40,0,1,21
BRDA:41,1,0,0
BRDA:41,1,1,21
BRDA:46,2,0,41
BRDA:46,2,1,41
BRDA:46,2,2,41
BRDA:71,3,0,15
BRDA:74,4,0,11
BRDA:74,4,1,16
BRDA:79,5,0,2
BRDA:79,5,1,14
BRDA:82,6,0,25
BRDA:82,6,1,10
BRDA:90,7,0,1
BRDA:90,7,1,13
BRDA:95,8,0,1
BRDA:95,8,1,12
BRDA:95,9,0,17
BRDA:95,9,1,17
BRDA:101,10,0,2
BRDA:101,10,1,10
BRF:22
BRH:20
end_of_record
TN:
SF:APIrest/routes/courseRoutes.js
FNF:0
FNH:0
DA:1,2
DA:2,2
DA:3,2
DA:6,2
DA:9,2
DA:12,2
DA:14,2
LF:7
LH:7
BRF:0
BRH:0
end_of_record
TN:
SF:APIrest/routes/studentRoutes.js
FNF:0
FNH:0
DA:1,2
DA:2,2
DA:3,2
DA:6,2
DA:9,2
DA:12,2
DA:13,2
DA:16,2
DA:19,2
LF:9
LH:9
BRF:0
BRH:0
end_of_record
